#
# A fatal error has been detected by the Java Runtime Environment:
#
#  EXCEPTION_ACCESS_VIOLATION (0xc0000005) at pc=0x0000000061549a4e, pid=7384, tid=0x0000000000000ea4
#
# JRE version: Java(TM) SE Runtime Environment (8.0_261-b12) (build 1.8.0_261-b12)
# Java VM: Java HotSpot(TM) 64-Bit Server VM (25.261-b12 mixed mode windows-amd64 compressed oops)
# Problematic frame:
# V  [jvm.dll+0x169a4e]
#
# Failed to write core dump. Minidumps are not enabled by default on client versions of Windows
#
# If you would like to submit a bug report, please visit:
#   http://bugreport.java.com/bugreport/crash.jsp
#

---------------  T H R E A D  ---------------

Current thread (0x00000142e89bd000):  JavaThread "AWT-EventQueue-0" [_thread_in_vm, id=3748, stack(0x00000037cc900000,0x00000037cca00000)]

siginfo: ExceptionCode=0xc0000005, reading address 0x0000000000000000

Registers:
RAX=0x0000000000000000, RBX=0x00000142e89bd000, RCX=0x0000000000000d00, RDX=0x0000000000000000
RSP=0x00000037cc9f8040, RBP=0x00000142e89bd000, RSI=0x0000000000000000, RDI=0x00000037cc9f8200
R8 =0x00000037cc9f8238, R9 =0x0000000000000002, R10=0x0000000061b53d40, R11=0x0000000061619e30
R12=0x0000000000000000, R13=0x00000142ef147d28, R14=0x00000037cc9f8240, R15=0x0000000000000000
RIP=0x0000000061549a4e, EFLAGS=0x0000000000010246

Top of Stack: (sp=0x00000037cc9f8040)
0x00000037cc9f8040:   0000000000000000 00000142eef40000
0x00000037cc9f8050:   00000142e89bd000 0000000061536e4e
0x00000037cc9f8060:   00000037cc9f8238 00007fff67f9208a
0x00000037cc9f8070:   00000142ef147d28 00000037cc9f81e0
0x00000037cc9f8080:   00000142e89bd1f8 00007fff67f962e2
0x00000037cc9f8090:   00000142e8faa640 00000037cc9f8101
0x00000037cc9f80a0:   0000000000000002 0000000000000002
0x00000037cc9f80b0:   000000000000014f 00000142e87c7440
0x00000037cc9f80c0:   00000142e89bd000 00000000001b0401
0x00000037cc9f80d0:   0000014fcc9f8280 0000000000000000
0x00000037cc9f80e0:   00000142eef47220 00007fff85d25d21
0x00000037cc9f80f0:   00000142e89bd000 00000037cc9f8240
0x00000037cc9f8100:   00000142ef147d28 0000000000000000
0x00000037cc9f8110:   0000000000000001 0000000000200020
0x00000037cc9f8120:   00000142ef147d28 00000142d0049f4e
0x00000037cc9f8130:   0000000000000000 00000142eef47220 

Instructions: (pc=0x0000000061549a4e)
0x0000000061549a2e:   df 0d 00 c7 83 70 02 00 00 06 00 00 00 40 f6 c6
0x0000000061549a3e:   01 74 0d 48 8b ce e8 07 2f 0b 00 48 8b c8 eb 03
0x0000000061549a4e:   48 8b 0e 80 3d 70 c3 67 00 00 b8 10 00 00 00 ba
0x0000000061549a5e:   0c 00 00 00 0f 45 c2 8b 3c 08 c7 83 70 02 00 00 


Register to memory mapping:

RAX=0x0000000000000000 is an unknown value
RBX=0x00000142e89bd000 is a thread
RCX=0x0000000000000d00 is an unknown value
RDX=0x0000000000000000 is an unknown value
RSP=0x00000037cc9f8040 is pointing into the stack for thread: 0x00000142e89bd000
RBP=0x00000142e89bd000 is a thread
RSI=0x0000000000000000 is an unknown value
RDI=0x00000037cc9f8200 is pointing into the stack for thread: 0x00000142e89bd000
R8 =0x00000037cc9f8238 is pointing into the stack for thread: 0x00000142e89bd000
R9 =0x0000000000000002 is an unknown value
R10=0x0000000061b53d40 is an unknown value
R11=0x0000000061619e30 is an unknown value
R12=0x0000000000000000 is an unknown value
R13={method} {0x00000142ef147d30} 'DpfjIdentify' '([BII[[BIILcom/digitalpersona/uareu/jni/Dpfj$IntReference;[Lcom/digitalpersona/uareu/Engine$Candidate;)I' in 'com/digitalpersona/uareu/jni/Dpfj'
R14=0x00000037cc9f8240 is pointing into the stack for thread: 0x00000142e89bd000
R15=0x0000000000000000 is an unknown value


Stack: [0x00000037cc900000,0x00000037cca00000],  sp=0x00000037cc9f8040,  free space=992k
Native frames: (J=compiled Java code, j=interpreted, Vv=VM code, C=native code)
V  [jvm.dll+0x169a4e]
C  0x00007fff67f9208a
C  0x00000142d0049f4e

Java frames: (J=compiled Java code, j=interpreted, Vv=VM code)
j  com.digitalpersona.uareu.jni.Dpfj.DpfjIdentify([BII[[BIILcom/digitalpersona/uareu/jni/Dpfj$IntReference;[Lcom/digitalpersona/uareu/Engine$Candidate;)I+0
j  com.digitalpersona.uareu.jni.Dpfj.identify(Lcom/digitalpersona/uareu/Fmd;I[Lcom/digitalpersona/uareu/Fmd;II)[Lcom/digitalpersona/uareu/Engine$Candidate;+148
j  com.digitalpersona.uareu.dpfj.EngineImpl.Identify(Lcom/digitalpersona/uareu/Fmd;I[Lcom/digitalpersona/uareu/Fmd;II)[Lcom/digitalpersona/uareu/Engine$Candidate;+11
j  Ui.Enrollment.Verification.ProcessCaptureResult(LUi/Enrollment/CaptureThread$CaptureEvent;)Z+288
j  Ui.Enrollment.Verification.actionPerformed(Ljava/awt/event/ActionEvent;)V+227
j  Ui.Enrollment.CaptureThread$1.run()V+11
J 4022 C1 java.awt.event.InvocationEvent.dispatch()V (69 bytes) @ 0x00000142d04a0594 [0x00000142d04a0380+0x214]
J 3973 C1 java.awt.EventQueue.dispatchEventImpl(Ljava/awt/AWTEvent;Ljava/lang/Object;)V (149 bytes) @ 0x00000142d0290ec4 [0x00000142d028f400+0x1ac4]
J 3971 C1 java.awt.EventQueue$3.run()Ljava/lang/Void; (60 bytes) @ 0x00000142d049550c [0x00000142d0495300+0x20c]
J 3915 C1 java.awt.EventQueue$3.run()Ljava/lang/Object; (5 bytes) @ 0x00000142d06d8d0c [0x00000142d06d8c80+0x8c]
v  ~StubRoutines::call_stub
J 1496  java.security.AccessController.doPrivileged(Ljava/security/PrivilegedAction;Ljava/security/AccessControlContext;)Ljava/lang/Object; (0 bytes) @ 0x00000142d053f6a6 [0x00000142d053f640+0x66]
J 3913 C1 java.awt.EventQueue.dispatchEvent(Ljava/awt/AWTEvent;)V (80 bytes) @ 0x00000142d06d9f04 [0x00000142d06d9580+0x984]
J 3982 C1 java.awt.EventDispatchThread.pumpOneEventForFilters(I)V (190 bytes) @ 0x00000142d031a44c [0x00000142d0319300+0x114c]
j  java.awt.EventDispatchThread.pumpEventsForFilter(ILjava/awt/Conditional;Ljava/awt/EventFilter;)V+35
j  java.awt.EventDispatchThread.pumpEventsForFilter(Ljava/awt/Conditional;Ljava/awt/EventFilter;)V+4
j  java.awt.WaitDispatchSupport$2.run()V+59
j  java.awt.WaitDispatchSupport$4.run()Ljava/lang/Void;+4
j  java.awt.WaitDispatchSupport$4.run()Ljava/lang/Object;+1
v  ~StubRoutines::call_stub
J 563  java.security.AccessController.doPrivileged(Ljava/security/PrivilegedAction;)Ljava/lang/Object; (0 bytes) @ 0x00000142d02a7492 [0x00000142d02a7440+0x52]
j  java.awt.WaitDispatchSupport.enter()Z+325
j  java.awt.Dialog.show()V+233
j  java.awt.Component.show(Z)V+5
j  java.awt.Component.setVisible(Z)V+2
j  java.awt.Window.setVisible(Z)V+2
j  java.awt.Dialog.setVisible(Z)V+2
j  Ui.Enrollment.Verification.doModal(Ljavax/swing/JDialog;)V+75
j  Ui.Enrollment.Verification.Run(Lcom/digitalpersona/uareu/Reader;Lcom/digitalpersona/uareu/Fmd;)V+31
j  Ui.Enrollment.UareUSampleJava.actionPerformed(Ljava/awt/event/ActionEvent;)V+242
j  javax.swing.AbstractButton.fireActionPerformed(Ljava/awt/event/ActionEvent;)V+83
j  javax.swing.AbstractButton$Handler.actionPerformed(Ljava/awt/event/ActionEvent;)V+5
j  javax.swing.DefaultButtonModel.fireActionPerformed(Ljava/awt/event/ActionEvent;)V+34
j  javax.swing.DefaultButtonModel.setPressed(Z)V+117
j  javax.swing.plaf.basic.BasicButtonListener.mouseReleased(Ljava/awt/event/MouseEvent;)V+35
j  java.awt.Component.processMouseEvent(Ljava/awt/event/MouseEvent;)V+64
j  javax.swing.JComponent.processMouseEvent(Ljava/awt/event/MouseEvent;)V+23
J 4108 C1 java.awt.Component.processEvent(Ljava/awt/AWTEvent;)V (220 bytes) @ 0x00000142d04c9f84 [0x00000142d04c9a60+0x524]
J 4107 C1 java.awt.Container.processEvent(Ljava/awt/AWTEvent;)V (22 bytes) @ 0x00000142d044fbcc [0x00000142d044f8a0+0x32c]
J 4016 C1 java.awt.Component.dispatchEventImpl(Ljava/awt/AWTEvent;)V (921 bytes) @ 0x00000142d0500ba4 [0x00000142d04fb6c0+0x54e4]
J 3932 C1 java.awt.Container.dispatchEventImpl(Ljava/awt/AWTEvent;)V (129 bytes) @ 0x00000142d01b59c4 [0x00000142d01b5880+0x144]
J 4170 C1 java.awt.LightweightDispatcher.retargetMouseEvent(Ljava/awt/Component;ILjava/awt/event/MouseEvent;)V (372 bytes) @ 0x00000142d06c8d94 [0x00000142d06c6580+0x2814]
J 4165 C1 java.awt.LightweightDispatcher.processMouseEvent(Ljava/awt/event/MouseEvent;)Z (286 bytes) @ 0x00000142d05615cc [0x00000142d055fec0+0x170c]
J 4070 C1 java.awt.LightweightDispatcher.dispatchEvent(Ljava/awt/AWTEvent;)Z (73 bytes) @ 0x00000142d037ee7c [0x00000142d037ea40+0x43c]
J 3932 C1 java.awt.Container.dispatchEventImpl(Ljava/awt/AWTEvent;)V (129 bytes) @ 0x00000142d01b5964 [0x00000142d01b5880+0xe4]
J 4015 C1 java.awt.Window.dispatchEventImpl(Ljava/awt/AWTEvent;)V (23 bytes) @ 0x00000142d049f624 [0x00000142d049f040+0x5e4]
J 3973 C1 java.awt.EventQueue.dispatchEventImpl(Ljava/awt/AWTEvent;Ljava/lang/Object;)V (149 bytes) @ 0x00000142d0290c3c [0x00000142d028f400+0x183c]
J 3971 C1 java.awt.EventQueue$3.run()Ljava/lang/Void; (60 bytes) @ 0x00000142d049550c [0x00000142d0495300+0x20c]
J 3915 C1 java.awt.EventQueue$3.run()Ljava/lang/Object; (5 bytes) @ 0x00000142d06d8d0c [0x00000142d06d8c80+0x8c]
v  ~StubRoutines::call_stub
J 1496  java.security.AccessController.doPrivileged(Ljava/security/PrivilegedAction;Ljava/security/AccessControlContext;)Ljava/lang/Object; (0 bytes) @ 0x00000142d053f6a6 [0x00000142d053f640+0x66]
J 4010 C1 java.awt.EventQueue$4.run()Ljava/lang/Object; (5 bytes) @ 0x00000142d04a486c [0x00000142d04a4440+0x42c]
v  ~StubRoutines::call_stub
J 1496  java.security.AccessController.doPrivileged(Ljava/security/PrivilegedAction;Ljava/security/AccessControlContext;)Ljava/lang/Object; (0 bytes) @ 0x00000142d053f6a6 [0x00000142d053f640+0x66]
J 3913 C1 java.awt.EventQueue.dispatchEvent(Ljava/awt/AWTEvent;)V (80 bytes) @ 0x00000142d06da3fc [0x00000142d06d9580+0xe7c]
J 3982 C1 java.awt.EventDispatchThread.pumpOneEventForFilters(I)V (190 bytes) @ 0x00000142d031a44c [0x00000142d0319300+0x114c]
j  java.awt.EventDispatchThread.pumpEventsForFilter(ILjava/awt/Conditional;Ljava/awt/EventFilter;)V+35
j  java.awt.EventDispatchThread.pumpEventsForFilter(Ljava/awt/Conditional;Ljava/awt/EventFilter;)V+4
j  java.awt.WaitDispatchSupport$2.run()V+59
j  java.awt.WaitDispatchSupport$4.run()Ljava/lang/Void;+4
j  java.awt.WaitDispatchSupport$4.run()Ljava/lang/Object;+1
v  ~StubRoutines::call_stub
J 563  java.security.AccessController.doPrivileged(Ljava/security/PrivilegedAction;)Ljava/lang/Object; (0 bytes) @ 0x00000142d02a7492 [0x00000142d02a7440+0x52]
j  java.awt.WaitDispatchSupport.enter()Z+325
j  java.awt.Dialog.show()V+233
j  java.awt.Component.show(Z)V+5
j  java.awt.Component.setVisible(Z)V+2
j  java.awt.Window.setVisible(Z)V+2
j  java.awt.Dialog.setVisible(Z)V+2
j  Ui.Enrollment.UareUSampleJava.doModal(Ljavax/swing/JDialog;)V+33
j  Ui.Enrollment.UareUSampleJava.createAndShowGUI()V+43
j  Ui.Enrollment.UareUSampleJava.access$000()V+0
j  Ui.Enrollment.UareUSampleJava$1.run()V+0
j  java.awt.event.InvocationEvent.dispatch()V+47
j  java.awt.EventQueue.dispatchEventImpl(Ljava/awt/AWTEvent;Ljava/lang/Object;)V+21
j  java.awt.EventQueue.access$500(Ljava/awt/EventQueue;Ljava/awt/AWTEvent;Ljava/lang/Object;)V+3
j  java.awt.EventQueue$3.run()Ljava/lang/Void;+32
j  java.awt.EventQueue$3.run()Ljava/lang/Object;+1
v  ~StubRoutines::call_stub
J 1496  java.security.AccessController.doPrivileged(Ljava/security/PrivilegedAction;Ljava/security/AccessControlContext;)Ljava/lang/Object; (0 bytes) @ 0x00000142d053f6a6 [0x00000142d053f640+0x66]
j  java.security.ProtectionDomain$JavaSecurityAccessImpl.doIntersectionPrivilege(Ljava/security/PrivilegedAction;Ljava/security/AccessControlContext;Ljava/security/AccessControlContext;)Ljava/lang/Object;+18
j  java.awt.EventQueue.dispatchEvent(Ljava/awt/AWTEvent;)V+46
j  java.awt.EventDispatchThread.pumpOneEventForFilters(I)V+140
j  java.awt.EventDispatchThread.pumpEventsForFilter(ILjava/awt/Conditional;Ljava/awt/EventFilter;)V+35
j  java.awt.EventDispatchThread.pumpEventsForHierarchy(ILjava/awt/Conditional;Ljava/awt/Component;)V+11
j  java.awt.EventDispatchThread.pumpEvents(ILjava/awt/Conditional;)V+4
j  java.awt.EventDispatchThread.pumpEvents(Ljava/awt/Conditional;)V+3
j  java.awt.EventDispatchThread.run()V+9
v  ~StubRoutines::call_stub

---------------  P R O C E S S  ---------------

Java Threads: ( => current thread )
  0x00000142e89bb800 JavaThread "TimerQueue" daemon [_thread_blocked, id=10512, stack(0x00000037ccc00000,0x00000037ccd00000)]
=>0x00000142e89bd000 JavaThread "AWT-EventQueue-0" [_thread_in_vm, id=3748, stack(0x00000037cc900000,0x00000037cca00000)]
  0x00000142e89bc000 JavaThread "AWT-Windows" daemon [_thread_in_native, id=7828, stack(0x00000037cc800000,0x00000037cc900000)]
  0x00000142e89ba800 JavaThread "AWT-Shutdown" [_thread_blocked, id=2704, stack(0x00000037cc700000,0x00000037cc800000)]
  0x00000142e89ba000 JavaThread "Java2D Disposer" daemon [_thread_blocked, id=1804, stack(0x00000037cc600000,0x00000037cc700000)]
  0x00000142e349f000 JavaThread "Prism Font Disposer" daemon [_thread_blocked, id=2876, stack(0x00000037cc400000,0x00000037cc500000)]
  0x00000142e349b800 JavaThread "Thread-3" daemon [_thread_in_native, id=5968, stack(0x00000037cbf00000,0x00000037cc000000)]
  0x00000142e349e800 JavaThread "JavaFX-Launcher" [_thread_blocked, id=1404, stack(0x00000037cc100000,0x00000037cc200000)]
  0x00000142e349a000 JavaThread "JavaFX Application Thread" [_thread_in_native, id=3576, stack(0x00000037cbb00000,0x00000037cbc00000)]
  0x00000142e3499000 JavaThread "Thread-1" daemon [_thread_blocked, id=9396, stack(0x00000037cba00000,0x00000037cbb00000)]
  0x00000142e349c000 JavaThread "QuantumRenderer-0" daemon [_thread_blocked, id=3384, stack(0x00000037cb900000,0x00000037cba00000)]
  0x00000142e3498800 JavaThread "Service Thread" daemon [_thread_blocked, id=1968, stack(0x00000037cb700000,0x00000037cb800000)]
  0x00000142e3505800 JavaThread "C1 CompilerThread2" daemon [_thread_blocked, id=2504, stack(0x00000037cb600000,0x00000037cb700000)]
  0x00000142e34a2800 JavaThread "C2 CompilerThread1" daemon [_thread_blocked, id=7024, stack(0x00000037cb500000,0x00000037cb600000)]
  0x00000142e3497000 JavaThread "C2 CompilerThread0" daemon [_thread_blocked, id=4976, stack(0x00000037cb400000,0x00000037cb500000)]
  0x00000142e349d000 JavaThread "Monitor Ctrl-Break" daemon [_thread_in_native, id=1332, stack(0x00000037cb300000,0x00000037cb400000)]
  0x00000142e28ae000 JavaThread "Attach Listener" daemon [_thread_blocked, id=8732, stack(0x00000037cb200000,0x00000037cb300000)]
  0x00000142e28ac000 JavaThread "Signal Dispatcher" daemon [_thread_blocked, id=9104, stack(0x00000037cb100000,0x00000037cb200000)]
  0x00000142e214c000 JavaThread "Finalizer" daemon [_thread_blocked, id=5596, stack(0x00000037cb000000,0x00000037cb100000)]
  0x00000142e2886000 JavaThread "Reference Handler" daemon [_thread_blocked, id=3912, stack(0x00000037caf00000,0x00000037cb000000)]
  0x00000142ce739800 JavaThread "main" [_thread_blocked, id=7856, stack(0x00000037ca800000,0x00000037ca900000)]

Other Threads:
  0x00000142e2862000 VMThread [stack: 0x00000037cae00000,0x00000037caf00000] [id=4764]
  0x00000142e35a4800 WatcherThread [stack: 0x00000037cb800000,0x00000037cb900000] [id=8036]

VM state:not at safepoint (normal execution)

VM Mutex/Monitor currently owned by a thread: None

heap address: 0x00000000c1e00000, size: 994 MB, Compressed Oops mode: 32-bit
Narrow klass base: 0x0000000000000000, Narrow klass shift: 3
Compressed class space size: 1073741824 Address: 0x0000000100000000

Heap:
 PSYoungGen      total 26112K, used 17390K [0x00000000eb500000, 0x00000000ed900000, 0x0000000100000000)
  eden space 16384K, 64% used [0x00000000eb500000,0x00000000ebf3d760,0x00000000ec500000)
  from space 9728K, 70% used [0x00000000ec500000,0x00000000ecbbe110,0x00000000ece80000)
  to   space 10240K, 0% used [0x00000000ecf00000,0x00000000ecf00000,0x00000000ed900000)
 ParOldGen       total 36864K, used 13395K [0x00000000c1e00000, 0x00000000c4200000, 0x00000000eb500000)
  object space 36864K, 36% used [0x00000000c1e00000,0x00000000c2b14fb8,0x00000000c4200000)
 Metaspace       used 31094K, capacity 32478K, committed 32768K, reserved 1077248K
  class space    used 4310K, capacity 4582K, committed 4608K, reserved 1048576K

Card table byte_map: [0x00000142df3f0000,0x00000142df5f0000] byte_map_base: 0x00000142dede1000

Marking Bits: (ParMarkBitMap*) 0x0000000061bd4fb0
 Begin Bits: [0x00000142df740000, 0x00000142e06c8000)
 End Bits:   [0x00000142e06c8000, 0x00000142e1650000)

Polling page: 0x00000142ce820000

CodeCache: size=245760Kb used=13128Kb max_used=13128Kb free=232632Kb
 bounds [0x00000142d0030000, 0x00000142d0d10000, 0x00000142df030000]
 total_blobs=4930 nmethods=4078 adapters=763
 compilation: enabled

Compilation events (10 events):
Event: 111.086 Thread 0x00000142e3505800 4497       3       sun.java2d.SunGraphics2D::getFont (19 bytes)
Event: 111.086 Thread 0x00000142e3505800 nmethod 4497 0x00000142d0d0c7d0 code [0x00000142d0d0c920, 0x00000142d0d0caf8]
Event: 111.086 Thread 0x00000142e3505800 4498       3       sun.swing.SwingUtilities2::getFontMetrics (18 bytes)
Event: 111.087 Thread 0x00000142e3505800 nmethod 4498 0x00000142d0d0cb90 code [0x00000142d0d0cda0, 0x00000142d0d0d7f0]
Event: 111.087 Thread 0x00000142e3505800 4500       1       java.util.Locale$LocaleKey::hashCode (5 bytes)
Event: 111.087 Thread 0x00000142e3505800 nmethod 4500 0x00000142d0d022d0 code [0x00000142d0d02420, 0x00000142d0d02538]
Event: 111.088 Thread 0x00000142e3505800 4501       3       java.awt.Component::getBounds (5 bytes)
Event: 111.088 Thread 0x00000142e3505800 nmethod 4501 0x00000142d0d0dc90 code [0x00000142d0d0de20, 0x00000142d0d0e258]
Event: 111.088 Thread 0x00000142e3505800 4502       3       java.awt.Component::bounds (24 bytes)
Event: 111.089 Thread 0x00000142e3505800 nmethod 4502 0x00000142d0d0e450 code [0x00000142d0d0e5c0, 0x00000142d0d0e918]

GC Heap History (10 events):
Event: 8.552 GC heap before
{Heap before GC invocations=4 (full 0):
 PSYoungGen      total 18944K, used 18912K [0x00000000eb500000, 0x00000000eca00000, 0x0000000100000000)
  eden space 16384K, 100% used [0x00000000eb500000,0x00000000ec500000,0x00000000ec500000)
  from space 2560K, 98% used [0x00000000ec500000,0x00000000ec778060,0x00000000ec780000)
  to   space 2560K, 0% used [0x00000000ec780000,0x00000000ec780000,0x00000000eca00000)
 ParOldGen       total 44032K, used 7444K [0x00000000c1e00000, 0x00000000c4900000, 0x00000000eb500000)
  object space 44032K, 16% used [0x00000000c1e00000,0x00000000c25453e0,0x00000000c4900000)
 Metaspace       used 19774K, capacity 20580K, committed 20736K, reserved 1067008K
  class space    used 2830K, capacity 3035K, committed 3072K, reserved 1048576K
Event: 8.560 GC heap after
Heap after GC invocations=4 (full 0):
 PSYoungGen      total 18944K, used 2528K [0x00000000eb500000, 0x00000000eca00000, 0x0000000100000000)
  eden space 16384K, 0% used [0x00000000eb500000,0x00000000eb500000,0x00000000ec500000)
  from space 2560K, 98% used [0x00000000ec780000,0x00000000ec9f8030,0x00000000eca00000)
  to   space 2560K, 0% used [0x00000000ec500000,0x00000000ec500000,0x00000000ec780000)
 ParOldGen       total 44032K, used 11956K [0x00000000c1e00000, 0x00000000c4900000, 0x00000000eb500000)
  object space 44032K, 27% used [0x00000000c1e00000,0x00000000c29ad1b8,0x00000000c4900000)
 Metaspace       used 19774K, capacity 20580K, committed 20736K, reserved 1067008K
  class space    used 2830K, capacity 3035K, committed 3072K, reserved 1048576K
}
Event: 10.310 GC heap before
{Heap before GC invocations=5 (full 0):
 PSYoungGen      total 18944K, used 6557K [0x00000000eb500000, 0x00000000eca00000, 0x0000000100000000)
  eden space 16384K, 24% used [0x00000000eb500000,0x00000000eb8ef5e8,0x00000000ec500000)
  from space 2560K, 98% used [0x00000000ec780000,0x00000000ec9f8030,0x00000000eca00000)
  to   space 2560K, 0% used [0x00000000ec500000,0x00000000ec500000,0x00000000ec780000)
 ParOldGen       total 44032K, used 11956K [0x00000000c1e00000, 0x00000000c4900000, 0x00000000eb500000)
  object space 44032K, 27% used [0x00000000c1e00000,0x00000000c29ad1b8,0x00000000c4900000)
 Metaspace       used 20306K, capacity 21138K, committed 21296K, reserved 1067008K
  class space    used 2868K, capacity 3080K, committed 3200K, reserved 1048576K
Event: 10.317 GC heap after
Heap after GC invocations=5 (full 0):
 PSYoungGen      total 18944K, used 2544K [0x00000000eb500000, 0x00000000ed800000, 0x0000000100000000)
  eden space 16384K, 0% used [0x00000000eb500000,0x00000000eb500000,0x00000000ec500000)
  from space 2560K, 99% used [0x00000000ec500000,0x00000000ec77c040,0x00000000ec780000)
  to   space 9728K, 0% used [0x00000000ece80000,0x00000000ece80000,0x00000000ed800000)
 ParOldGen       total 44032K, used 12706K [0x00000000c1e00000, 0x00000000c4900000, 0x00000000eb500000)
  object space 44032K, 28% used [0x00000000c1e00000,0x00000000c2a688b8,0x00000000c4900000)
 Metaspace       used 20306K, capacity 21138K, committed 21296K, reserved 1067008K
  class space    used 2868K, capacity 3080K, committed 3200K, reserved 1048576K
}
Event: 10.317 GC heap before
{Heap before GC invocations=6 (full 1):
 PSYoungGen      total 18944K, used 2544K [0x00000000eb500000, 0x00000000ed800000, 0x0000000100000000)
  eden space 16384K, 0% used [0x00000000eb500000,0x00000000eb500000,0x00000000ec500000)
  from space 2560K, 99% used [0x00000000ec500000,0x00000000ec77c040,0x00000000ec780000)
  to   space 9728K, 0% used [0x00000000ece80000,0x00000000ece80000,0x00000000ed800000)
 ParOldGen       total 44032K, used 12706K [0x00000000c1e00000, 0x00000000c4900000, 0x00000000eb500000)
  object space 44032K, 28% used [0x00000000c1e00000,0x00000000c2a688b8,0x00000000c4900000)
 Metaspace       used 20306K, capacity 21138K, committed 21296K, reserved 1067008K
  class space    used 2868K, capacity 3080K, committed 3200K, reserved 1048576K
Event: 10.361 GC heap after
Heap after GC invocations=6 (full 1):
 PSYoungGen      total 18944K, used 0K [0x00000000eb500000, 0x00000000ed800000, 0x0000000100000000)
  eden space 16384K, 0% used [0x00000000eb500000,0x00000000eb500000,0x00000000ec500000)
  from space 2560K, 0% used [0x00000000ec500000,0x00000000ec500000,0x00000000ec780000)
  to   space 9728K, 0% used [0x00000000ece80000,0x00000000ece80000,0x00000000ed800000)
 ParOldGen       total 36864K, used 13379K [0x00000000c1e00000, 0x00000000c4200000, 0x00000000eb500000)
  object space 36864K, 36% used [0x00000000c1e00000,0x00000000c2b10fb8,0x00000000c4200000)
 Metaspace       used 20306K, capacity 21138K, committed 21296K, reserved 1067008K
  class space    used 2868K, capacity 3080K, committed 3200K, reserved 1048576K
}
Event: 10.873 GC heap before
{Heap before GC invocations=7 (full 1):
 PSYoungGen      total 18944K, used 13935K [0x00000000eb500000, 0x00000000ed800000, 0x0000000100000000)
  eden space 16384K, 85% used [0x00000000eb500000,0x00000000ec29be18,0x00000000ec500000)
  from space 2560K, 0% used [0x00000000ec500000,0x00000000ec500000,0x00000000ec780000)
  to   space 9728K, 0% used [0x00000000ece80000,0x00000000ece80000,0x00000000ed800000)
 ParOldGen       total 36864K, used 13379K [0x00000000c1e00000, 0x00000000c4200000, 0x00000000eb500000)
  object space 36864K, 36% used [0x00000000c1e00000,0x00000000c2b10fb8,0x00000000c4200000)
 Metaspace       used 22532K, capacity 23882K, committed 24064K, reserved 1069056K
  class space    used 3250K, capacity 3524K, committed 3584K, reserved 1048576K
Event: 10.881 GC heap after
Heap after GC invocations=7 (full 1):
 PSYoungGen      total 26112K, used 2148K [0x00000000eb500000, 0x00000000ee280000, 0x0000000100000000)
  eden space 16384K, 0% used [0x00000000eb500000,0x00000000eb500000,0x00000000ec500000)
  from space 9728K, 22% used [0x00000000ece80000,0x00000000ed099120,0x00000000ed800000)
  to   space 9728K, 0% used [0x00000000ec500000,0x00000000ec500000,0x00000000ece80000)
 ParOldGen       total 36864K, used 13387K [0x00000000c1e00000, 0x00000000c4200000, 0x00000000eb500000)
  object space 36864K, 36% used [0x00000000c1e00000,0x00000000c2b12fb8,0x00000000c4200000)
 Metaspace       used 22532K, capacity 23882K, committed 24064K, reserved 1069056K
  class space    used 3250K, capacity 3524K, committed 3584K, reserved 1048576K
}
Event: 15.662 GC heap before
{Heap before GC invocations=8 (full 1):
 PSYoungGen      total 26112K, used 18532K [0x00000000eb500000, 0x00000000ee280000, 0x0000000100000000)
  eden space 16384K, 100% used [0x00000000eb500000,0x00000000ec500000,0x00000000ec500000)
  from space 9728K, 22% used [0x00000000ece80000,0x00000000ed099120,0x00000000ed800000)
  to   space 9728K, 0% used [0x00000000ec500000,0x00000000ec500000,0x00000000ece80000)
 ParOldGen       total 36864K, used 13387K [0x00000000c1e00000, 0x00000000c4200000, 0x00000000eb500000)
  object space 36864K, 36% used [0x00000000c1e00000,0x00000000c2b12fb8,0x00000000c4200000)
 Metaspace       used 27679K, capacity 29036K, committed 29312K, reserved 1075200K
  class space    used 3844K, capacity 4123K, committed 4224K, reserved 1048576K
Event: 15.669 GC heap after
Heap after GC invocations=8 (full 1):
 PSYoungGen      total 26112K, used 6904K [0x00000000eb500000, 0x00000000ed900000, 0x0000000100000000)
  eden space 16384K, 0% used [0x00000000eb500000,0x00000000eb500000,0x00000000ec500000)
  from space 9728K, 70% used [0x00000000ec500000,0x00000000ecbbe110,0x00000000ece80000)
  to   space 10240K, 0% used [0x00000000ecf00000,0x00000000ecf00000,0x00000000ed900000)
 ParOldGen       total 36864K, used 13395K [0x00000000c1e00000, 0x00000000c4200000, 0x00000000eb500000)
  object space 36864K, 36% used [0x00000000c1e00000,0x00000000c2b14fb8,0x00000000c4200000)
 Metaspace       used 27679K, capacity 29036K, committed 29312K, reserved 1075200K
  class space    used 3844K, capacity 4123K, committed 4224K, reserved 1048576K
}

Deoptimization events (10 events):
Event: 15.619 Thread 0x00000142e349a000 Uncommon trap: reason=predicate action=maybe_recompile pc=0x00000142d0610e2c method=java.lang.String.regionMatches(ZILjava/lang/String;II)Z @ 63
Event: 15.652 Thread 0x00000142e349a000 Uncommon trap: reason=class_check action=maybe_recompile pc=0x00000142d0958e54 method=java.util.WeakHashMap.eq(Ljava/lang/Object;Ljava/lang/Object;)Z @ 7
Event: 15.659 Thread 0x00000142e349a000 Uncommon trap: reason=class_check action=maybe_recompile pc=0x00000142d0958e54 method=java.util.WeakHashMap.eq(Ljava/lang/Object;Ljava/lang/Object;)Z @ 7
Event: 15.659 Thread 0x00000142e349a000 Uncommon trap: reason=class_check action=maybe_recompile pc=0x00000142d0958e54 method=java.util.WeakHashMap.eq(Ljava/lang/Object;Ljava/lang/Object;)Z @ 7
Event: 15.689 Thread 0x00000142e89bd000 Uncommon trap: reason=class_check action=maybe_recompile pc=0x00000142d0958e54 method=java.util.WeakHashMap.eq(Ljava/lang/Object;Ljava/lang/Object;)Z @ 7
Event: 15.691 Thread 0x00000142e349c000 Uncommon trap: reason=unstable_if action=reinterpret pc=0x00000142d0b7a0f0 method=com.sun.prism.impl.ManagedResource._isgone(Lcom/sun/prism/impl/ManagedResource;)Z @ 1
Event: 15.730 Thread 0x00000142e89bc000 Uncommon trap: reason=bimorphic action=maybe_recompile pc=0x00000142d0401704 method=java.util.HashMap.putVal(ILjava/lang/Object;Ljava/lang/Object;ZZ)Ljava/lang/Object; @ 203
Event: 15.730 Thread 0x00000142e89bc000 Uncommon trap: reason=bimorphic action=maybe_recompile pc=0x00000142d0401704 method=java.util.HashMap.putVal(ILjava/lang/Object;Ljava/lang/Object;ZZ)Ljava/lang/Object; @ 203
Event: 15.730 Thread 0x00000142e89bc000 Uncommon trap: reason=bimorphic action=maybe_recompile pc=0x00000142d0401704 method=java.util.HashMap.putVal(ILjava/lang/Object;Ljava/lang/Object;ZZ)Ljava/lang/Object; @ 203
Event: 46.496 Thread 0x00000142e89bd000 Uncommon trap: reason=unstable_if action=reinterpret pc=0x00000142d0491e14 method=java.awt.Component.inside(II)Z @ 1

Classes redefined (0 events):
No events

Internal exceptions (10 events):
Event: 2.682 Thread 0x00000142e349a000 Implicit null exception at 0x00000142d03aa435 to 0x00000142d03aa645
Event: 8.410 Thread 0x00000142e349a000 Exception <a 'java/lang/ArrayIndexOutOfBoundsException'> (0x00000000ec265dc0) thrown at [C:\jenkins\workspace\8-2-build-windows-amd64-cygwin\jdk8u261\295\hotspot\src\share\vm\runtime\sharedRuntime.cpp, line 605]
Event: 8.410 Thread 0x00000142e349a000 Exception <a 'java/lang/ArrayIndexOutOfBoundsException'> (0x00000000ec267420) thrown at [C:\jenkins\workspace\8-2-build-windows-amd64-cygwin\jdk8u261\295\hotspot\src\share\vm\runtime\sharedRuntime.cpp, line 605]
Event: 8.587 Thread 0x00000142e349a000 Exception <a 'java/io/FileNotFoundException'> (0x00000000eb5bd630) thrown at [C:\jenkins\workspace\8-2-build-windows-amd64-cygwin\jdk8u261\295\hotspot\src\share\vm\prims\jni.cpp, line 710]
Event: 10.437 Thread 0x00000142e349a000 Exception <a 'java/lang/ArrayIndexOutOfBoundsException': 78> (0x00000000eb7b4848) thrown at [C:\jenkins\workspace\8-2-build-windows-amd64-cygwin\jdk8u261\295\hotspot\src\share\vm\interpreter\interpreterRuntime.cpp, line 368]
Event: 10.440 Thread 0x00000142e349a000 Exception <a 'java/lang/ArrayIndexOutOfBoundsException': 75> (0x00000000eb7c8048) thrown at [C:\jenkins\workspace\8-2-build-windows-amd64-cygwin\jdk8u261\295\hotspot\src\share\vm\interpreter\interpreterRuntime.cpp, line 368]
Event: 15.517 Thread 0x00000142e349a000 Exception <a 'java/io/FileNotFoundException'> (0x00000000ec210de8) thrown at [C:\jenkins\workspace\8-2-build-windows-amd64-cygwin\jdk8u261\295\hotspot\src\share\vm\prims\jni.cpp, line 710]
Event: 15.575 Thread 0x00000142e349a000 Exception <a 'java/io/FileNotFoundException'> (0x00000000ec3755d0) thrown at [C:\jenkins\workspace\8-2-build-windows-amd64-cygwin\jdk8u261\295\hotspot\src\share\vm\prims\jni.cpp, line 710]
Event: 15.691 Thread 0x00000142e349c000 Implicit null exception at 0x00000142d0b7a06c to 0x00000142d0b7a0e1
Event: 28.528 Thread 0x00000142e89bd000 Exception <a 'java/lang/NullPointerException'> (0x00000000ebc4cfd0) thrown at [C:\jenkins\workspace\8-2-build-windows-amd64-cygwin\jdk8u261\295\hotspot\src\share\vm\prims\jvm.cpp, line 1516]

Events (10 events):
Event: 55.879 Thread 0x00000142e89bd800 Thread exited: 0x00000142e89bd800
Event: 109.926 Thread 0x00000142e3505800 flushing nmethod 0x00000142d07aa910
Event: 111.060 Thread 0x00000142e89bd800 Thread added: 0x00000142e89bd800
Event: 111.064 Executing VM operation: RevokeBias
Event: 111.064 Executing VM operation: RevokeBias done
Event: 111.064 Executing VM operation: RevokeBias
Event: 111.064 Executing VM operation: RevokeBias done
Event: 113.513 Executing VM operation: RevokeBias
Event: 113.513 Executing VM operation: RevokeBias done
Event: 113.513 Thread 0x00000142e89bd800 Thread exited: 0x00000142e89bd800


Dynamic libraries:
0x00007ff7e7300000 - 0x00007ff7e7347000 	C:\Program Files\Java\jdk1.8.0_261\bin\java.exe
0x00007fff85d10000 - 0x00007fff85f05000 	C:\WINDOWS\SYSTEM32\ntdll.dll
0x00007fff83e50000 - 0x00007fff83f0d000 	C:\WINDOWS\System32\KERNEL32.DLL
0x00007fff83740000 - 0x00007fff83a07000 	C:\WINDOWS\System32\KERNELBASE.dll
0x00007fff85400000 - 0x00007fff854aa000 	C:\WINDOWS\System32\ADVAPI32.dll
0x00007fff84650000 - 0x00007fff846ee000 	C:\WINDOWS\System32\msvcrt.dll
0x00007fff852a0000 - 0x00007fff8533b000 	C:\WINDOWS\System32\sechost.dll
0x00007fff84fc0000 - 0x00007fff850e3000 	C:\WINDOWS\System32\RPCRT4.dll
0x00007fff84c40000 - 0x00007fff84de0000 	C:\WINDOWS\System32\USER32.dll
0x00007fff83a90000 - 0x00007fff83ab2000 	C:\WINDOWS\System32\win32u.dll
0x00007fff84f90000 - 0x00007fff84fba000 	C:\WINDOWS\System32\GDI32.dll
0x00007fff83460000 - 0x00007fff8356a000 	C:\WINDOWS\System32\gdi32full.dll
0x00007fff83570000 - 0x00007fff8360d000 	C:\WINDOWS\System32\msvcp_win.dll
0x00007fff83c80000 - 0x00007fff83d80000 	C:\WINDOWS\System32\ucrtbase.dll
0x00007fff82860000 - 0x00007fff82afa000 	C:\WINDOWS\WinSxS\amd64_microsoft.windows.common-controls_6595b64144ccf1df_6.0.19041.1_none_b555e41d4684ddec\COMCTL32.dll
0x00007fff84de0000 - 0x00007fff84e10000 	C:\WINDOWS\System32\IMM32.DLL
0x00007fff819c0000 - 0x00007fff819d5000 	C:\Program Files\Java\jdk1.8.0_261\jre\bin\vcruntime140.dll
0x00007fff7e5e0000 - 0x00007fff7e67b000 	C:\Program Files\Java\jdk1.8.0_261\jre\bin\msvcp140.dll
0x00000000613e0000 - 0x0000000061c4c000 	C:\Program Files\Java\jdk1.8.0_261\jre\bin\server\jvm.dll
0x00007fff84570000 - 0x00007fff84578000 	C:\WINDOWS\System32\PSAPI.DLL
0x00007fff64370000 - 0x00007fff64379000 	C:\WINDOWS\SYSTEM32\WSOCK32.dll
0x00007fff845e0000 - 0x00007fff8464b000 	C:\WINDOWS\System32\WS2_32.dll
0x00007fff76b90000 - 0x00007fff76bb7000 	C:\WINDOWS\SYSTEM32\WINMM.dll
0x00007fff76e90000 - 0x00007fff76e9a000 	C:\WINDOWS\SYSTEM32\VERSION.dll
0x00007fff80610000 - 0x00007fff80623000 	C:\WINDOWS\SYSTEM32\kernel.appcore.dll
0x00007fff81990000 - 0x00007fff819a0000 	C:\Program Files\Java\jdk1.8.0_261\jre\bin\verify.dll
0x00007fff817b0000 - 0x00007fff817db000 	C:\Program Files\Java\jdk1.8.0_261\jre\bin\java.dll
0x00007fff7e580000 - 0x00007fff7e5b2000 	C:\Program Files\Java\jdk1.8.0_261\jre\bin\instrument.dll
0x00007fff81790000 - 0x00007fff817a8000 	C:\Program Files\Java\jdk1.8.0_261\jre\bin\zip.dll
0x00007fff854b0000 - 0x00007fff85bf0000 	C:\WINDOWS\System32\SHELL32.dll
0x00007fff80810000 - 0x00007fff80fa1000 	C:\WINDOWS\SYSTEM32\windows.storage.dll
0x00007fff846f0000 - 0x00007fff84a43000 	C:\WINDOWS\System32\combase.dll
0x00007fff827f0000 - 0x00007fff8281c000 	C:\WINDOWS\SYSTEM32\Wldp.dll
0x00007fff85c20000 - 0x00007fff85cce000 	C:\WINDOWS\System32\SHCORE.dll
0x00007fff84f30000 - 0x00007fff84f85000 	C:\WINDOWS\System32\shlwapi.dll
0x00007fff833a0000 - 0x00007fff833bf000 	C:\WINDOWS\SYSTEM32\profapi.dll
0x00007fff7dd70000 - 0x00007fff7dd8a000 	C:\Program Files\JetBrains\IntelliJ IDEA 2020.1.4\bin\breakgen64.dll
0x00007fff7da80000 - 0x00007fff7da9c000 	C:\Program Files\Java\jdk1.8.0_261\jre\bin\net.dll
0x00007fff82570000 - 0x00007fff825da000 	C:\WINDOWS\system32\mswsock.dll
0x00000142e3860000 - 0x00000142e3863000 	C:\Program Files\Java\jdk1.8.0_261\jre\bin\api-ms-win-core-console-l1-1-0.dll
0x00000142e3870000 - 0x00000142e3873000 	C:\Program Files\Java\jdk1.8.0_261\jre\bin\api-ms-win-core-datetime-l1-1-0.dll
0x00000142e3880000 - 0x00000142e3883000 	C:\Program Files\Java\jdk1.8.0_261\jre\bin\api-ms-win-core-debug-l1-1-0.dll
0x00000142e3890000 - 0x00000142e3893000 	C:\Program Files\Java\jdk1.8.0_261\jre\bin\api-ms-win-core-errorhandling-l1-1-0.dll
0x00000142e38a0000 - 0x00000142e38a4000 	C:\Program Files\Java\jdk1.8.0_261\jre\bin\api-ms-win-core-file-l1-1-0.dll
0x00000142e38b0000 - 0x00000142e38b3000 	C:\Program Files\Java\jdk1.8.0_261\jre\bin\api-ms-win-core-file-l1-2-0.dll
0x00000142e38c0000 - 0x00000142e38c3000 	C:\Program Files\Java\jdk1.8.0_261\jre\bin\api-ms-win-core-file-l2-1-0.dll
0x00000142e38d0000 - 0x00000142e38d3000 	C:\Program Files\Java\jdk1.8.0_261\jre\bin\api-ms-win-core-handle-l1-1-0.dll
0x00000142e38e0000 - 0x00000142e38e3000 	C:\Program Files\Java\jdk1.8.0_261\jre\bin\api-ms-win-core-heap-l1-1-0.dll
0x00000142e38f0000 - 0x00000142e38f3000 	C:\Program Files\Java\jdk1.8.0_261\jre\bin\api-ms-win-core-interlocked-l1-1-0.dll
0x00000142e3900000 - 0x00000142e3903000 	C:\Program Files\Java\jdk1.8.0_261\jre\bin\api-ms-win-core-libraryloader-l1-1-0.dll
0x00000142e3910000 - 0x00000142e3913000 	C:\Program Files\Java\jdk1.8.0_261\jre\bin\api-ms-win-core-localization-l1-2-0.dll
0x00000142e3920000 - 0x00000142e3923000 	C:\Program Files\Java\jdk1.8.0_261\jre\bin\api-ms-win-core-memory-l1-1-0.dll
0x00000142e3930000 - 0x00000142e3933000 	C:\Program Files\Java\jdk1.8.0_261\jre\bin\api-ms-win-core-namedpipe-l1-1-0.dll
0x00000142e3940000 - 0x00000142e3943000 	C:\Program Files\Java\jdk1.8.0_261\jre\bin\api-ms-win-core-processenvironment-l1-1-0.dll
0x00000142e3950000 - 0x00000142e3953000 	C:\Program Files\Java\jdk1.8.0_261\jre\bin\api-ms-win-core-processthreads-l1-1-0.dll
0x00000142e3960000 - 0x00000142e3963000 	C:\Program Files\Java\jdk1.8.0_261\jre\bin\api-ms-win-core-processthreads-l1-1-1.dll
0x00000142e3970000 - 0x00000142e3973000 	C:\Program Files\Java\jdk1.8.0_261\jre\bin\api-ms-win-core-profile-l1-1-0.dll
0x00000142e3980000 - 0x00000142e3983000 	C:\Program Files\Java\jdk1.8.0_261\jre\bin\api-ms-win-core-rtlsupport-l1-1-0.dll
0x00000142e3990000 - 0x00000142e3993000 	C:\Program Files\Java\jdk1.8.0_261\jre\bin\api-ms-win-core-string-l1-1-0.dll
0x00000142e39a0000 - 0x00000142e39a3000 	C:\Program Files\Java\jdk1.8.0_261\jre\bin\api-ms-win-core-synch-l1-1-0.dll
0x00000142e39b0000 - 0x00000142e39b3000 	C:\Program Files\Java\jdk1.8.0_261\jre\bin\api-ms-win-core-synch-l1-2-0.dll
0x00000142e39c0000 - 0x00000142e39c3000 	C:\Program Files\Java\jdk1.8.0_261\jre\bin\api-ms-win-core-sysinfo-l1-1-0.dll
0x00000142e39d0000 - 0x00000142e39d3000 	C:\Program Files\Java\jdk1.8.0_261\jre\bin\api-ms-win-core-timezone-l1-1-0.dll
0x00000142e39e0000 - 0x00000142e39e3000 	C:\Program Files\Java\jdk1.8.0_261\jre\bin\api-ms-win-core-util-l1-1-0.dll
0x00000142e39f0000 - 0x00000142e39f3000 	C:\Program Files\Java\jdk1.8.0_261\jre\bin\api-ms-win-crt-conio-l1-1-0.dll
0x00000142e3a00000 - 0x00000142e3a04000 	C:\Program Files\Java\jdk1.8.0_261\jre\bin\api-ms-win-crt-convert-l1-1-0.dll
0x00000142e3a10000 - 0x00000142e3a13000 	C:\Program Files\Java\jdk1.8.0_261\jre\bin\api-ms-win-crt-environment-l1-1-0.dll
0x00000142e3a20000 - 0x00000142e3a23000 	C:\Program Files\Java\jdk1.8.0_261\jre\bin\api-ms-win-crt-filesystem-l1-1-0.dll
0x00000142e3a30000 - 0x00000142e3a33000 	C:\Program Files\Java\jdk1.8.0_261\jre\bin\api-ms-win-crt-heap-l1-1-0.dll
0x00000142e3a40000 - 0x00000142e3a43000 	C:\Program Files\Java\jdk1.8.0_261\jre\bin\api-ms-win-crt-locale-l1-1-0.dll
0x00000142e3a50000 - 0x00000142e3a55000 	C:\Program Files\Java\jdk1.8.0_261\jre\bin\api-ms-win-crt-math-l1-1-0.dll
0x00000142e3a60000 - 0x00000142e3a65000 	C:\Program Files\Java\jdk1.8.0_261\jre\bin\api-ms-win-crt-multibyte-l1-1-0.dll
0x00000142e3a70000 - 0x00000142e3a80000 	C:\Program Files\Java\jdk1.8.0_261\jre\bin\api-ms-win-crt-private-l1-1-0.dll
0x00000142e3a80000 - 0x00000142e3a83000 	C:\Program Files\Java\jdk1.8.0_261\jre\bin\api-ms-win-crt-process-l1-1-0.dll
0x00000142e3a90000 - 0x00000142e3a94000 	C:\Program Files\Java\jdk1.8.0_261\jre\bin\api-ms-win-crt-runtime-l1-1-0.dll
0x00000142e3aa0000 - 0x00000142e3aa4000 	C:\Program Files\Java\jdk1.8.0_261\jre\bin\api-ms-win-crt-stdio-l1-1-0.dll
0x00000142e3ab0000 - 0x00000142e3ab4000 	C:\Program Files\Java\jdk1.8.0_261\jre\bin\api-ms-win-crt-string-l1-1-0.dll
0x00000142e3ac0000 - 0x00000142e3ac3000 	C:\Program Files\Java\jdk1.8.0_261\jre\bin\api-ms-win-crt-time-l1-1-0.dll
0x00000142e3ad0000 - 0x00000142e3ad3000 	C:\Program Files\Java\jdk1.8.0_261\jre\bin\api-ms-win-crt-utility-l1-1-0.dll
0x00007fff67540000 - 0x00007fff6763c000 	C:\Program Files\Java\jdk1.8.0_261\jre\bin\ucrtbase.dll
0x00007fff6f3b0000 - 0x00007fff6f401000 	C:\Program Files\Java\jdk1.8.0_261\jre\bin\concrt140.dll
0x00007fff6d900000 - 0x00007fff6d923000 	C:\Program Files\Java\jdk1.8.0_261\jre\bin\prism_d3d.dll
0x00007fff57870000 - 0x00007fff57a3d000 	C:\WINDOWS\system32\d3d9.dll
0x00007fff80310000 - 0x00007fff8033f000 	C:\WINDOWS\SYSTEM32\dwmapi.dll
0x00007fff801e0000 - 0x00007fff8027f000 	C:\WINDOWS\system32\uxtheme.dll
0x00007fff49eb0000 - 0x00007fff4a91d000 	C:\WINDOWS\SYSTEM32\igdumdim64.dll
0x00007fff78170000 - 0x00007fff785d5000 	C:\WINDOWS\SYSTEM32\igdusc64.dll
0x00007fff68440000 - 0x00007fff68485000 	C:\Program Files\Java\jdk1.8.0_261\jre\bin\glass.dll
0x00007fff84b60000 - 0x00007fff84c3a000 	C:\WINDOWS\System32\COMDLG32.dll
0x00007fff84380000 - 0x00007fff844a9000 	C:\WINDOWS\System32\ole32.dll
0x00007fff83d80000 - 0x00007fff83e4d000 	C:\WINDOWS\System32\OLEAUT32.dll
0x00007fff84e10000 - 0x00007fff84f25000 	C:\WINDOWS\System32\MSCTF.dll
0x00007fff836c0000 - 0x00007fff8373f000 	C:\WINDOWS\System32\bcryptPrimitives.dll
0x00007fff83120000 - 0x00007fff83138000 	C:\WINDOWS\SYSTEM32\CRYPTSP.dll
0x00007fff81f20000 - 0x00007fff81f54000 	C:\WINDOWS\system32\rsaenh.dll
0x00007fff83a10000 - 0x00007fff83a37000 	C:\WINDOWS\System32\bcrypt.dll
0x00007fff83320000 - 0x00007fff8334e000 	C:\WINDOWS\SYSTEM32\USERENV.dll
0x00007fff82740000 - 0x00007fff8274c000 	C:\WINDOWS\SYSTEM32\CRYPTBASE.dll
0x00007fff82260000 - 0x00007fff8229b000 	C:\WINDOWS\SYSTEM32\IPHLPAPI.DLL
0x00007fff85bf0000 - 0x00007fff85bf9000 	C:\WINDOWS\System32\NSI.dll
0x00007fff780f0000 - 0x00007fff78107000 	C:\WINDOWS\SYSTEM32\dhcpcsvc6.DLL
0x00007fff780d0000 - 0x00007fff780ed000 	C:\WINDOWS\SYSTEM32\dhcpcsvc.DLL
0x00007fff822a0000 - 0x00007fff8236a000 	C:\WINDOWS\SYSTEM32\DNSAPI.dll
0x00007fff765c0000 - 0x00007fff765d3000 	C:\Program Files\Java\jdk1.8.0_261\jre\bin\nio.dll
0x0000000070400000 - 0x00000000704f7000 	C:\Users\gabri\AppData\Local\Temp\sqlite-3.23.1-a628d23d-06ea-492e-ba3d-27b6dd10030b-sqlitejdbc.dll
0x00007fff6cd30000 - 0x00007fff6cd44000 	C:\Program Files\Java\jdk1.8.0_261\jre\bin\javafx_font.dll
0x00007fff6a160000 - 0x00007fff6a3de000 	C:\WINDOWS\SYSTEM32\dwrite.dll
0x00007fff85350000 - 0x00007fff853f8000 	C:\WINDOWS\System32\clbcatq.dll
0x00007fff7c6e0000 - 0x00007fff7c894000 	C:\WINDOWS\SYSTEM32\WindowsCodecs.dll
0x00007fff66cf0000 - 0x00007fff66d2e000 	C:\WINDOWS\system32\dataexchange.dll
0x00007fff7f190000 - 0x00007fff7f3f3000 	C:\WINDOWS\system32\d3d11.dll
0x00007fff7f560000 - 0x00007fff7f745000 	C:\WINDOWS\system32\dcomp.dll
0x00007fff81050000 - 0x00007fff81143000 	C:\WINDOWS\system32\dxgi.dll
0x00007fff7c8a0000 - 0x00007fff7caa7000 	C:\WINDOWS\system32\twinapi.appcore.dll
0x00007fff6bb40000 - 0x00007fff6bb74000 	C:\Program Files\Common Files\Microsoft Shared\Ink\rtscom.dll
0x00007fff6e4e0000 - 0x00007fff6e5dc000 	C:\WINDOWS\SYSTEM32\textinputframework.dll
0x00007fff7fbd0000 - 0x00007fff7ff2a000 	C:\WINDOWS\System32\CoreUIComponents.dll
0x00007fff7fad0000 - 0x00007fff7fbc2000 	C:\WINDOWS\System32\CoreMessaging.dll
0x00007fff82d00000 - 0x00007fff82d33000 	C:\WINDOWS\SYSTEM32\ntmarta.dll
0x00007fff7f400000 - 0x00007fff7f556000 	C:\WINDOWS\SYSTEM32\wintypes.dll
0x00007fff68110000 - 0x00007fff68122000 	C:\Program Files\Java\jdk1.8.0_261\jre\bin\prism_common.dll
0x00007fff7ebd0000 - 0x00007fff7f190000 	C:\WINDOWS\SYSTEM32\d2d1.dll
0x00007fff797a0000 - 0x00007fff79e96000 	C:\WINDOWS\SYSTEM32\D3D10Warp.dll
0x00007fff79680000 - 0x00007fff796bb000 	C:\WINDOWS\SYSTEM32\dxcore.dll
0x00007fff83a40000 - 0x00007fff83a8d000 	C:\WINDOWS\System32\cfgmgr32.dll
0x00007fff51fd0000 - 0x00007fff52164000 	C:\Program Files\Java\jdk1.8.0_261\jre\bin\awt.dll
0x00007fff80060000 - 0x00007fff800f0000 	C:\WINDOWS\SYSTEM32\apphelp.dll
0x00007fff67ef0000 - 0x00007fff67f39000 	C:\Program Files\Java\jdk1.8.0_261\jre\bin\fontmanager.dll

VM Arguments:
jvm_args: -javaagent:C:\Program Files\JetBrains\IntelliJ IDEA 2020.1.4\lib\idea_rt.jar=53052:C:\Program Files\JetBrains\IntelliJ IDEA 2020.1.4\bin -Dfile.encoding=UTF-8 
java_command: Ui.Login.Main
java_class_path (initial): C:\Program Files\Java\jdk1.8.0_261\jre\lib\charsets.jar;C:\Program Files\Java\jdk1.8.0_261\jre\lib\deploy.jar;C:\Program Files\Java\jdk1.8.0_261\jre\lib\ext\access-bridge-64.jar;C:\Program Files\Java\jdk1.8.0_261\jre\lib\ext\cldrdata.jar;C:\Program Files\Java\jdk1.8.0_261\jre\lib\ext\dnsns.jar;C:\Program Files\Java\jdk1.8.0_261\jre\lib\ext\jaccess.jar;C:\Program Files\Java\jdk1.8.0_261\jre\lib\ext\jfxrt.jar;C:\Program Files\Java\jdk1.8.0_261\jre\lib\ext\localedata.jar;C:\Program Files\Java\jdk1.8.0_261\jre\lib\ext\nashorn.jar;C:\Program Files\Java\jdk1.8.0_261\jre\lib\ext\sunec.jar;C:\Program Files\Java\jdk1.8.0_261\jre\lib\ext\sunjce_provider.jar;C:\Program Files\Java\jdk1.8.0_261\jre\lib\ext\sunmscapi.jar;C:\Program Files\Java\jdk1.8.0_261\jre\lib\ext\sunpkcs11.jar;C:\Program Files\Java\jdk1.8.0_261\jre\lib\ext\zipfs.jar;C:\Program Files\Java\jdk1.8.0_261\jre\lib\javaws.jar;C:\Program Files\Java\jdk1.8.0_261\jre\lib\jce.jar;C:\Program Files\Java\jdk1.8.0_261\jre\lib\jfr.jar;C:\Program Files\Java\jdk1.8.0_261\jre\lib\jfxswt.jar;C:\Program Files\Java\jdk1.8.0_261\jre\lib\jsse.jar;C:\Program Files\Java\jdk1.8.0_261\jre\lib\management-agent.jar;C:\Program Files\Java\jdk1.8.0_261\jre\lib\plugin.jar;C:\Program Files\Java\jdk1.8.0_261\jre\lib\resources.jar;C:\Program Files\Java\jdk1.8.0_261\jre\lib\rt.jar;C:\Users\gabri\Documents\student_attendance_system\out\production\student_attendance_system;C:\Users\gabri\Documents\student_attendance_system\lib\annotations-16.0.2.jar;C:\Users\gabri\Documents\student_attendance_system\lib\controlsfx-8.40.13.jar;C:\Users\gabri\Documents\student_attendance_system\lib\fontawesomefx-fontawesome-4.7.0-1.jar;C:\Users\gabri\Documents\student_attendance_system\lib\recurrence-8.5.0.jar;C:\Users\gabri\Documents\student_attendance_system\lib\sqlite-jdbc-3.23.1.jar;C:\Users\gabri\Documents\student_attendance_system\lib\jfoenix-8.0.7.jar;C:\Users\gabri\Documents\student_attendance_system\lib\view-8.5.0.jar;C:\Users\ga
Launcher Type: SUN_STANDARD

Environment Variables:
JAVA_HOME=C:\Program Files\Java\jdk1.8.0_261
PATH=C:\Program Files (x86)\Common Files\Oracle\Java\javapath;C:\WINDOWS\system32;C:\WINDOWS;C:\WINDOWS\System32\Wbem;C:\WINDOWS\System32\WindowsPowerShell\v1.0\;C:\WINDOWS\System32\OpenSSH\;C:\Program Files\Java\jdk1.8.0_261\bin;
USERNAME=gabri
OS=Windows_NT
PROCESSOR_IDENTIFIER=Intel64 Family 6 Model 58 Stepping 9, GenuineIntel



---------------  S Y S T E M  ---------------

OS: Windows 10.0 , 64 bit Build 19041 (10.0.19041.292)

CPU:total 4 (initial active 4) (2 cores per cpu, 2 threads per core) family 6 model 58 stepping 9, cmov, cx8, fxsr, mmx, sse, sse2, sse3, ssse3, sse4.1, sse4.2, popcnt, avx, clmul, erms, ht, tsc, tscinvbit, tscinv

Memory: 4k page, physical 4070960k(668304k free), swap 9575984k(2114796k free)

vm_info: Java HotSpot(TM) 64-Bit Server VM (25.261-b12) for windows-amd64 JRE (1.8.0_261-b12), built on Jun 18 2020 06:56:32 by "" with unknown MS VC++:1916

time: Mon Sep  7 21:07:02 2020
timezone: Morocco Daylight Time
elapsed time: 113 seconds (0d 0h 1m 53s)

