#
# A fatal error has been detected by the Java Runtime Environment:
#
#  EXCEPTION_ACCESS_VIOLATION (0xc0000005) at pc=0x0000000061549a4e, pid=5228, tid=0x0000000000002ae8
#
# JRE version: Java(TM) SE Runtime Environment (8.0_261-b12) (build 1.8.0_261-b12)
# Java VM: Java HotSpot(TM) 64-Bit Server VM (25.261-b12 mixed mode windows-amd64 compressed oops)
# Problematic frame:
# V  [jvm.dll+0x169a4e]
#
# Failed to write core dump. Minidumps are not enabled by default on client versions of Windows
#
# If you would like to submit a bug report, please visit:
#   http://bugreport.java.com/bugreport/crash.jsp
#

---------------  T H R E A D  ---------------

Current thread (0x00000218db2cc000):  JavaThread "AWT-EventQueue-0" [_thread_in_vm, id=10984, stack(0x00000087f0c00000,0x00000087f0d00000)]

siginfo: ExceptionCode=0xc0000005, reading address 0x0000000000000000

Registers:
RAX=0x0000000000000000, RBX=0x00000218db2cc000, RCX=0x0000000000000c00, RDX=0x0000000000000000
RSP=0x00000087f0cf7b20, RBP=0x00000218db2cc000, RSI=0x0000000000000000, RDI=0x00000087f0cf7d00
R8 =0x00000087f0cf7d18, R9 =0x0000000000000002, R10=0x0000000061b53d40, R11=0x0000000061619e30
R12=0x0000000000000000, R13=0x00000218e3b9d918, R14=0x00000087f0cf7d20, R15=0x0000000000000000
RIP=0x0000000061549a4e, EFLAGS=0x0000000000010246

Top of Stack: (sp=0x00000087f0cf7b20)
0x00000087f0cf7b20:   00000218d8330340 0000005800000003
0x00000087f0cf7b30:   00000218db2cc000 00000218db2cc000
0x00000087f0cf7b40:   00000087f0cf7d18 00007fff6810208a
0x00000087f0cf7b50:   00000218e3b9d918 00000087f0cf7cc0
0x00000087f0cf7b60:   00000218db2cc1f8 00000087f0cf7d20
0x00000087f0cf7b70:   00000087f0cf7cc0 00000000614b28eb
0x00000087f0cf7b80:   00000087f0cf7bb0 0000000000000085
0x00000087f0cf7b90:   00000218d8a9b440 00000218d8330330
0x00000087f0cf7ba0:   00000218e3b9d918 00000218db2cc000
0x00000087f0cf7bb0:   00000153e3b9d918 00000218db2cc000
0x00000087f0cf7bc0:   00000218c4f47e80 0000000000200020
0x00000087f0cf7bd0:   00000218db2cc000 00000087f0cf7d20
0x00000087f0cf7be0:   00000218e3b9d918 0000000000000000
0x00000087f0cf7bf0:   00000218c4f47e80 0000000000200020
0x00000087f0cf7c00:   00000218e3b9d918 00000218c4f64c47
0x00000087f0cf7c10:   00000218c4f47e80 00000000614af59f 

Instructions: (pc=0x0000000061549a4e)
0x0000000061549a2e:   df 0d 00 c7 83 70 02 00 00 06 00 00 00 40 f6 c6
0x0000000061549a3e:   01 74 0d 48 8b ce e8 07 2f 0b 00 48 8b c8 eb 03
0x0000000061549a4e:   48 8b 0e 80 3d 70 c3 67 00 00 b8 10 00 00 00 ba
0x0000000061549a5e:   0c 00 00 00 0f 45 c2 8b 3c 08 c7 83 70 02 00 00 


Register to memory mapping:

RAX=0x0000000000000000 is an unknown value
RBX=0x00000218db2cc000 is a thread
RCX=0x0000000000000c00 is an unknown value
RDX=0x0000000000000000 is an unknown value
RSP=0x00000087f0cf7b20 is pointing into the stack for thread: 0x00000218db2cc000
RBP=0x00000218db2cc000 is a thread
RSI=0x0000000000000000 is an unknown value
RDI=0x00000087f0cf7d00 is pointing into the stack for thread: 0x00000218db2cc000
R8 =0x00000087f0cf7d18 is pointing into the stack for thread: 0x00000218db2cc000
R9 =0x0000000000000002 is an unknown value
R10=0x0000000061b53d40 is an unknown value
R11=0x0000000061619e30 is an unknown value
R12=0x0000000000000000 is an unknown value
R13={method} {0x00000218e3b9d920} 'DpfjIdentify' '([BII[[BIILcom/digitalpersona/uareu/jni/Dpfj$IntReference;[Lcom/digitalpersona/uareu/Engine$Candidate;)I' in 'com/digitalpersona/uareu/jni/Dpfj'
R14=0x00000087f0cf7d20 is pointing into the stack for thread: 0x00000218db2cc000
R15=0x0000000000000000 is an unknown value


Stack: [0x00000087f0c00000,0x00000087f0d00000],  sp=0x00000087f0cf7b20,  free space=990k
Native frames: (J=compiled Java code, j=interpreted, Vv=VM code, C=native code)
V  [jvm.dll+0x169a4e]
C  0x00007fff6810208a
C  0x00000218c4f64c47

Java frames: (J=compiled Java code, j=interpreted, Vv=VM code)
j  com.digitalpersona.uareu.jni.Dpfj.DpfjIdentify([BII[[BIILcom/digitalpersona/uareu/jni/Dpfj$IntReference;[Lcom/digitalpersona/uareu/Engine$Candidate;)I+0
j  com.digitalpersona.uareu.jni.Dpfj.identify(Lcom/digitalpersona/uareu/Fmd;I[Lcom/digitalpersona/uareu/Fmd;II)[Lcom/digitalpersona/uareu/Engine$Candidate;+148
j  com.digitalpersona.uareu.dpfj.EngineImpl.Identify(Lcom/digitalpersona/uareu/Fmd;I[Lcom/digitalpersona/uareu/Fmd;II)[Lcom/digitalpersona/uareu/Engine$Candidate;+11
j  Ui.Enrollment.Verification.ProcessCaptureResult(LUi/Enrollment/CaptureThread$CaptureEvent;)Z+288
j  Ui.Enrollment.Verification.actionPerformed(Ljava/awt/event/ActionEvent;)V+227
j  Ui.Enrollment.CaptureThread$1.run()V+11
J 4384 C1 java.awt.event.InvocationEvent.dispatch$$$capture()V (69 bytes) @ 0x00000218c5bfb994 [0x00000218c5bfb780+0x214]
J 4383 C1 java.awt.event.InvocationEvent.dispatch()V (18 bytes) @ 0x00000218c5bfb30c [0x00000218c5bfb260+0xac]
J 4343 C1 java.awt.EventQueue.dispatchEventImpl(Ljava/awt/AWTEvent;Ljava/lang/Object;)V (149 bytes) @ 0x00000218c55b3dc4 [0x00000218c55b22c0+0x1b04]
J 4341 C1 java.awt.EventQueue$3.run()Ljava/lang/Void; (60 bytes) @ 0x00000218c55b535c [0x00000218c55b5140+0x21c]
J 4340 C1 java.awt.EventQueue$3.run()Ljava/lang/Object; (5 bytes) @ 0x00000218c5448794 [0x00000218c5448700+0x94]
v  ~StubRoutines::call_stub
J 1512  java.security.AccessController.doPrivileged(Ljava/security/PrivilegedAction;Ljava/security/AccessControlContext;)Ljava/lang/Object; (0 bytes) @ 0x00000218c5477c26 [0x00000218c5477bc0+0x66]
J 4274 C1 java.awt.EventQueue.dispatchEvent(Ljava/awt/AWTEvent;)V (80 bytes) @ 0x00000218c53bf0e4 [0x00000218c53be740+0x9a4]
J 4345 C1 java.awt.EventDispatchThread.pumpOneEventForFilters(I)V (190 bytes) @ 0x00000218c5bb98c4 [0x00000218c5bb86e0+0x11e4]
j  java.awt.EventDispatchThread.pumpEventsForFilter(ILjava/awt/Conditional;Ljava/awt/EventFilter;)V+35
j  java.awt.EventDispatchThread.pumpEventsForFilter(Ljava/awt/Conditional;Ljava/awt/EventFilter;)V+4
j  java.awt.WaitDispatchSupport$2.run()V+59
j  java.awt.WaitDispatchSupport$4.run()Ljava/lang/Void;+4
j  java.awt.WaitDispatchSupport$4.run()Ljava/lang/Object;+1
v  ~StubRoutines::call_stub
J 619  java.security.AccessController.doPrivileged(Ljava/security/PrivilegedAction;)Ljava/lang/Object; (0 bytes) @ 0x00000218c51ee412 [0x00000218c51ee3c0+0x52]
j  java.awt.WaitDispatchSupport.enter()Z+325
j  java.awt.Dialog.show()V+233
j  java.awt.Component.show(Z)V+5
j  java.awt.Component.setVisible(Z)V+2
j  java.awt.Window.setVisible(Z)V+2
j  java.awt.Dialog.setVisible(Z)V+2
j  Ui.Enrollment.Verification.doModal(Ljavax/swing/JDialog;)V+75
j  Ui.Enrollment.Verification.Run(Lcom/digitalpersona/uareu/Reader;Lcom/digitalpersona/uareu/Fmd;)V+31
j  Ui.Enrollment.UareUSampleJava.actionPerformed(Ljava/awt/event/ActionEvent;)V+242
j  javax.swing.AbstractButton.fireActionPerformed(Ljava/awt/event/ActionEvent;)V+83
j  javax.swing.AbstractButton$Handler.actionPerformed(Ljava/awt/event/ActionEvent;)V+5
j  javax.swing.DefaultButtonModel.fireActionPerformed(Ljava/awt/event/ActionEvent;)V+34
j  javax.swing.DefaultButtonModel.setPressed(Z)V+117
j  javax.swing.plaf.basic.BasicButtonListener.mouseReleased(Ljava/awt/event/MouseEvent;)V+35
j  java.awt.Component.processMouseEvent(Ljava/awt/event/MouseEvent;)V+64
j  javax.swing.JComponent.processMouseEvent(Ljava/awt/event/MouseEvent;)V+23
j  java.awt.Component.processEvent(Ljava/awt/AWTEvent;)V+81
j  java.awt.Container.processEvent(Ljava/awt/AWTEvent;)V+18
J 4370 C1 java.awt.Component.dispatchEventImpl(Ljava/awt/AWTEvent;)V (921 bytes) @ 0x00000218c5becc74 [0x00000218c5be7720+0x5554]
J 4277 C1 java.awt.Container.dispatchEventImpl(Ljava/awt/AWTEvent;)V (129 bytes) @ 0x00000218c53bd6e4 [0x00000218c53bd5a0+0x144]
J 4399 C1 java.awt.LightweightDispatcher.retargetMouseEvent(Ljava/awt/Component;ILjava/awt/event/MouseEvent;)V (372 bytes) @ 0x00000218c5c0b0f4 [0x00000218c5c08840+0x28b4]
j  java.awt.LightweightDispatcher.processMouseEvent(Ljava/awt/event/MouseEvent;)Z+155
J 4387 C1 java.awt.LightweightDispatcher.dispatchEvent(Ljava/awt/AWTEvent;)Z (73 bytes) @ 0x00000218c5bfe1f4 [0x00000218c5bfddc0+0x434]
J 4277 C1 java.awt.Container.dispatchEventImpl(Ljava/awt/AWTEvent;)V (129 bytes) @ 0x00000218c53bd684 [0x00000218c53bd5a0+0xe4]
J 4381 C1 java.awt.Window.dispatchEventImpl(Ljava/awt/AWTEvent;)V (23 bytes) @ 0x00000218c5bfa9ac [0x00000218c5bfa3c0+0x5ec]
J 4343 C1 java.awt.EventQueue.dispatchEventImpl(Ljava/awt/AWTEvent;Ljava/lang/Object;)V (149 bytes) @ 0x00000218c55b3b34 [0x00000218c55b22c0+0x1874]
J 4341 C1 java.awt.EventQueue$3.run()Ljava/lang/Void; (60 bytes) @ 0x00000218c55b535c [0x00000218c55b5140+0x21c]
J 4340 C1 java.awt.EventQueue$3.run()Ljava/lang/Object; (5 bytes) @ 0x00000218c5448794 [0x00000218c5448700+0x94]
v  ~StubRoutines::call_stub
J 1512  java.security.AccessController.doPrivileged(Ljava/security/PrivilegedAction;Ljava/security/AccessControlContext;)Ljava/lang/Object; (0 bytes) @ 0x00000218c5477c26 [0x00000218c5477bc0+0x66]
J 4373 C1 java.awt.EventQueue$4.run()Ljava/lang/Object; (5 bytes) @ 0x00000218c5bf4dbc [0x00000218c5bf4980+0x43c]
v  ~StubRoutines::call_stub
J 1512  java.security.AccessController.doPrivileged(Ljava/security/PrivilegedAction;Ljava/security/AccessControlContext;)Ljava/lang/Object; (0 bytes) @ 0x00000218c5477c26 [0x00000218c5477bc0+0x66]
J 4274 C1 java.awt.EventQueue.dispatchEvent(Ljava/awt/AWTEvent;)V (80 bytes) @ 0x00000218c53bf5e4 [0x00000218c53be740+0xea4]
J 4345 C1 java.awt.EventDispatchThread.pumpOneEventForFilters(I)V (190 bytes) @ 0x00000218c5bb98c4 [0x00000218c5bb86e0+0x11e4]
j  java.awt.EventDispatchThread.pumpEventsForFilter(ILjava/awt/Conditional;Ljava/awt/EventFilter;)V+35
j  java.awt.EventDispatchThread.pumpEventsForFilter(Ljava/awt/Conditional;Ljava/awt/EventFilter;)V+4
j  java.awt.WaitDispatchSupport$2.run()V+59
j  java.awt.WaitDispatchSupport$4.run()Ljava/lang/Void;+4
j  java.awt.WaitDispatchSupport$4.run()Ljava/lang/Object;+1
v  ~StubRoutines::call_stub
J 619  java.security.AccessController.doPrivileged(Ljava/security/PrivilegedAction;)Ljava/lang/Object; (0 bytes) @ 0x00000218c51ee412 [0x00000218c51ee3c0+0x52]
j  java.awt.WaitDispatchSupport.enter()Z+325
j  java.awt.Dialog.show()V+233
j  java.awt.Component.show(Z)V+5
j  java.awt.Component.setVisible(Z)V+2
j  java.awt.Window.setVisible(Z)V+2
j  java.awt.Dialog.setVisible(Z)V+2
j  Ui.Enrollment.UareUSampleJava.doModal(Ljavax/swing/JDialog;)V+33
j  Ui.Enrollment.UareUSampleJava.createAndShowGUI()V+43
j  Ui.Enrollment.UareUSampleJava.access$000()V+0
j  Ui.Enrollment.UareUSampleJava$1.run()V+0
j  java.awt.event.InvocationEvent.dispatch$$$capture()V+47
j  java.awt.event.InvocationEvent.dispatch()V+5
j  java.awt.EventQueue.dispatchEventImpl(Ljava/awt/AWTEvent;Ljava/lang/Object;)V+21
j  java.awt.EventQueue.access$500(Ljava/awt/EventQueue;Ljava/awt/AWTEvent;Ljava/lang/Object;)V+3
j  java.awt.EventQueue$3.run()Ljava/lang/Void;+32
j  java.awt.EventQueue$3.run()Ljava/lang/Object;+1
v  ~StubRoutines::call_stub
J 1512  java.security.AccessController.doPrivileged(Ljava/security/PrivilegedAction;Ljava/security/AccessControlContext;)Ljava/lang/Object; (0 bytes) @ 0x00000218c5477c26 [0x00000218c5477bc0+0x66]
j  java.security.ProtectionDomain$JavaSecurityAccessImpl.doIntersectionPrivilege(Ljava/security/PrivilegedAction;Ljava/security/AccessControlContext;Ljava/security/AccessControlContext;)Ljava/lang/Object;+18
j  java.awt.EventQueue.dispatchEvent(Ljava/awt/AWTEvent;)V+46
j  java.awt.EventDispatchThread.pumpOneEventForFilters(I)V+140
j  java.awt.EventDispatchThread.pumpEventsForFilter(ILjava/awt/Conditional;Ljava/awt/EventFilter;)V+35
j  java.awt.EventDispatchThread.pumpEventsForHierarchy(ILjava/awt/Conditional;Ljava/awt/Component;)V+11
j  java.awt.EventDispatchThread.pumpEvents(ILjava/awt/Conditional;)V+4
j  java.awt.EventDispatchThread.pumpEvents(Ljava/awt/Conditional;)V+3
j  java.awt.EventDispatchThread.run()V+9
v  ~StubRoutines::call_stub

---------------  P R O C E S S  ---------------

Java Threads: ( => current thread )
  0x00000218db2cd800 JavaThread "TimerQueue" daemon [_thread_blocked, id=9060, stack(0x00000087f1000000,0x00000087f1100000)]
=>0x00000218db2cc000 JavaThread "AWT-EventQueue-0" [_thread_in_vm, id=10984, stack(0x00000087f0c00000,0x00000087f0d00000)]
  0x00000218db2d0000 JavaThread "AWT-Windows" daemon [_thread_in_native, id=10152, stack(0x00000087f0900000,0x00000087f0a00000)]
  0x00000218db2cd000 JavaThread "AWT-Shutdown" [_thread_blocked, id=7384, stack(0x00000087f0800000,0x00000087f0900000)]
  0x00000218db2ca000 JavaThread "Java2D Disposer" daemon [_thread_blocked, id=6716, stack(0x00000087f0400000,0x00000087f0500000)]
  0x00000218d838a000 JavaThread "Prism Font Disposer" daemon [_thread_blocked, id=7584, stack(0x00000087f0700000,0x00000087f0800000)]
  0x00000218d838b800 JavaThread "Thread-3" daemon [_thread_in_native, id=1468, stack(0x00000087f0200000,0x00000087f0300000)]
  0x00000218d838e000 JavaThread "JavaFX-Launcher" [_thread_blocked, id=1048, stack(0x00000087f0300000,0x00000087f0400000)]
  0x00000218d8388800 JavaThread "JavaFX Application Thread" [_thread_in_native, id=7552, stack(0x00000087efe00000,0x00000087eff00000)]
  0x00000218d838c800 JavaThread "Thread-1" daemon [_thread_blocked, id=9016, stack(0x00000087efd00000,0x00000087efe00000)]
  0x00000218d8388000 JavaThread "QuantumRenderer-0" daemon [_thread_blocked, id=7932, stack(0x00000087efc00000,0x00000087efd00000)]
  0x00000218d838d000 JavaThread "Service Thread" daemon [_thread_blocked, id=8056, stack(0x00000087efa00000,0x00000087efb00000)]
  0x00000218d8305800 JavaThread "C1 CompilerThread2" daemon [_thread_blocked, id=6280, stack(0x00000087ef900000,0x00000087efa00000)]
  0x00000218d82fa800 JavaThread "C2 CompilerThread1" daemon [_thread_blocked, id=4276, stack(0x00000087ef800000,0x00000087ef900000)]
  0x00000218d82f6800 JavaThread "C2 CompilerThread0" daemon [_thread_blocked, id=2944, stack(0x00000087ef700000,0x00000087ef800000)]
  0x00000218d76cb000 JavaThread "JDWP Command Reader" daemon [_thread_in_native, id=11164, stack(0x00000087ef600000,0x00000087ef700000)]
  0x00000218d76c8000 JavaThread "JDWP Event Helper Thread" daemon [_thread_blocked, id=8736, stack(0x00000087ef500000,0x00000087ef600000)]
  0x00000218d76b9800 JavaThread "JDWP Transport Listener: dt_socket" daemon [_thread_blocked, id=6500, stack(0x00000087ef400000,0x00000087ef500000)]
  0x00000218d76af800 JavaThread "Attach Listener" daemon [_thread_blocked, id=10220, stack(0x00000087ef300000,0x00000087ef400000)]
  0x00000218d76ad000 JavaThread "Signal Dispatcher" daemon [_thread_blocked, id=4552, stack(0x00000087ef200000,0x00000087ef300000)]
  0x00000218c377d000 JavaThread "Finalizer" daemon [_thread_blocked, id=5832, stack(0x00000087ef000000,0x00000087ef100000)]
  0x00000218d7685000 JavaThread "Reference Handler" daemon [_thread_blocked, id=8960, stack(0x00000087eef00000,0x00000087ef000000)]
  0x00000218c34cd800 JavaThread "main" [_thread_blocked, id=10264, stack(0x00000087ee900000,0x00000087eea00000)]

Other Threads:
  0x00000218d7661000 VMThread [stack: 0x00000087eee00000,0x00000087eef00000] [id=4224]
  0x00000218d83ea800 WatcherThread [stack: 0x00000087efb00000,0x00000087efc00000] [id=8568]

VM state:not at safepoint (normal execution)

VM Mutex/Monitor currently owned by a thread: None

heap address: 0x00000000c1e00000, size: 994 MB, Compressed Oops mode: 32-bit
Narrow klass base: 0x0000000000000000, Narrow klass shift: 3
Compressed class space size: 1073741824 Address: 0x0000000100000000

Heap:
 PSYoungGen      total 24576K, used 21001K [0x00000000eb500000, 0x00000000ed900000, 0x0000000100000000)
  eden space 15360K, 90% used [0x00000000eb500000,0x00000000ec2a46e0,0x00000000ec400000)
  from space 9216K, 76% used [0x00000000ece00000,0x00000000ed4de110,0x00000000ed700000)
  to   space 10240K, 0% used [0x00000000ec400000,0x00000000ec400000,0x00000000ece00000)
 ParOldGen       total 36352K, used 13905K [0x00000000c1e00000, 0x00000000c4180000, 0x00000000eb500000)
  object space 36352K, 38% used [0x00000000c1e00000,0x00000000c2b94670,0x00000000c4180000)
 Metaspace       used 30789K, capacity 32172K, committed 32512K, reserved 1077248K
  class space    used 4219K, capacity 4485K, committed 4608K, reserved 1048576K

Card table byte_map: [0x00000218d4300000,0x00000218d4500000] byte_map_base: 0x00000218d3cf1000

Marking Bits: (ParMarkBitMap*) 0x0000000061bd4fb0
 Begin Bits: [0x00000218d4650000, 0x00000218d55d8000)
 End Bits:   [0x00000218d55d8000, 0x00000218d6560000)

Polling page: 0x00000218c3460000

CodeCache: size=245760Kb used=12717Kb max_used=13101Kb free=233042Kb
 bounds [0x00000218c4f40000, 0x00000218c5c20000, 0x00000218d3f40000]
 total_blobs=4720 nmethods=3872 adapters=767
 compilation: enabled

Compilation events (10 events):
Event: 449.529 Thread 0x00000218d8305800 4463       3       java.io.DataOutputStream::writeUTF (435 bytes)
Event: 449.532 Thread 0x00000218d8305800 nmethod 4463 0x00000218c5581710 code [0x00000218c5581a40, 0x00000218c55836b0]
Event: 449.636 Thread 0x00000218d8305800 4464       3       java.awt.Dimension::<init> (13 bytes)
Event: 449.637 Thread 0x00000218d8305800 nmethod 4464 0x00000218c5456910 code [0x00000218c5456a80, 0x00000218c5456cf8]
Event: 471.653 Thread 0x00000218d8305800 4465       3       java.util.jar.JarFile::maybeInstantiateVerifier (96 bytes)
Event: 471.654 Thread 0x00000218d8305800 nmethod 4465 0x00000218c5690b50 code [0x00000218c5690d80, 0x00000218c5691a30]
Event: 471.682 Thread 0x00000218d8305800 4467       3       java.lang.StringCoding::safeTrim (24 bytes)
Event: 471.683 Thread 0x00000218d8305800 nmethod 4467 0x00000218c5669250 code [0x00000218c56693e0, 0x00000218c56698b0]
Event: 471.683 Thread 0x00000218d8305800 4466       1       java.security.Provider$Service::getProvider (5 bytes)
Event: 471.683 Thread 0x00000218d8305800 nmethod 4466 0x00000218c507a310 code [0x00000218c507a460, 0x00000218c507a578]

GC Heap History (10 events):
Event: 412.378 GC heap before
{Heap before GC invocations=7 (full 0):
 PSYoungGen      total 26112K, used 18976K [0x00000000eb500000, 0x00000000ed800000, 0x0000000100000000)
  eden space 16384K, 100% used [0x00000000eb500000,0x00000000ec500000,0x00000000ec500000)
  from space 9728K, 26% used [0x00000000ece80000,0x00000000ed108040,0x00000000ed800000)
  to   space 9728K, 0% used [0x00000000ec500000,0x00000000ec500000,0x00000000ece80000)
 ParOldGen       total 44032K, used 12885K [0x00000000c1e00000, 0x00000000c4900000, 0x00000000eb500000)
  object space 44032K, 29% used [0x00000000c1e00000,0x00000000c2a954f8,0x00000000c4900000)
 Metaspace       used 19387K, capacity 20068K, committed 20352K, reserved 1067008K
  class space    used 2712K, capacity 2889K, committed 2944K, reserved 1048576K
Event: 412.391 GC heap after
Heap after GC invocations=7 (full 0):
 PSYoungGen      total 26112K, used 1200K [0x00000000eb500000, 0x00000000ed800000, 0x0000000100000000)
  eden space 16384K, 0% used [0x00000000eb500000,0x00000000eb500000,0x00000000ec500000)
  from space 9728K, 12% used [0x00000000ec500000,0x00000000ec62c010,0x00000000ece80000)
  to   space 9728K, 0% used [0x00000000ece80000,0x00000000ece80000,0x00000000ed800000)
 ParOldGen       total 44032K, used 14265K [0x00000000c1e00000, 0x00000000c4900000, 0x00000000eb500000)
  object space 44032K, 32% used [0x00000000c1e00000,0x00000000c2bee5e0,0x00000000c4900000)
 Metaspace       used 19387K, capacity 20068K, committed 20352K, reserved 1067008K
  class space    used 2712K, capacity 2889K, committed 2944K, reserved 1048576K
}
Event: 430.761 GC heap before
{Heap before GC invocations=8 (full 0):
 PSYoungGen      total 26112K, used 9280K [0x00000000eb500000, 0x00000000ed800000, 0x0000000100000000)
  eden space 16384K, 49% used [0x00000000eb500000,0x00000000ebce40c0,0x00000000ec500000)
  from space 9728K, 12% used [0x00000000ec500000,0x00000000ec62c010,0x00000000ece80000)
  to   space 9728K, 0% used [0x00000000ece80000,0x00000000ece80000,0x00000000ed800000)
 ParOldGen       total 44032K, used 14265K [0x00000000c1e00000, 0x00000000c4900000, 0x00000000eb500000)
  object space 44032K, 32% used [0x00000000c1e00000,0x00000000c2bee5e0,0x00000000c4900000)
 Metaspace       used 20329K, capacity 21130K, committed 21248K, reserved 1067008K
  class space    used 2813K, capacity 3008K, committed 3072K, reserved 1048576K
Event: 430.768 GC heap after
Heap after GC invocations=8 (full 0):
 PSYoungGen      total 26112K, used 1299K [0x00000000eb500000, 0x00000000ed800000, 0x0000000100000000)
  eden space 16384K, 0% used [0x00000000eb500000,0x00000000eb500000,0x00000000ec500000)
  from space 9728K, 13% used [0x00000000ece80000,0x00000000ecfc4dc0,0x00000000ed800000)
  to   space 9728K, 0% used [0x00000000ec500000,0x00000000ec500000,0x00000000ece80000)
 ParOldGen       total 44032K, used 15263K [0x00000000c1e00000, 0x00000000c4900000, 0x00000000eb500000)
  object space 44032K, 34% used [0x00000000c1e00000,0x00000000c2ce7fa8,0x00000000c4900000)
 Metaspace       used 20329K, capacity 21130K, committed 21248K, reserved 1067008K
  class space    used 2813K, capacity 3008K, committed 3072K, reserved 1048576K
}
Event: 430.768 GC heap before
{Heap before GC invocations=9 (full 1):
 PSYoungGen      total 26112K, used 1299K [0x00000000eb500000, 0x00000000ed800000, 0x0000000100000000)
  eden space 16384K, 0% used [0x00000000eb500000,0x00000000eb500000,0x00000000ec500000)
  from space 9728K, 13% used [0x00000000ece80000,0x00000000ecfc4dc0,0x00000000ed800000)
  to   space 9728K, 0% used [0x00000000ec500000,0x00000000ec500000,0x00000000ece80000)
 ParOldGen       total 44032K, used 15263K [0x00000000c1e00000, 0x00000000c4900000, 0x00000000eb500000)
  object space 44032K, 34% used [0x00000000c1e00000,0x00000000c2ce7fa8,0x00000000c4900000)
 Metaspace       used 20329K, capacity 21130K, committed 21248K, reserved 1067008K
  class space    used 2813K, capacity 3008K, committed 3072K, reserved 1048576K
Event: 430.836 GC heap after
Heap after GC invocations=9 (full 1):
 PSYoungGen      total 26112K, used 0K [0x00000000eb500000, 0x00000000ed800000, 0x0000000100000000)
  eden space 16384K, 0% used [0x00000000eb500000,0x00000000eb500000,0x00000000ec500000)
  from space 9728K, 0% used [0x00000000ece80000,0x00000000ece80000,0x00000000ed800000)
  to   space 9728K, 0% used [0x00000000ec500000,0x00000000ec500000,0x00000000ece80000)
 ParOldGen       total 36352K, used 13889K [0x00000000c1e00000, 0x00000000c4180000, 0x00000000eb500000)
  object space 36352K, 38% used [0x00000000c1e00000,0x00000000c2b90670,0x00000000c4180000)
 Metaspace       used 20329K, capacity 21130K, committed 21248K, reserved 1067008K
  class space    used 2813K, capacity 3008K, committed 3072K, reserved 1048576K
}
Event: 433.696 GC heap before
{Heap before GC invocations=10 (full 1):
 PSYoungGen      total 26112K, used 16384K [0x00000000eb500000, 0x00000000ed800000, 0x0000000100000000)
  eden space 16384K, 100% used [0x00000000eb500000,0x00000000ec500000,0x00000000ec500000)
  from space 9728K, 0% used [0x00000000ece80000,0x00000000ece80000,0x00000000ed800000)
  to   space 9728K, 0% used [0x00000000ec500000,0x00000000ec500000,0x00000000ece80000)
 ParOldGen       total 36352K, used 13889K [0x00000000c1e00000, 0x00000000c4180000, 0x00000000eb500000)
  object space 36352K, 38% used [0x00000000c1e00000,0x00000000c2b90670,0x00000000c4180000)
 Metaspace       used 22658K, capacity 23826K, committed 23936K, reserved 1069056K
  class space    used 3174K, capacity 3430K, committed 3456K, reserved 1048576K
Event: 433.701 GC heap after
Heap after GC invocations=10 (full 1):
 PSYoungGen      total 18944K, used 2452K [0x00000000eb500000, 0x00000000ed700000, 0x0000000100000000)
  eden space 16384K, 0% used [0x00000000eb500000,0x00000000eb500000,0x00000000ec500000)
  from space 2560K, 95% used [0x00000000ec500000,0x00000000ec7650f8,0x00000000ec780000)
  to   space 9216K, 0% used [0x00000000ece00000,0x00000000ece00000,0x00000000ed700000)
 ParOldGen       total 36352K, used 13897K [0x00000000c1e00000, 0x00000000c4180000, 0x00000000eb500000)
  object space 36352K, 38% used [0x00000000c1e00000,0x00000000c2b92670,0x00000000c4180000)
 Metaspace       used 22658K, capacity 23826K, committed 23936K, reserved 1069056K
  class space    used 3174K, capacity 3430K, committed 3456K, reserved 1048576K
}
Event: 439.498 GC heap before
{Heap before GC invocations=11 (full 1):
 PSYoungGen      total 18944K, used 18836K [0x00000000eb500000, 0x00000000ed700000, 0x0000000100000000)
  eden space 16384K, 100% used [0x00000000eb500000,0x00000000ec500000,0x00000000ec500000)
  from space 2560K, 95% used [0x00000000ec500000,0x00000000ec7650f8,0x00000000ec780000)
  to   space 9216K, 0% used [0x00000000ece00000,0x00000000ece00000,0x00000000ed700000)
 ParOldGen       total 36352K, used 13897K [0x00000000c1e00000, 0x00000000c4180000, 0x00000000eb500000)
  object space 36352K, 38% used [0x00000000c1e00000,0x00000000c2b92670,0x00000000c4180000)
 Metaspace       used 24658K, capacity 25956K, committed 26240K, reserved 1071104K
  class space    used 3394K, capacity 3633K, committed 3712K, reserved 1048576K
Event: 439.505 GC heap after
Heap after GC invocations=11 (full 1):
 PSYoungGen      total 24576K, used 7032K [0x00000000eb500000, 0x00000000ed900000, 0x0000000100000000)
  eden space 15360K, 0% used [0x00000000eb500000,0x00000000eb500000,0x00000000ec400000)
  from space 9216K, 76% used [0x00000000ece00000,0x00000000ed4de110,0x00000000ed700000)
  to   space 10240K, 0% used [0x00000000ec400000,0x00000000ec400000,0x00000000ece00000)
 ParOldGen       total 36352K, used 13905K [0x00000000c1e00000, 0x00000000c4180000, 0x00000000eb500000)
  object space 36352K, 38% used [0x00000000c1e00000,0x00000000c2b94670,0x00000000c4180000)
 Metaspace       used 24658K, capacity 25956K, committed 26240K, reserved 1071104K
  class space    used 3394K, capacity 3633K, committed 3712K, reserved 1048576K
}

Deoptimization events (10 events):
Event: 440.010 Thread 0x00000218db2d0000 Uncommon trap: reason=bimorphic action=maybe_recompile pc=0x00000218c53ba208 method=java.util.HashMap.putVal(ILjava/lang/Object;Ljava/lang/Object;ZZ)Ljava/lang/Object; @ 203
Event: 440.011 Thread 0x00000218db2d0000 Uncommon trap: reason=bimorphic action=maybe_recompile pc=0x00000218c53ba208 method=java.util.HashMap.putVal(ILjava/lang/Object;Ljava/lang/Object;ZZ)Ljava/lang/Object; @ 203
Event: 440.011 Thread 0x00000218db2d0000 Uncommon trap: reason=bimorphic action=maybe_recompile pc=0x00000218c53ba208 method=java.util.HashMap.putVal(ILjava/lang/Object;Ljava/lang/Object;ZZ)Ljava/lang/Object; @ 203
Event: 440.125 Thread 0x00000218db2d0000 Uncommon trap: reason=unstable_if action=reinterpret pc=0x00000218c558c644 method=java.util.concurrent.locks.ReentrantLock$Sync.nonfairTryAcquire(I)Z @ 10
Event: 440.170 Thread 0x00000218db2cc000 Uncommon trap: reason=unstable_if action=reinterpret pc=0x00000218c5593f88 method=java.util.LinkedList.unlinkLast(Ljava/util/LinkedList$Node;)Ljava/lang/Object; @ 26
Event: 440.189 Thread 0x00000218db2cc000 Uncommon trap: reason=unstable_if action=reinterpret pc=0x00000218c5588bd0 method=java.util.LinkedList.unlinkLast(Ljava/util/LinkedList$Node;)Ljava/lang/Object; @ 26
Event: 441.630 Thread 0x00000218db2cc000 Uncommon trap: reason=unstable_if action=reinterpret pc=0x00000218c552c684 method=java.util.concurrent.locks.ReentrantLock$Sync.tryRelease(I)Z @ 28
Event: 441.823 Thread 0x00000218db2cc000 Uncommon trap: reason=unstable_if action=reinterpret pc=0x00000218c52f9fd0 method=java.util.concurrent.locks.AbstractQueuedSynchronizer.enq(Ljava/util/concurrent/locks/AbstractQueuedSynchronizer$Node;)Ljava/util/concurrent/locks/AbstractQueuedSynchronizer
Event: 443.779 Thread 0x00000218db2cd800 Uncommon trap: reason=unstable_if action=reinterpret pc=0x00000218c5597638 method=java.util.concurrent.locks.AbstractQueuedSynchronizer$ConditionObject.addConditionWaiter()Ljava/util/concurrent/locks/AbstractQueuedSynchronizer$Node; @ 6
Event: 444.044 Thread 0x00000218db2cc000 Uncommon trap: reason=class_check action=maybe_recompile pc=0x00000218c5b076d8 method=com.intellij.rt.debugger.agent.CaptureStorage.capture(Ljava/lang/Object;)V @ 73

Classes redefined (0 events):
No events

Internal exceptions (10 events):
Event: 3.521 Thread 0x00000218d8388800 Implicit null exception at 0x00000218c52b3134 to 0x00000218c52b3461
Event: 430.587 Thread 0x00000218d8388800 Exception <a 'java/lang/ArrayIndexOutOfBoundsException'> (0x00000000eb9b06a0) thrown at [C:\jenkins\workspace\8-2-build-windows-amd64-cygwin\jdk8u261\295\hotspot\src\share\vm\runtime\sharedRuntime.cpp, line 605]
Event: 430.587 Thread 0x00000218d8388800 Exception <a 'java/lang/ArrayIndexOutOfBoundsException'> (0x00000000eb9b1d00) thrown at [C:\jenkins\workspace\8-2-build-windows-amd64-cygwin\jdk8u261\295\hotspot\src\share\vm\runtime\sharedRuntime.cpp, line 605]
Event: 430.864 Thread 0x00000218d8388800 Exception <a 'java/io/FileNotFoundException'> (0x00000000eb5bcf70) thrown at [C:\jenkins\workspace\8-2-build-windows-amd64-cygwin\jdk8u261\295\hotspot\src\share\vm\prims\jni.cpp, line 710]
Event: 433.327 Thread 0x00000218d8388800 Exception <a 'java/lang/ArrayIndexOutOfBoundsException': 78> (0x00000000ebb86f28) thrown at [C:\jenkins\workspace\8-2-build-windows-amd64-cygwin\jdk8u261\295\hotspot\src\share\vm\interpreter\interpreterRuntime.cpp, line 368]
Event: 433.331 Thread 0x00000218d8388800 Exception <a 'java/lang/ArrayIndexOutOfBoundsException': 75> (0x00000000ebb9c3c0) thrown at [C:\jenkins\workspace\8-2-build-windows-amd64-cygwin\jdk8u261\295\hotspot\src\share\vm\interpreter\interpreterRuntime.cpp, line 368]
Event: 439.531 Thread 0x00000218d8388800 Exception <a 'java/io/FileNotFoundException'> (0x00000000eb52a6d8) thrown at [C:\jenkins\workspace\8-2-build-windows-amd64-cygwin\jdk8u261\295\hotspot\src\share\vm\prims\jni.cpp, line 710]
Event: 439.665 Thread 0x00000218d8388800 Exception <a 'java/io/FileNotFoundException'> (0x00000000eb777c80) thrown at [C:\jenkins\workspace\8-2-build-windows-amd64-cygwin\jdk8u261\295\hotspot\src\share\vm\prims\jni.cpp, line 710]
Event: 439.907 Thread 0x00000218d8388000 Implicit null exception at 0x00000218c5b4feaf to 0x00000218c5b5008d
Event: 439.907 Thread 0x00000218d8388000 Implicit null exception at 0x00000218c507a46c to 0x00000218c507a4ed

Events (10 events):
Event: 471.693 Thread 0x00000218db2cc000 DEOPT PACKING pc=0x00000218c50fdb9c sp=0x00000087f0cf6bb0
Event: 471.693 Thread 0x00000218db2cc000 DEOPT UNPACKING pc=0x00000218c4f87898 sp=0x00000087f0cf69d0 mode 1
Event: 471.694 loading class com/digitalpersona/uareu/jni/Dpfj$IntReference
Event: 471.694 loading class com/digitalpersona/uareu/jni/Dpfj$IntReference done
Event: 471.694 Thread 0x00000218db2cc000 DEOPT PACKING pc=0x00000218c5159e41 sp=0x00000087f0cf69a0
Event: 471.694 Thread 0x00000218db2cc000 DEOPT UNPACKING pc=0x00000218c4f87898 sp=0x00000087f0cf66f0 mode 1
Event: 471.694 Thread 0x00000218db2cc000 DEOPT PACKING pc=0x00000218c50fde0c sp=0x00000087f0cf6a20
Event: 471.694 Thread 0x00000218db2cc000 DEOPT UNPACKING pc=0x00000218c4f87898 sp=0x00000087f0cf6840 mode 1
Event: 471.694 Thread 0x00000218db2cc000 DEOPT PACKING pc=0x00000218c50fdb9c sp=0x00000087f0cf6bb0
Event: 471.694 Thread 0x00000218db2cc000 DEOPT UNPACKING pc=0x00000218c4f87898 sp=0x00000087f0cf69d0 mode 1


Dynamic libraries:
0x00007ff7e7300000 - 0x00007ff7e7347000 	C:\Program Files\Java\jdk1.8.0_261\bin\java.exe
0x00007fff85d10000 - 0x00007fff85f05000 	C:\WINDOWS\SYSTEM32\ntdll.dll
0x00007fff83e50000 - 0x00007fff83f0d000 	C:\WINDOWS\System32\KERNEL32.DLL
0x00007fff83740000 - 0x00007fff83a07000 	C:\WINDOWS\System32\KERNELBASE.dll
0x00007fff85400000 - 0x00007fff854aa000 	C:\WINDOWS\System32\ADVAPI32.dll
0x00007fff84650000 - 0x00007fff846ee000 	C:\WINDOWS\System32\msvcrt.dll
0x00007fff852a0000 - 0x00007fff8533b000 	C:\WINDOWS\System32\sechost.dll
0x00007fff84fc0000 - 0x00007fff850e3000 	C:\WINDOWS\System32\RPCRT4.dll
0x00007fff84c40000 - 0x00007fff84de0000 	C:\WINDOWS\System32\USER32.dll
0x00007fff83a90000 - 0x00007fff83ab2000 	C:\WINDOWS\System32\win32u.dll
0x00007fff84f90000 - 0x00007fff84fba000 	C:\WINDOWS\System32\GDI32.dll
0x00007fff83460000 - 0x00007fff8356a000 	C:\WINDOWS\System32\gdi32full.dll
0x00007fff83570000 - 0x00007fff8360d000 	C:\WINDOWS\System32\msvcp_win.dll
0x00007fff83c80000 - 0x00007fff83d80000 	C:\WINDOWS\System32\ucrtbase.dll
0x00007fff82860000 - 0x00007fff82afa000 	C:\WINDOWS\WinSxS\amd64_microsoft.windows.common-controls_6595b64144ccf1df_6.0.19041.1_none_b555e41d4684ddec\COMCTL32.dll
0x00007fff84de0000 - 0x00007fff84e10000 	C:\WINDOWS\System32\IMM32.DLL
0x00007fff819c0000 - 0x00007fff819d5000 	C:\Program Files\Java\jdk1.8.0_261\jre\bin\vcruntime140.dll
0x00007fff7e5e0000 - 0x00007fff7e67b000 	C:\Program Files\Java\jdk1.8.0_261\jre\bin\msvcp140.dll
0x00000000613e0000 - 0x0000000061c4c000 	C:\Program Files\Java\jdk1.8.0_261\jre\bin\server\jvm.dll
0x00007fff84570000 - 0x00007fff84578000 	C:\WINDOWS\System32\PSAPI.DLL
0x00007fff64370000 - 0x00007fff64379000 	C:\WINDOWS\SYSTEM32\WSOCK32.dll
0x00007fff845e0000 - 0x00007fff8464b000 	C:\WINDOWS\System32\WS2_32.dll
0x00007fff76b90000 - 0x00007fff76bb7000 	C:\WINDOWS\SYSTEM32\WINMM.dll
0x00007fff76e90000 - 0x00007fff76e9a000 	C:\WINDOWS\SYSTEM32\VERSION.dll
0x00007fff80610000 - 0x00007fff80623000 	C:\WINDOWS\SYSTEM32\kernel.appcore.dll
0x00007fff81990000 - 0x00007fff819a0000 	C:\Program Files\Java\jdk1.8.0_261\jre\bin\verify.dll
0x00007fff817b0000 - 0x00007fff817db000 	C:\Program Files\Java\jdk1.8.0_261\jre\bin\java.dll
0x00007fff7e580000 - 0x00007fff7e5b6000 	C:\Program Files\Java\jdk1.8.0_261\jre\bin\jdwp.dll
0x00007fff7e540000 - 0x00007fff7e549000 	C:\Program Files\Java\jdk1.8.0_261\jre\bin\npt.dll
0x00007fff6f3d0000 - 0x00007fff6f402000 	C:\Program Files\Java\jdk1.8.0_261\jre\bin\instrument.dll
0x00007fff81790000 - 0x00007fff817a8000 	C:\Program Files\Java\jdk1.8.0_261\jre\bin\zip.dll
0x00007fff854b0000 - 0x00007fff85bf0000 	C:\WINDOWS\System32\SHELL32.dll
0x00007fff80810000 - 0x00007fff80fa1000 	C:\WINDOWS\SYSTEM32\windows.storage.dll
0x00007fff846f0000 - 0x00007fff84a43000 	C:\WINDOWS\System32\combase.dll
0x00007fff827f0000 - 0x00007fff8281c000 	C:\WINDOWS\SYSTEM32\Wldp.dll
0x00007fff85c20000 - 0x00007fff85cce000 	C:\WINDOWS\System32\SHCORE.dll
0x00007fff84f30000 - 0x00007fff84f85000 	C:\WINDOWS\System32\shlwapi.dll
0x00007fff833a0000 - 0x00007fff833bf000 	C:\WINDOWS\SYSTEM32\profapi.dll
0x00007fff7dd80000 - 0x00007fff7dd8a000 	C:\Program Files\Java\jdk1.8.0_261\jre\bin\dt_socket.dll
0x00007fff82570000 - 0x00007fff825da000 	C:\WINDOWS\system32\mswsock.dll
0x00000218d8e50000 - 0x00000218d8e53000 	C:\Program Files\Java\jdk1.8.0_261\jre\bin\api-ms-win-core-console-l1-1-0.dll
0x00000218d8e60000 - 0x00000218d8e63000 	C:\Program Files\Java\jdk1.8.0_261\jre\bin\api-ms-win-core-datetime-l1-1-0.dll
0x00000218d8e70000 - 0x00000218d8e73000 	C:\Program Files\Java\jdk1.8.0_261\jre\bin\api-ms-win-core-debug-l1-1-0.dll
0x00000218d8e80000 - 0x00000218d8e83000 	C:\Program Files\Java\jdk1.8.0_261\jre\bin\api-ms-win-core-errorhandling-l1-1-0.dll
0x00000218d8e90000 - 0x00000218d8e94000 	C:\Program Files\Java\jdk1.8.0_261\jre\bin\api-ms-win-core-file-l1-1-0.dll
0x00000218d8ea0000 - 0x00000218d8ea3000 	C:\Program Files\Java\jdk1.8.0_261\jre\bin\api-ms-win-core-file-l1-2-0.dll
0x00000218d8eb0000 - 0x00000218d8eb3000 	C:\Program Files\Java\jdk1.8.0_261\jre\bin\api-ms-win-core-file-l2-1-0.dll
0x00000218d8ec0000 - 0x00000218d8ec3000 	C:\Program Files\Java\jdk1.8.0_261\jre\bin\api-ms-win-core-handle-l1-1-0.dll
0x00000218d8ed0000 - 0x00000218d8ed3000 	C:\Program Files\Java\jdk1.8.0_261\jre\bin\api-ms-win-core-heap-l1-1-0.dll
0x00000218d8ee0000 - 0x00000218d8ee3000 	C:\Program Files\Java\jdk1.8.0_261\jre\bin\api-ms-win-core-interlocked-l1-1-0.dll
0x00000218d8ef0000 - 0x00000218d8ef3000 	C:\Program Files\Java\jdk1.8.0_261\jre\bin\api-ms-win-core-libraryloader-l1-1-0.dll
0x00000218d8f00000 - 0x00000218d8f03000 	C:\Program Files\Java\jdk1.8.0_261\jre\bin\api-ms-win-core-localization-l1-2-0.dll
0x00000218d8f10000 - 0x00000218d8f13000 	C:\Program Files\Java\jdk1.8.0_261\jre\bin\api-ms-win-core-memory-l1-1-0.dll
0x00000218d8f20000 - 0x00000218d8f23000 	C:\Program Files\Java\jdk1.8.0_261\jre\bin\api-ms-win-core-namedpipe-l1-1-0.dll
0x00000218d8f30000 - 0x00000218d8f33000 	C:\Program Files\Java\jdk1.8.0_261\jre\bin\api-ms-win-core-processenvironment-l1-1-0.dll
0x00000218d8f40000 - 0x00000218d8f43000 	C:\Program Files\Java\jdk1.8.0_261\jre\bin\api-ms-win-core-processthreads-l1-1-0.dll
0x00000218d8f50000 - 0x00000218d8f53000 	C:\Program Files\Java\jdk1.8.0_261\jre\bin\api-ms-win-core-processthreads-l1-1-1.dll
0x00000218d8f60000 - 0x00000218d8f63000 	C:\Program Files\Java\jdk1.8.0_261\jre\bin\api-ms-win-core-profile-l1-1-0.dll
0x00000218d8f70000 - 0x00000218d8f73000 	C:\Program Files\Java\jdk1.8.0_261\jre\bin\api-ms-win-core-rtlsupport-l1-1-0.dll
0x00000218d8f80000 - 0x00000218d8f83000 	C:\Program Files\Java\jdk1.8.0_261\jre\bin\api-ms-win-core-string-l1-1-0.dll
0x00000218d8f90000 - 0x00000218d8f93000 	C:\Program Files\Java\jdk1.8.0_261\jre\bin\api-ms-win-core-synch-l1-1-0.dll
0x00000218d8fa0000 - 0x00000218d8fa3000 	C:\Program Files\Java\jdk1.8.0_261\jre\bin\api-ms-win-core-synch-l1-2-0.dll
0x00000218d8fb0000 - 0x00000218d8fb3000 	C:\Program Files\Java\jdk1.8.0_261\jre\bin\api-ms-win-core-sysinfo-l1-1-0.dll
0x00000218d8fc0000 - 0x00000218d8fc3000 	C:\Program Files\Java\jdk1.8.0_261\jre\bin\api-ms-win-core-timezone-l1-1-0.dll
0x00000218d8fd0000 - 0x00000218d8fd3000 	C:\Program Files\Java\jdk1.8.0_261\jre\bin\api-ms-win-core-util-l1-1-0.dll
0x00000218d8fe0000 - 0x00000218d8fe3000 	C:\Program Files\Java\jdk1.8.0_261\jre\bin\api-ms-win-crt-conio-l1-1-0.dll
0x00000218d8ff0000 - 0x00000218d8ff4000 	C:\Program Files\Java\jdk1.8.0_261\jre\bin\api-ms-win-crt-convert-l1-1-0.dll
0x00000218d9000000 - 0x00000218d9003000 	C:\Program Files\Java\jdk1.8.0_261\jre\bin\api-ms-win-crt-environment-l1-1-0.dll
0x00000218d9010000 - 0x00000218d9013000 	C:\Program Files\Java\jdk1.8.0_261\jre\bin\api-ms-win-crt-filesystem-l1-1-0.dll
0x00000218d9020000 - 0x00000218d9023000 	C:\Program Files\Java\jdk1.8.0_261\jre\bin\api-ms-win-crt-heap-l1-1-0.dll
0x00000218d9030000 - 0x00000218d9033000 	C:\Program Files\Java\jdk1.8.0_261\jre\bin\api-ms-win-crt-locale-l1-1-0.dll
0x00000218d9040000 - 0x00000218d9045000 	C:\Program Files\Java\jdk1.8.0_261\jre\bin\api-ms-win-crt-math-l1-1-0.dll
0x00000218d9050000 - 0x00000218d9055000 	C:\Program Files\Java\jdk1.8.0_261\jre\bin\api-ms-win-crt-multibyte-l1-1-0.dll
0x00000218d9060000 - 0x00000218d9070000 	C:\Program Files\Java\jdk1.8.0_261\jre\bin\api-ms-win-crt-private-l1-1-0.dll
0x00000218d9070000 - 0x00000218d9073000 	C:\Program Files\Java\jdk1.8.0_261\jre\bin\api-ms-win-crt-process-l1-1-0.dll
0x00000218d9080000 - 0x00000218d9084000 	C:\Program Files\Java\jdk1.8.0_261\jre\bin\api-ms-win-crt-runtime-l1-1-0.dll
0x00000218d9090000 - 0x00000218d9094000 	C:\Program Files\Java\jdk1.8.0_261\jre\bin\api-ms-win-crt-stdio-l1-1-0.dll
0x00000218d90a0000 - 0x00000218d90a4000 	C:\Program Files\Java\jdk1.8.0_261\jre\bin\api-ms-win-crt-string-l1-1-0.dll
0x00000218d90b0000 - 0x00000218d90b3000 	C:\Program Files\Java\jdk1.8.0_261\jre\bin\api-ms-win-crt-time-l1-1-0.dll
0x00000218d90c0000 - 0x00000218d90c3000 	C:\Program Files\Java\jdk1.8.0_261\jre\bin\api-ms-win-crt-utility-l1-1-0.dll
0x00007fff67540000 - 0x00007fff6763c000 	C:\Program Files\Java\jdk1.8.0_261\jre\bin\ucrtbase.dll
0x00007fff67ee0000 - 0x00007fff67f31000 	C:\Program Files\Java\jdk1.8.0_261\jre\bin\concrt140.dll
0x00007fff6d900000 - 0x00007fff6d923000 	C:\Program Files\Java\jdk1.8.0_261\jre\bin\prism_d3d.dll
0x00007fff57870000 - 0x00007fff57a3d000 	C:\WINDOWS\system32\d3d9.dll
0x00007fff80310000 - 0x00007fff8033f000 	C:\WINDOWS\SYSTEM32\dwmapi.dll
0x00007fff801e0000 - 0x00007fff8027f000 	C:\WINDOWS\system32\uxtheme.dll
0x00007fff49eb0000 - 0x00007fff4a91d000 	C:\WINDOWS\SYSTEM32\igdumdim64.dll
0x00007fff78170000 - 0x00007fff785d5000 	C:\WINDOWS\SYSTEM32\igdusc64.dll
0x00007fff68440000 - 0x00007fff68485000 	C:\Program Files\Java\jdk1.8.0_261\jre\bin\glass.dll
0x00007fff84b60000 - 0x00007fff84c3a000 	C:\WINDOWS\System32\COMDLG32.dll
0x00007fff84380000 - 0x00007fff844a9000 	C:\WINDOWS\System32\ole32.dll
0x00007fff83d80000 - 0x00007fff83e4d000 	C:\WINDOWS\System32\OLEAUT32.dll
0x00007fff84e10000 - 0x00007fff84f25000 	C:\WINDOWS\System32\MSCTF.dll
0x00007fff836c0000 - 0x00007fff8373f000 	C:\WINDOWS\System32\bcryptPrimitives.dll
0x00007fff83120000 - 0x00007fff83138000 	C:\WINDOWS\SYSTEM32\CRYPTSP.dll
0x00007fff81f20000 - 0x00007fff81f54000 	C:\WINDOWS\system32\rsaenh.dll
0x00007fff83a10000 - 0x00007fff83a37000 	C:\WINDOWS\System32\bcrypt.dll
0x00007fff83320000 - 0x00007fff8334e000 	C:\WINDOWS\SYSTEM32\USERENV.dll
0x00007fff82740000 - 0x00007fff8274c000 	C:\WINDOWS\SYSTEM32\CRYPTBASE.dll
0x00007fff7da80000 - 0x00007fff7da9c000 	C:\Program Files\Java\jdk1.8.0_261\jre\bin\net.dll
0x00007fff82260000 - 0x00007fff8229b000 	C:\WINDOWS\SYSTEM32\IPHLPAPI.DLL
0x00007fff85bf0000 - 0x00007fff85bf9000 	C:\WINDOWS\System32\NSI.dll
0x00007fff780f0000 - 0x00007fff78107000 	C:\WINDOWS\SYSTEM32\dhcpcsvc6.DLL
0x00007fff780d0000 - 0x00007fff780ed000 	C:\WINDOWS\SYSTEM32\dhcpcsvc.DLL
0x00007fff822a0000 - 0x00007fff8236a000 	C:\WINDOWS\SYSTEM32\DNSAPI.dll
0x00007fff765c0000 - 0x00007fff765d3000 	C:\Program Files\Java\jdk1.8.0_261\jre\bin\nio.dll
0x0000000070400000 - 0x00000000704f7000 	C:\Users\gabri\AppData\Local\Temp\sqlite-3.23.1-6f2b49ba-96ec-4e9a-b784-d20cc427cc33-sqlitejdbc.dll
0x00007fff6f3b0000 - 0x00007fff6f3c4000 	C:\Program Files\Java\jdk1.8.0_261\jre\bin\javafx_font.dll
0x00007fff6a160000 - 0x00007fff6a3de000 	C:\WINDOWS\SYSTEM32\dwrite.dll
0x00007fff85350000 - 0x00007fff853f8000 	C:\WINDOWS\System32\clbcatq.dll
0x00007fff7c6e0000 - 0x00007fff7c894000 	C:\WINDOWS\SYSTEM32\WindowsCodecs.dll
0x00007fff66cf0000 - 0x00007fff66d2e000 	C:\WINDOWS\system32\dataexchange.dll
0x00007fff7f190000 - 0x00007fff7f3f3000 	C:\WINDOWS\system32\d3d11.dll
0x00007fff81050000 - 0x00007fff81143000 	C:\WINDOWS\system32\dxgi.dll
0x00007fff7f560000 - 0x00007fff7f745000 	C:\WINDOWS\system32\dcomp.dll
0x00007fff7c8a0000 - 0x00007fff7caa7000 	C:\WINDOWS\system32\twinapi.appcore.dll
0x00007fff6bb40000 - 0x00007fff6bb74000 	C:\Program Files\Common Files\Microsoft Shared\Ink\rtscom.dll
0x00007fff6e4e0000 - 0x00007fff6e5dc000 	C:\WINDOWS\SYSTEM32\textinputframework.dll
0x00007fff7fbd0000 - 0x00007fff7ff2a000 	C:\WINDOWS\System32\CoreUIComponents.dll
0x00007fff7fad0000 - 0x00007fff7fbc2000 	C:\WINDOWS\System32\CoreMessaging.dll
0x00007fff82d00000 - 0x00007fff82d33000 	C:\WINDOWS\SYSTEM32\ntmarta.dll
0x00007fff7f400000 - 0x00007fff7f556000 	C:\WINDOWS\SYSTEM32\wintypes.dll
0x00007fff6cd30000 - 0x00007fff6cd42000 	C:\Program Files\Java\jdk1.8.0_261\jre\bin\prism_common.dll
0x00007fff7ebd0000 - 0x00007fff7f190000 	C:\WINDOWS\SYSTEM32\d2d1.dll
0x00007fff797a0000 - 0x00007fff79e96000 	C:\WINDOWS\SYSTEM32\D3D10Warp.dll
0x00007fff79680000 - 0x00007fff796bb000 	C:\WINDOWS\SYSTEM32\dxcore.dll
0x00007fff83a40000 - 0x00007fff83a8d000 	C:\WINDOWS\System32\cfgmgr32.dll
0x00007fff49d10000 - 0x00007fff49ea4000 	C:\Program Files\Java\jdk1.8.0_261\jre\bin\awt.dll

VM Arguments:
jvm_args: -agentlib:jdwp=transport=dt_socket,address=127.0.0.1:53103,suspend=y,server=n -javaagent:C:\Users\gabri\AppData\Local\JetBrains\IntelliJIdea2020.2\captureAgent\debugger-agent.jar -Dfile.encoding=UTF-8 
java_command: Ui.Login.Main
java_class_path (initial): C:\Program Files\Java\jdk1.8.0_261\jre\lib\charsets.jar;C:\Program Files\Java\jdk1.8.0_261\jre\lib\deploy.jar;C:\Program Files\Java\jdk1.8.0_261\jre\lib\ext\access-bridge-64.jar;C:\Program Files\Java\jdk1.8.0_261\jre\lib\ext\cldrdata.jar;C:\Program Files\Java\jdk1.8.0_261\jre\lib\ext\dnsns.jar;C:\Program Files\Java\jdk1.8.0_261\jre\lib\ext\jaccess.jar;C:\Program Files\Java\jdk1.8.0_261\jre\lib\ext\jfxrt.jar;C:\Program Files\Java\jdk1.8.0_261\jre\lib\ext\localedata.jar;C:\Program Files\Java\jdk1.8.0_261\jre\lib\ext\nashorn.jar;C:\Program Files\Java\jdk1.8.0_261\jre\lib\ext\sunec.jar;C:\Program Files\Java\jdk1.8.0_261\jre\lib\ext\sunjce_provider.jar;C:\Program Files\Java\jdk1.8.0_261\jre\lib\ext\sunmscapi.jar;C:\Program Files\Java\jdk1.8.0_261\jre\lib\ext\sunpkcs11.jar;C:\Program Files\Java\jdk1.8.0_261\jre\lib\ext\zipfs.jar;C:\Program Files\Java\jdk1.8.0_261\jre\lib\javaws.jar;C:\Program Files\Java\jdk1.8.0_261\jre\lib\jce.jar;C:\Program Files\Java\jdk1.8.0_261\jre\lib\jfr.jar;C:\Program Files\Java\jdk1.8.0_261\jre\lib\jfxswt.jar;C:\Program Files\Java\jdk1.8.0_261\jre\lib\jsse.jar;C:\Program Files\Java\jdk1.8.0_261\jre\lib\management-agent.jar;C:\Program Files\Java\jdk1.8.0_261\jre\lib\plugin.jar;C:\Program Files\Java\jdk1.8.0_261\jre\lib\resources.jar;C:\Program Files\Java\jdk1.8.0_261\jre\lib\rt.jar;C:\Users\gabri\Documents\student_attendance_system\out\production\student_attendance_system;C:\Users\gabri\Documents\student_attendance_system\lib\annotations-16.0.2.jar;C:\Users\gabri\Documents\student_attendance_system\lib\controlsfx-8.40.13.jar;C:\Users\gabri\Documents\student_attendance_system\lib\fontawesomefx-fontawesome-4.7.0-1.jar;C:\Users\gabri\Documents\student_attendance_system\lib\recurrence-8.5.0.jar;C:\Users\gabri\Documents\student_attendance_system\lib\sqlite-jdbc-3.23.1.jar;C:\Users\gabri\Documents\student_attendance_system\lib\jfoenix-8.0.7.jar;C:\Users\gabri\Documents\student_attendance_system\lib\view-8.5.0.jar;C:\Users\ga
Launcher Type: SUN_STANDARD

Environment Variables:
JAVA_HOME=C:\Program Files\Java\jdk1.8.0_261
PATH=C:\Program Files (x86)\Common Files\Oracle\Java\javapath;C:\WINDOWS\system32;C:\WINDOWS;C:\WINDOWS\System32\Wbem;C:\WINDOWS\System32\WindowsPowerShell\v1.0\;C:\WINDOWS\System32\OpenSSH\;C:\Program Files\Java\jdk1.8.0_261\bin;
USERNAME=gabri
OS=Windows_NT
PROCESSOR_IDENTIFIER=Intel64 Family 6 Model 58 Stepping 9, GenuineIntel



---------------  S Y S T E M  ---------------

OS: Windows 10.0 , 64 bit Build 19041 (10.0.19041.292)

CPU:total 4 (initial active 4) (2 cores per cpu, 2 threads per core) family 6 model 58 stepping 9, cmov, cx8, fxsr, mmx, sse, sse2, sse3, ssse3, sse4.1, sse4.2, popcnt, avx, clmul, erms, ht, tsc, tscinvbit, tscinv

Memory: 4k page, physical 4070960k(524084k free), swap 9575984k(2064292k free)

vm_info: Java HotSpot(TM) 64-Bit Server VM (25.261-b12) for windows-amd64 JRE (1.8.0_261-b12), built on Jun 18 2020 06:56:32 by "" with unknown MS VC++:1916

time: Mon Sep  7 21:16:59 2020
timezone: Morocco Daylight Time
elapsed time: 471 seconds (0d 0h 7m 51s)

