#
# A fatal error has been detected by the Java Runtime Environment:
#
#  EXCEPTION_ACCESS_VIOLATION (0xc0000005) at pc=0x0000000061549a4e, pid=2068, tid=0x0000000000002d40
#
# JRE version: Java(TM) SE Runtime Environment (8.0_261-b12) (build 1.8.0_261-b12)
# Java VM: Java HotSpot(TM) 64-Bit Server VM (25.261-b12 mixed mode windows-amd64 compressed oops)
# Problematic frame:
# V  [jvm.dll+0x169a4e]
#
# Failed to write core dump. Minidumps are not enabled by default on client versions of Windows
#
# If you would like to submit a bug report, please visit:
#   http://bugreport.java.com/bugreport/crash.jsp
#

---------------  T H R E A D  ---------------

Current thread (0x000002a5faa87000):  JavaThread "AWT-EventQueue-0" [_thread_in_vm, id=11584, stack(0x000000a8adc00000,0x000000a8add00000)]

siginfo: ExceptionCode=0xc0000005, reading address 0x0000000000000000

Registers:
RAX=0x0000000000000000, RBX=0x000002a5faa87000, RCX=0x0000000000000700, RDX=0x0000000000000000
RSP=0x000000a8adcf8390, RBP=0x000002a5faa87000, RSI=0x0000000000000000, RDI=0x000000a8adcf8500
R8 =0x000000a8adcf8580, R9 =0x0000000000000002, R10=0x0000000061b53d40, R11=0x0000000061619e30
R12=0x0000000000000000, R13=0x000002a5817b8c10, R14=0x000000a8adcf8588, R15=0x0000000000000000
RIP=0x0000000061549a4e, EFLAGS=0x0000000000010246

Top of Stack: (sp=0x000000a8adcf8390)
0x000000a8adcf8390:   000002a5faa87000 0000000061536e4e
0x000000a8adcf83a0:   000002a5812d7220 000000a8adcf8520
0x000000a8adcf83b0:   000000a8adcf8580 00007fff6cd2208a
0x000000a8adcf83c0:   000002a5817b8c10 000000a8adcf8528
0x000000a8adcf83d0:   000002a5faa871f8 000000a8adcf8441
0x000000a8adcf83e0:   0000000000000002 0000000000000002
0x000000a8adcf83f0:   0000000000000153 000002a5f571a8a0
0x000000a8adcf8400:   000002a5faa87000 00000000001b0401
0x000000a8adcf8410:   000000a8adcf85c8 0000000000000000
0x000000a8adcf8420:   00000153812d7220 00007fff85d25d21
0x000000a8adcf8430:   0000000000000000 000002a5812d0000
0x000000a8adcf8440:   000002a5faa87000 000000a8adcf8588
0x000000a8adcf8450:   000002a5817b8c10 0000000000000000
0x000000a8adcf8460:   0000000000000001 0000000000200020
0x000000a8adcf8470:   000002a5817b8c10 000002a5e2119f4e
0x000000a8adcf8480:   000002a500000001 0000000000000000 

Instructions: (pc=0x0000000061549a4e)
0x0000000061549a2e:   df 0d 00 c7 83 70 02 00 00 06 00 00 00 40 f6 c6
0x0000000061549a3e:   01 74 0d 48 8b ce e8 07 2f 0b 00 48 8b c8 eb 03
0x0000000061549a4e:   48 8b 0e 80 3d 70 c3 67 00 00 b8 10 00 00 00 ba
0x0000000061549a5e:   0c 00 00 00 0f 45 c2 8b 3c 08 c7 83 70 02 00 00 


Register to memory mapping:

RAX=0x0000000000000000 is an unknown value
RBX=0x000002a5faa87000 is a thread
RCX=0x0000000000000700 is an unknown value
RDX=0x0000000000000000 is an unknown value
RSP=0x000000a8adcf8390 is pointing into the stack for thread: 0x000002a5faa87000
RBP=0x000002a5faa87000 is a thread
RSI=0x0000000000000000 is an unknown value
RDI=0x000000a8adcf8500 is pointing into the stack for thread: 0x000002a5faa87000
R8 =0x000000a8adcf8580 is pointing into the stack for thread: 0x000002a5faa87000
R9 =0x0000000000000002 is an unknown value
R10=0x0000000061b53d40 is an unknown value
R11=0x0000000061619e30 is an unknown value
R12=0x0000000000000000 is an unknown value
R13={method} {0x000002a5817b8c18} 'DpfjIdentify' '([BII[[BIILcom/digitalpersona/uareu/jni/Dpfj$IntReference;[Lcom/digitalpersona/uareu/Engine$Candidate;)I' in 'com/digitalpersona/uareu/jni/Dpfj'
R14=0x000000a8adcf8588 is pointing into the stack for thread: 0x000002a5faa87000
R15=0x0000000000000000 is an unknown value


Stack: [0x000000a8adc00000,0x000000a8add00000],  sp=0x000000a8adcf8390,  free space=992k
Native frames: (J=compiled Java code, j=interpreted, Vv=VM code, C=native code)
V  [jvm.dll+0x169a4e]
C  0x00007fff6cd2208a
C  0x000002a5e2119f4e

Java frames: (J=compiled Java code, j=interpreted, Vv=VM code)
j  com.digitalpersona.uareu.jni.Dpfj.DpfjIdentify([BII[[BIILcom/digitalpersona/uareu/jni/Dpfj$IntReference;[Lcom/digitalpersona/uareu/Engine$Candidate;)I+0
j  com.digitalpersona.uareu.jni.Dpfj.identify(Lcom/digitalpersona/uareu/Fmd;I[Lcom/digitalpersona/uareu/Fmd;II)[Lcom/digitalpersona/uareu/Engine$Candidate;+148
j  com.digitalpersona.uareu.dpfj.EngineImpl.Identify(Lcom/digitalpersona/uareu/Fmd;I[Lcom/digitalpersona/uareu/Fmd;II)[Lcom/digitalpersona/uareu/Engine$Candidate;+11
j  Ui.Enrollment.Verification.ProcessCaptureResult(LUi/Enrollment/CaptureThread$CaptureEvent;)Z+282
j  Ui.Enrollment.Verification.actionPerformed(Ljava/awt/event/ActionEvent;)V+227
j  Ui.Enrollment.CaptureThread$1.run()V+11
J 4030 C1 java.awt.event.InvocationEvent.dispatch()V (69 bytes) @ 0x000002a5e2565b14 [0x000002a5e2565900+0x214]
J 3997 C1 java.awt.EventQueue.dispatchEventImpl(Ljava/awt/AWTEvent;Ljava/lang/Object;)V (149 bytes) @ 0x000002a5e259ee84 [0x000002a5e259d3c0+0x1ac4]
J 3995 C1 java.awt.EventQueue$3.run()Ljava/lang/Void; (60 bytes) @ 0x000002a5e2355a8c [0x000002a5e2355880+0x20c]
J 3994 C1 java.awt.EventQueue$3.run()Ljava/lang/Object; (5 bytes) @ 0x000002a5e235614c [0x000002a5e23560c0+0x8c]
v  ~StubRoutines::call_stub
J 1459  java.security.AccessController.doPrivileged(Ljava/security/PrivilegedAction;Ljava/security/AccessControlContext;)Ljava/lang/Object; (0 bytes) @ 0x000002a5e25f36e6 [0x000002a5e25f3680+0x66]
J 3933 C1 java.awt.EventQueue.dispatchEvent(Ljava/awt/AWTEvent;)V (80 bytes) @ 0x000002a5e22a7744 [0x000002a5e22a6dc0+0x984]
J 4001 C1 java.awt.EventDispatchThread.pumpOneEventForFilters(I)V (190 bytes) @ 0x000002a5e259b20c [0x000002a5e259a0c0+0x114c]
j  java.awt.EventDispatchThread.pumpEventsForFilter(ILjava/awt/Conditional;Ljava/awt/EventFilter;)V+35
j  java.awt.EventDispatchThread.pumpEventsForFilter(Ljava/awt/Conditional;Ljava/awt/EventFilter;)V+4
j  java.awt.WaitDispatchSupport$2.run()V+59
j  java.awt.WaitDispatchSupport$4.run()Ljava/lang/Void;+4
j  java.awt.WaitDispatchSupport$4.run()Ljava/lang/Object;+1
v  ~StubRoutines::call_stub
J 558  java.security.AccessController.doPrivileged(Ljava/security/PrivilegedAction;)Ljava/lang/Object; (0 bytes) @ 0x000002a5e236b352 [0x000002a5e236b300+0x52]
j  java.awt.WaitDispatchSupport.enter()Z+325
j  java.awt.Dialog.show()V+233
j  java.awt.Component.show(Z)V+5
j  java.awt.Component.setVisible(Z)V+2
j  java.awt.Window.setVisible(Z)V+2
j  java.awt.Dialog.setVisible(Z)V+2
j  Ui.Enrollment.Verification.doModal(Ljavax/swing/JDialog;)V+75
j  Ui.Enrollment.Verification.Run(Lcom/digitalpersona/uareu/Reader;Lcom/digitalpersona/uareu/Fmd;)V+31
j  Ui.Enrollment.UareUSampleJava.actionPerformed(Ljava/awt/event/ActionEvent;)V+242
j  javax.swing.AbstractButton.fireActionPerformed(Ljava/awt/event/ActionEvent;)V+83
j  javax.swing.AbstractButton$Handler.actionPerformed(Ljava/awt/event/ActionEvent;)V+5
j  javax.swing.DefaultButtonModel.fireActionPerformed(Ljava/awt/event/ActionEvent;)V+34
j  javax.swing.DefaultButtonModel.setPressed(Z)V+117
j  javax.swing.plaf.basic.BasicButtonListener.mouseReleased(Ljava/awt/event/MouseEvent;)V+35
j  java.awt.Component.processMouseEvent(Ljava/awt/event/MouseEvent;)V+64
j  javax.swing.JComponent.processMouseEvent(Ljava/awt/event/MouseEvent;)V+23
J 4077 C1 java.awt.Component.processEvent(Ljava/awt/AWTEvent;)V (220 bytes) @ 0x000002a5e282e1e4 [0x000002a5e282dcc0+0x524]
J 4076 C1 java.awt.Container.processEvent(Ljava/awt/AWTEvent;)V (22 bytes) @ 0x000002a5e228494c [0x000002a5e2284620+0x32c]
J 4037 C1 java.awt.Component.dispatchEventImpl(Ljava/awt/AWTEvent;)V (921 bytes) @ 0x000002a5e261fb64 [0x000002a5e261a680+0x54e4]
J 3956 C1 java.awt.Container.dispatchEventImpl(Ljava/awt/AWTEvent;)V (129 bytes) @ 0x000002a5e25a26c4 [0x000002a5e25a2580+0x144]
J 4467 C1 java.awt.LightweightDispatcher.retargetMouseEvent(Ljava/awt/Component;ILjava/awt/event/MouseEvent;)V (372 bytes) @ 0x000002a5e2de11d4 [0x000002a5e2dde9c0+0x2814]
J 4371 C1 java.awt.LightweightDispatcher.processMouseEvent(Ljava/awt/event/MouseEvent;)Z (286 bytes) @ 0x000002a5e2d6be8c [0x000002a5e2d6a780+0x170c]
J 4055 C1 java.awt.LightweightDispatcher.dispatchEvent(Ljava/awt/AWTEvent;)Z (73 bytes) @ 0x000002a5e24497bc [0x000002a5e2449380+0x43c]
J 3956 C1 java.awt.Container.dispatchEventImpl(Ljava/awt/AWTEvent;)V (129 bytes) @ 0x000002a5e25a2664 [0x000002a5e25a2580+0xe4]
J 4031 C1 java.awt.Window.dispatchEventImpl(Ljava/awt/AWTEvent;)V (23 bytes) @ 0x000002a5e25092a4 [0x000002a5e2508cc0+0x5e4]
J 3997 C1 java.awt.EventQueue.dispatchEventImpl(Ljava/awt/AWTEvent;Ljava/lang/Object;)V (149 bytes) @ 0x000002a5e259ebfc [0x000002a5e259d3c0+0x183c]
J 3995 C1 java.awt.EventQueue$3.run()Ljava/lang/Void; (60 bytes) @ 0x000002a5e2355a8c [0x000002a5e2355880+0x20c]
J 3994 C1 java.awt.EventQueue$3.run()Ljava/lang/Object; (5 bytes) @ 0x000002a5e235614c [0x000002a5e23560c0+0x8c]
v  ~StubRoutines::call_stub
J 1459  java.security.AccessController.doPrivileged(Ljava/security/PrivilegedAction;Ljava/security/AccessControlContext;)Ljava/lang/Object; (0 bytes) @ 0x000002a5e25f36e6 [0x000002a5e25f3680+0x66]
J 4027 C1 java.awt.EventQueue$4.run()Ljava/lang/Object; (5 bytes) @ 0x000002a5e237c7ac [0x000002a5e237c380+0x42c]
v  ~StubRoutines::call_stub
J 1459  java.security.AccessController.doPrivileged(Ljava/security/PrivilegedAction;Ljava/security/AccessControlContext;)Ljava/lang/Object; (0 bytes) @ 0x000002a5e25f36e6 [0x000002a5e25f3680+0x66]
J 3933 C1 java.awt.EventQueue.dispatchEvent(Ljava/awt/AWTEvent;)V (80 bytes) @ 0x000002a5e22a7c3c [0x000002a5e22a6dc0+0xe7c]
J 4001 C1 java.awt.EventDispatchThread.pumpOneEventForFilters(I)V (190 bytes) @ 0x000002a5e259b20c [0x000002a5e259a0c0+0x114c]
j  java.awt.EventDispatchThread.pumpEventsForFilter(ILjava/awt/Conditional;Ljava/awt/EventFilter;)V+35
j  java.awt.EventDispatchThread.pumpEventsForFilter(Ljava/awt/Conditional;Ljava/awt/EventFilter;)V+4
j  java.awt.WaitDispatchSupport$2.run()V+59
j  java.awt.WaitDispatchSupport$4.run()Ljava/lang/Void;+4
j  java.awt.WaitDispatchSupport$4.run()Ljava/lang/Object;+1
v  ~StubRoutines::call_stub
J 558  java.security.AccessController.doPrivileged(Ljava/security/PrivilegedAction;)Ljava/lang/Object; (0 bytes) @ 0x000002a5e236b352 [0x000002a5e236b300+0x52]
j  java.awt.WaitDispatchSupport.enter()Z+325
j  java.awt.Dialog.show()V+233
j  java.awt.Component.show(Z)V+5
j  java.awt.Component.setVisible(Z)V+2
j  java.awt.Window.setVisible(Z)V+2
j  java.awt.Dialog.setVisible(Z)V+2
j  Ui.Enrollment.UareUSampleJava.doModal(Ljavax/swing/JDialog;)V+33
j  Ui.Enrollment.UareUSampleJava.createAndShowGUI()V+43
j  Ui.Enrollment.UareUSampleJava.access$000()V+0
j  Ui.Enrollment.UareUSampleJava$1.run()V+0
j  java.awt.event.InvocationEvent.dispatch()V+47
j  java.awt.EventQueue.dispatchEventImpl(Ljava/awt/AWTEvent;Ljava/lang/Object;)V+21
j  java.awt.EventQueue.access$500(Ljava/awt/EventQueue;Ljava/awt/AWTEvent;Ljava/lang/Object;)V+3
j  java.awt.EventQueue$3.run()Ljava/lang/Void;+32
j  java.awt.EventQueue$3.run()Ljava/lang/Object;+1
v  ~StubRoutines::call_stub
J 1459  java.security.AccessController.doPrivileged(Ljava/security/PrivilegedAction;Ljava/security/AccessControlContext;)Ljava/lang/Object; (0 bytes) @ 0x000002a5e25f36e6 [0x000002a5e25f3680+0x66]
j  java.security.ProtectionDomain$JavaSecurityAccessImpl.doIntersectionPrivilege(Ljava/security/PrivilegedAction;Ljava/security/AccessControlContext;Ljava/security/AccessControlContext;)Ljava/lang/Object;+18
j  java.awt.EventQueue.dispatchEvent(Ljava/awt/AWTEvent;)V+46
j  java.awt.EventDispatchThread.pumpOneEventForFilters(I)V+140
j  java.awt.EventDispatchThread.pumpEventsForFilter(ILjava/awt/Conditional;Ljava/awt/EventFilter;)V+35
j  java.awt.EventDispatchThread.pumpEventsForHierarchy(ILjava/awt/Conditional;Ljava/awt/Component;)V+11
j  java.awt.EventDispatchThread.pumpEvents(ILjava/awt/Conditional;)V+4
j  java.awt.EventDispatchThread.pumpEvents(Ljava/awt/Conditional;)V+3
j  java.awt.EventDispatchThread.run()V+9
v  ~StubRoutines::call_stub

---------------  P R O C E S S  ---------------

Java Threads: ( => current thread )
  0x000002a5faa81000 JavaThread "TimerQueue" daemon [_thread_blocked, id=11796, stack(0x000000a8adf00000,0x000000a8ae000000)]
=>0x000002a5faa87000 JavaThread "AWT-EventQueue-0" [_thread_in_vm, id=11584, stack(0x000000a8adc00000,0x000000a8add00000)]
  0x000002a5fab71800 JavaThread "AWT-Windows" daemon [_thread_in_native, id=11696, stack(0x000000a8adb00000,0x000000a8adc00000)]
  0x000002a5fab71000 JavaThread "AWT-Shutdown" [_thread_blocked, id=9732, stack(0x000000a8ada00000,0x000000a8adb00000)]
  0x000002a5fab70000 JavaThread "Java2D Disposer" daemon [_thread_blocked, id=8988, stack(0x000000a8ad900000,0x000000a8ada00000)]
  0x000002a5f5f7b800 JavaThread "Prism Font Disposer" daemon [_thread_blocked, id=4152, stack(0x000000a8ad600000,0x000000a8ad700000)]
  0x000002a5f5b2a000 JavaThread "Thread-3" daemon [_thread_in_native, id=9832, stack(0x000000a8ad000000,0x000000a8ad100000)]
  0x000002a5f5ae7800 JavaThread "JavaFX-Launcher" [_thread_blocked, id=4864, stack(0x000000a8ad100000,0x000000a8ad200000)]
  0x000002a5f59d9000 JavaThread "JavaFX Application Thread" [_thread_in_native, id=8984, stack(0x000000a8acc00000,0x000000a8acd00000)]
  0x000002a5f5a29800 JavaThread "Thread-1" daemon [_thread_blocked, id=360, stack(0x000000a8acb00000,0x000000a8acc00000)]
  0x000002a5f597e800 JavaThread "QuantumRenderer-0" daemon [_thread_blocked, id=9048, stack(0x000000a8aca00000,0x000000a8acb00000)]
  0x000002a5f5634800 JavaThread "Service Thread" daemon [_thread_blocked, id=1000, stack(0x000000a8ac800000,0x000000a8ac900000)]
  0x000002a5f55d8800 JavaThread "C1 CompilerThread2" daemon [_thread_blocked, id=7864, stack(0x000000a8ac700000,0x000000a8ac800000)]
  0x000002a5f558d800 JavaThread "C2 CompilerThread1" daemon [_thread_blocked, id=8468, stack(0x000000a8ac600000,0x000000a8ac700000)]
  0x000002a5f558c800 JavaThread "C2 CompilerThread0" daemon [_thread_blocked, id=140, stack(0x000000a8ac500000,0x000000a8ac600000)]
  0x000002a5f4a7e800 JavaThread "Monitor Ctrl-Break" daemon [_thread_in_native, id=11452, stack(0x000000a8ac400000,0x000000a8ac500000)]
  0x000002a5f496d800 JavaThread "Attach Listener" daemon [_thread_blocked, id=8160, stack(0x000000a8ac300000,0x000000a8ac400000)]
  0x000002a5f496c800 JavaThread "Signal Dispatcher" daemon [_thread_blocked, id=5912, stack(0x000000a8ac200000,0x000000a8ac300000)]
  0x000002a5f421c000 JavaThread "Finalizer" daemon [_thread_blocked, id=9308, stack(0x000000a8ac100000,0x000000a8ac200000)]
  0x000002a5f4946000 JavaThread "Reference Handler" daemon [_thread_blocked, id=1488, stack(0x000000a8ac000000,0x000000a8ac100000)]
  0x000002a5e073a000 JavaThread "main" [_thread_blocked, id=11960, stack(0x000000a8aba00000,0x000000a8abb00000)]

Other Threads:
  0x000002a5f4921800 VMThread [stack: 0x000000a8abf00000,0x000000a8ac000000] [id=11900]
  0x000002a5f563d000 WatcherThread [stack: 0x000000a8ac900000,0x000000a8aca00000] [id=4808]

VM state:not at safepoint (normal execution)

VM Mutex/Monitor currently owned by a thread: None

heap address: 0x00000000c1e00000, size: 994 MB, Compressed Oops mode: 32-bit
Narrow klass base: 0x0000000000000000, Narrow klass shift: 3
Compressed class space size: 1073741824 Address: 0x0000000100000000

Heap:
 PSYoungGen      total 27648K, used 16479K [0x00000000eb500000, 0x00000000edb00000, 0x0000000100000000)
  eden space 16384K, 59% used [0x00000000eb500000,0x00000000ebe71cc0,0x00000000ec500000)
  from space 11264K, 60% used [0x00000000ec500000,0x00000000ecba6110,0x00000000ed000000)
  to   space 11264K, 0% used [0x00000000ed000000,0x00000000ed000000,0x00000000edb00000)
 ParOldGen       total 37888K, used 13160K [0x00000000c1e00000, 0x00000000c4300000, 0x00000000eb500000)
  object space 37888K, 34% used [0x00000000c1e00000,0x00000000c2ada390,0x00000000c4300000)
 Metaspace       used 30943K, capacity 32354K, committed 32768K, reserved 1077248K
  class space    used 4288K, capacity 4582K, committed 4608K, reserved 1048576K

Card table byte_map: [0x000002a5f14c0000,0x000002a5f16c0000] byte_map_base: 0x000002a5f0eb1000

Marking Bits: (ParMarkBitMap*) 0x0000000061bd4fb0
 Begin Bits: [0x000002a5f1810000, 0x000002a5f2798000)
 End Bits:   [0x000002a5f2798000, 0x000002a5f3720000)

Polling page: 0x000002a5e08e0000

CodeCache: size=245760Kb used=13231Kb max_used=13241Kb free=232528Kb
 bounds [0x000002a5e2100000, 0x000002a5e2e00000, 0x000002a5f1100000]
 total_blobs=4930 nmethods=4078 adapters=763
 compilation: enabled

Compilation events (10 events):
Event: 106.855 Thread 0x000002a5f55d8800 4498       3       sun.java2d.SunGraphics2D::checkFontInfo (721 bytes)
Event: 106.861 Thread 0x000002a5f55d8800 nmethod 4498 0x000002a5e2df5890 code [0x000002a5e2df5ce0, 0x000002a5e2df8490]
Event: 106.861 Thread 0x000002a5f55d8800 4499       3       java.awt.Font::getSize2D (5 bytes)
Event: 106.861 Thread 0x000002a5f55d8800 nmethod 4499 0x000002a5e2df9750 code [0x000002a5e2df98a0, 0x000002a5e2df99f8]
Event: 106.861 Thread 0x000002a5f55d8800 4500       3       java.awt.Font$FontAccessImpl::getFont2D (5 bytes)
Event: 106.862 Thread 0x000002a5f55d8800 nmethod 4500 0x000002a5e2df9a90 code [0x000002a5e2df9c00, 0x000002a5e2df9df0]
Event: 106.863 Thread 0x000002a5f558c800 4501       4       java.awt.Component::getFont_NoClientCode (29 bytes)
Event: 106.865 Thread 0x000002a5f558c800 nmethod 4501 0x000002a5e2574490 code [0x000002a5e25745e0, 0x000002a5e2574688]
Event: 106.867 Thread 0x000002a5f55d8800 4502       3       sun.util.locale.LocaleUtils::isAlpha (30 bytes)
Event: 106.867 Thread 0x000002a5f55d8800 nmethod 4502 0x000002a5e2dfc7d0 code [0x000002a5e2dfc920, 0x000002a5e2dfcb58]

GC Heap History (10 events):
Event: 11.525 GC heap before
{Heap before GC invocations=4 (full 0):
 PSYoungGen      total 18944K, used 18912K [0x00000000eb500000, 0x00000000eda00000, 0x0000000100000000)
  eden space 16384K, 100% used [0x00000000eb500000,0x00000000ec500000,0x00000000ec500000)
  from space 2560K, 98% used [0x00000000ec500000,0x00000000ec778060,0x00000000ec780000)
  to   space 2560K, 0% used [0x00000000ed780000,0x00000000ed780000,0x00000000eda00000)
 ParOldGen       total 44032K, used 7423K [0x00000000c1e00000, 0x00000000c4900000, 0x00000000eb500000)
  object space 44032K, 16% used [0x00000000c1e00000,0x00000000c253fe70,0x00000000c4900000)
 Metaspace       used 19754K, capacity 20510K, committed 20736K, reserved 1067008K
  class space    used 2825K, capacity 3034K, committed 3072K, reserved 1048576K
Event: 11.535 GC heap after
Heap after GC invocations=4 (full 0):
 PSYoungGen      total 18944K, used 2557K [0x00000000eb500000, 0x00000000eda00000, 0x0000000100000000)
  eden space 16384K, 0% used [0x00000000eb500000,0x00000000eb500000,0x00000000ec500000)
  from space 2560K, 99% used [0x00000000ed780000,0x00000000ed9ff558,0x00000000eda00000)
  to   space 2560K, 0% used [0x00000000ec500000,0x00000000ec500000,0x00000000ec780000)
 ParOldGen       total 44032K, used 13910K [0x00000000c1e00000, 0x00000000c4900000, 0x00000000eb500000)
  object space 44032K, 31% used [0x00000000c1e00000,0x00000000c2b95880,0x00000000c4900000)
 Metaspace       used 19754K, capacity 20510K, committed 20736K, reserved 1067008K
  class space    used 2825K, capacity 3034K, committed 3072K, reserved 1048576K
}
Event: 18.062 GC heap before
{Heap before GC invocations=5 (full 0):
 PSYoungGen      total 18944K, used 7173K [0x00000000eb500000, 0x00000000eda00000, 0x0000000100000000)
  eden space 16384K, 28% used [0x00000000eb500000,0x00000000eb9821b8,0x00000000ec500000)
  from space 2560K, 99% used [0x00000000ed780000,0x00000000ed9ff558,0x00000000eda00000)
  to   space 2560K, 0% used [0x00000000ec500000,0x00000000ec500000,0x00000000ec780000)
 ParOldGen       total 44032K, used 13910K [0x00000000c1e00000, 0x00000000c4900000, 0x00000000eb500000)
  object space 44032K, 31% used [0x00000000c1e00000,0x00000000c2b95880,0x00000000c4900000)
 Metaspace       used 20352K, capacity 21134K, committed 21296K, reserved 1067008K
  class space    used 2865K, capacity 3080K, committed 3200K, reserved 1048576K
Event: 18.073 GC heap after
Heap after GC invocations=5 (full 0):
 PSYoungGen      total 18944K, used 2528K [0x00000000eb500000, 0x00000000edb00000, 0x0000000100000000)
  eden space 16384K, 0% used [0x00000000eb500000,0x00000000eb500000,0x00000000ec500000)
  from space 2560K, 98% used [0x00000000ec500000,0x00000000ec778010,0x00000000ec780000)
  to   space 11264K, 0% used [0x00000000ed000000,0x00000000ed000000,0x00000000edb00000)
 ParOldGen       total 44032K, used 14739K [0x00000000c1e00000, 0x00000000c4900000, 0x00000000eb500000)
  object space 44032K, 33% used [0x00000000c1e00000,0x00000000c2c64e78,0x00000000c4900000)
 Metaspace       used 20352K, capacity 21134K, committed 21296K, reserved 1067008K
  class space    used 2865K, capacity 3080K, committed 3200K, reserved 1048576K
}
Event: 18.073 GC heap before
{Heap before GC invocations=6 (full 1):
 PSYoungGen      total 18944K, used 2528K [0x00000000eb500000, 0x00000000edb00000, 0x0000000100000000)
  eden space 16384K, 0% used [0x00000000eb500000,0x00000000eb500000,0x00000000ec500000)
  from space 2560K, 98% used [0x00000000ec500000,0x00000000ec778010,0x00000000ec780000)
  to   space 11264K, 0% used [0x00000000ed000000,0x00000000ed000000,0x00000000edb00000)
 ParOldGen       total 44032K, used 14739K [0x00000000c1e00000, 0x00000000c4900000, 0x00000000eb500000)
  object space 44032K, 33% used [0x00000000c1e00000,0x00000000c2c64e78,0x00000000c4900000)
 Metaspace       used 20352K, capacity 21134K, committed 21296K, reserved 1067008K
  class space    used 2865K, capacity 3080K, committed 3200K, reserved 1048576K
Event: 18.115 GC heap after
Heap after GC invocations=6 (full 1):
 PSYoungGen      total 18944K, used 0K [0x00000000eb500000, 0x00000000edb00000, 0x0000000100000000)
  eden space 16384K, 0% used [0x00000000eb500000,0x00000000eb500000,0x00000000ec500000)
  from space 2560K, 0% used [0x00000000ec500000,0x00000000ec500000,0x00000000ec780000)
  to   space 11264K, 0% used [0x00000000ed000000,0x00000000ed000000,0x00000000edb00000)
 ParOldGen       total 37888K, used 13144K [0x00000000c1e00000, 0x00000000c4300000, 0x00000000eb500000)
  object space 37888K, 34% used [0x00000000c1e00000,0x00000000c2ad6390,0x00000000c4300000)
 Metaspace       used 20352K, capacity 21134K, committed 21296K, reserved 1067008K
  class space    used 2865K, capacity 3080K, committed 3200K, reserved 1048576K
}
Event: 18.674 GC heap before
{Heap before GC invocations=7 (full 1):
 PSYoungGen      total 18944K, used 13593K [0x00000000eb500000, 0x00000000edb00000, 0x0000000100000000)
  eden space 16384K, 82% used [0x00000000eb500000,0x00000000ec246450,0x00000000ec500000)
  from space 2560K, 0% used [0x00000000ec500000,0x00000000ec500000,0x00000000ec780000)
  to   space 11264K, 0% used [0x00000000ed000000,0x00000000ed000000,0x00000000edb00000)
 ParOldGen       total 37888K, used 13144K [0x00000000c1e00000, 0x00000000c4300000, 0x00000000eb500000)
  object space 37888K, 34% used [0x00000000c1e00000,0x00000000c2ad6390,0x00000000c4300000)
 Metaspace       used 22558K, capacity 23882K, committed 24064K, reserved 1069056K
  class space    used 3242K, capacity 3524K, committed 3584K, reserved 1048576K
Event: 18.681 GC heap after
Heap after GC invocations=7 (full 1):
 PSYoungGen      total 27648K, used 2084K [0x00000000eb500000, 0x00000000ee780000, 0x0000000100000000)
  eden space 16384K, 0% used [0x00000000eb500000,0x00000000eb500000,0x00000000ec500000)
  from space 11264K, 18% used [0x00000000ed000000,0x00000000ed209120,0x00000000edb00000)
  to   space 11264K, 0% used [0x00000000ec500000,0x00000000ec500000,0x00000000ed000000)
 ParOldGen       total 37888K, used 13152K [0x00000000c1e00000, 0x00000000c4300000, 0x00000000eb500000)
  object space 37888K, 34% used [0x00000000c1e00000,0x00000000c2ad8390,0x00000000c4300000)
 Metaspace       used 22558K, capacity 23882K, committed 24064K, reserved 1069056K
  class space    used 3242K, capacity 3524K, committed 3584K, reserved 1048576K
}
Event: 24.036 GC heap before
{Heap before GC invocations=8 (full 1):
 PSYoungGen      total 27648K, used 18468K [0x00000000eb500000, 0x00000000ee780000, 0x0000000100000000)
  eden space 16384K, 100% used [0x00000000eb500000,0x00000000ec500000,0x00000000ec500000)
  from space 11264K, 18% used [0x00000000ed000000,0x00000000ed209120,0x00000000edb00000)
  to   space 11264K, 0% used [0x00000000ec500000,0x00000000ec500000,0x00000000ed000000)
 ParOldGen       total 37888K, used 13152K [0x00000000c1e00000, 0x00000000c4300000, 0x00000000eb500000)
  object space 37888K, 34% used [0x00000000c1e00000,0x00000000c2ad8390,0x00000000c4300000)
 Metaspace       used 27290K, capacity 28650K, committed 28928K, reserved 1075200K
  class space    used 3777K, capacity 4058K, committed 4096K, reserved 1048576K
Event: 24.042 GC heap after
Heap after GC invocations=8 (full 1):
 PSYoungGen      total 27648K, used 6808K [0x00000000eb500000, 0x00000000edb00000, 0x0000000100000000)
  eden space 16384K, 0% used [0x00000000eb500000,0x00000000eb500000,0x00000000ec500000)
  from space 11264K, 60% used [0x00000000ec500000,0x00000000ecba6110,0x00000000ed000000)
  to   space 11264K, 0% used [0x00000000ed000000,0x00000000ed000000,0x00000000edb00000)
 ParOldGen       total 37888K, used 13160K [0x00000000c1e00000, 0x00000000c4300000, 0x00000000eb500000)
  object space 37888K, 34% used [0x00000000c1e00000,0x00000000c2ada390,0x00000000c4300000)
 Metaspace       used 27290K, capacity 28650K, committed 28928K, reserved 1075200K
  class space    used 3777K, capacity 4058K, committed 4096K, reserved 1048576K
}

Deoptimization events (10 events):
Event: 23.980 Thread 0x000002a5f59d9000 Uncommon trap: reason=predicate action=maybe_recompile pc=0x000002a5e270092c method=java.lang.String.regionMatches(ZILjava/lang/String;II)Z @ 63
Event: 24.053 Thread 0x000002a5f59d9000 Uncommon trap: reason=class_check action=maybe_recompile pc=0x000002a5e2a53054 method=java.util.WeakHashMap.eq(Ljava/lang/Object;Ljava/lang/Object;)Z @ 7
Event: 24.081 Thread 0x000002a5f59d9000 Uncommon trap: reason=class_check action=maybe_recompile pc=0x000002a5e2a53054 method=java.util.WeakHashMap.eq(Ljava/lang/Object;Ljava/lang/Object;)Z @ 7
Event: 24.081 Thread 0x000002a5f59d9000 Uncommon trap: reason=class_check action=maybe_recompile pc=0x000002a5e2a53054 method=java.util.WeakHashMap.eq(Ljava/lang/Object;Ljava/lang/Object;)Z @ 7
Event: 24.118 Thread 0x000002a5faa87000 Uncommon trap: reason=class_check action=maybe_recompile pc=0x000002a5e2a53054 method=java.util.WeakHashMap.eq(Ljava/lang/Object;Ljava/lang/Object;)Z @ 7
Event: 24.121 Thread 0x000002a5f597e800 Uncommon trap: reason=unstable_if action=reinterpret pc=0x000002a5e2c73b30 method=com.sun.prism.impl.ManagedResource._isgone(Lcom/sun/prism/impl/ManagedResource;)Z @ 1
Event: 24.202 Thread 0x000002a5fab71800 Uncommon trap: reason=bimorphic action=maybe_recompile pc=0x000002a5e2761e6c method=java.util.HashMap.putVal(ILjava/lang/Object;Ljava/lang/Object;ZZ)Ljava/lang/Object; @ 203
Event: 24.202 Thread 0x000002a5fab71800 Uncommon trap: reason=bimorphic action=maybe_recompile pc=0x000002a5e2761e6c method=java.util.HashMap.putVal(ILjava/lang/Object;Ljava/lang/Object;ZZ)Ljava/lang/Object; @ 203
Event: 24.202 Thread 0x000002a5fab71800 Uncommon trap: reason=bimorphic action=maybe_recompile pc=0x000002a5e2761e6c method=java.util.HashMap.putVal(ILjava/lang/Object;Ljava/lang/Object;ZZ)Ljava/lang/Object; @ 203
Event: 33.874 Thread 0x000002a5faa87000 Uncommon trap: reason=unstable_if action=reinterpret pc=0x000002a5e2555314 method=java.awt.Component.inside(II)Z @ 1

Classes redefined (0 events):
No events

Internal exceptions (10 events):
Event: 2.860 Thread 0x000002a5f59d9000 Implicit null exception at 0x000002a5e246f635 to 0x000002a5e246f845
Event: 11.310 Thread 0x000002a5f59d9000 Exception <a 'java/lang/ArrayIndexOutOfBoundsException'> (0x00000000ec2811a8) thrown at [C:\jenkins\workspace\8-2-build-windows-amd64-cygwin\jdk8u261\295\hotspot\src\share\vm\runtime\sharedRuntime.cpp, line 605]
Event: 11.310 Thread 0x000002a5f59d9000 Exception <a 'java/lang/ArrayIndexOutOfBoundsException'> (0x00000000ec282808) thrown at [C:\jenkins\workspace\8-2-build-windows-amd64-cygwin\jdk8u261\295\hotspot\src\share\vm\runtime\sharedRuntime.cpp, line 605]
Event: 11.573 Thread 0x000002a5f59d9000 Exception <a 'java/io/FileNotFoundException'> (0x00000000eb62acc8) thrown at [C:\jenkins\workspace\8-2-build-windows-amd64-cygwin\jdk8u261\295\hotspot\src\share\vm\prims\jni.cpp, line 710]
Event: 18.213 Thread 0x000002a5f59d9000 Exception <a 'java/lang/ArrayIndexOutOfBoundsException': 78> (0x00000000eb763a50) thrown at [C:\jenkins\workspace\8-2-build-windows-amd64-cygwin\jdk8u261\295\hotspot\src\share\vm\interpreter\interpreterRuntime.cpp, line 368]
Event: 18.216 Thread 0x000002a5f59d9000 Exception <a 'java/lang/ArrayIndexOutOfBoundsException': 75> (0x00000000eb777250) thrown at [C:\jenkins\workspace\8-2-build-windows-amd64-cygwin\jdk8u261\295\hotspot\src\share\vm\interpreter\interpreterRuntime.cpp, line 368]
Event: 23.795 Thread 0x000002a5f59d9000 Exception <a 'java/io/FileNotFoundException'> (0x00000000ec25b848) thrown at [C:\jenkins\workspace\8-2-build-windows-amd64-cygwin\jdk8u261\295\hotspot\src\share\vm\prims\jni.cpp, line 710]
Event: 23.901 Thread 0x000002a5f59d9000 Exception <a 'java/io/FileNotFoundException'> (0x00000000ec3c5118) thrown at [C:\jenkins\workspace\8-2-build-windows-amd64-cygwin\jdk8u261\295\hotspot\src\share\vm\prims\jni.cpp, line 710]
Event: 24.121 Thread 0x000002a5f597e800 Implicit null exception at 0x000002a5e2c73aac to 0x000002a5e2c73b21
Event: 44.160 Thread 0x000002a5faa87000 Exception <a 'java/lang/NullPointerException'> (0x00000000ebda7838) thrown at [C:\jenkins\workspace\8-2-build-windows-amd64-cygwin\jdk8u261\295\hotspot\src\share\vm\prims\jvm.cpp, line 1516]

Events (10 events):
Event: 106.837 Executing VM operation: RevokeBias done
Event: 106.838 Executing VM operation: RevokeBias
Event: 106.838 Executing VM operation: RevokeBias done
Event: 106.858 Executing VM operation: BulkRevokeBias
Event: 106.859 Executing VM operation: BulkRevokeBias done
Event: 106.865 Executing VM operation: BulkRevokeBias
Event: 106.866 Executing VM operation: BulkRevokeBias done
Event: 108.121 Executing VM operation: RevokeBias
Event: 108.121 Executing VM operation: RevokeBias done
Event: 108.122 Thread 0x000002a5faa83800 Thread exited: 0x000002a5faa83800


Dynamic libraries:
0x00007ff7e7300000 - 0x00007ff7e7347000 	C:\Program Files\Java\jdk1.8.0_261\bin\java.exe
0x00007fff85d10000 - 0x00007fff85f05000 	C:\WINDOWS\SYSTEM32\ntdll.dll
0x00007fff83e50000 - 0x00007fff83f0d000 	C:\WINDOWS\System32\KERNEL32.DLL
0x00007fff83740000 - 0x00007fff83a07000 	C:\WINDOWS\System32\KERNELBASE.dll
0x00007fff85400000 - 0x00007fff854aa000 	C:\WINDOWS\System32\ADVAPI32.dll
0x00007fff84650000 - 0x00007fff846ee000 	C:\WINDOWS\System32\msvcrt.dll
0x00007fff852a0000 - 0x00007fff8533b000 	C:\WINDOWS\System32\sechost.dll
0x00007fff84fc0000 - 0x00007fff850e3000 	C:\WINDOWS\System32\RPCRT4.dll
0x00007fff84c40000 - 0x00007fff84de0000 	C:\WINDOWS\System32\USER32.dll
0x00007fff83a90000 - 0x00007fff83ab2000 	C:\WINDOWS\System32\win32u.dll
0x00007fff84f90000 - 0x00007fff84fba000 	C:\WINDOWS\System32\GDI32.dll
0x00007fff83460000 - 0x00007fff8356a000 	C:\WINDOWS\System32\gdi32full.dll
0x00007fff83570000 - 0x00007fff8360d000 	C:\WINDOWS\System32\msvcp_win.dll
0x00007fff83c80000 - 0x00007fff83d80000 	C:\WINDOWS\System32\ucrtbase.dll
0x00007fff82860000 - 0x00007fff82afa000 	C:\WINDOWS\WinSxS\amd64_microsoft.windows.common-controls_6595b64144ccf1df_6.0.19041.1_none_b555e41d4684ddec\COMCTL32.dll
0x00007fff84de0000 - 0x00007fff84e10000 	C:\WINDOWS\System32\IMM32.DLL
0x00007fff819c0000 - 0x00007fff819d5000 	C:\Program Files\Java\jdk1.8.0_261\jre\bin\vcruntime140.dll
0x00007fff7e5e0000 - 0x00007fff7e67b000 	C:\Program Files\Java\jdk1.8.0_261\jre\bin\msvcp140.dll
0x00000000613e0000 - 0x0000000061c4c000 	C:\Program Files\Java\jdk1.8.0_261\jre\bin\server\jvm.dll
0x00007fff84570000 - 0x00007fff84578000 	C:\WINDOWS\System32\PSAPI.DLL
0x00007fff64370000 - 0x00007fff64379000 	C:\WINDOWS\SYSTEM32\WSOCK32.dll
0x00007fff845e0000 - 0x00007fff8464b000 	C:\WINDOWS\System32\WS2_32.dll
0x00007fff76b90000 - 0x00007fff76bb7000 	C:\WINDOWS\SYSTEM32\WINMM.dll
0x00007fff76e90000 - 0x00007fff76e9a000 	C:\WINDOWS\SYSTEM32\VERSION.dll
0x00007fff80610000 - 0x00007fff80623000 	C:\WINDOWS\SYSTEM32\kernel.appcore.dll
0x00007fff81990000 - 0x00007fff819a0000 	C:\Program Files\Java\jdk1.8.0_261\jre\bin\verify.dll
0x00007fff817b0000 - 0x00007fff817db000 	C:\Program Files\Java\jdk1.8.0_261\jre\bin\java.dll
0x00007fff6f3d0000 - 0x00007fff6f402000 	C:\Program Files\Java\jdk1.8.0_261\jre\bin\instrument.dll
0x00007fff7e5a0000 - 0x00007fff7e5b8000 	C:\Program Files\Java\jdk1.8.0_261\jre\bin\zip.dll
0x00007fff854b0000 - 0x00007fff85bf0000 	C:\WINDOWS\System32\SHELL32.dll
0x00007fff80810000 - 0x00007fff80fa1000 	C:\WINDOWS\SYSTEM32\windows.storage.dll
0x00007fff846f0000 - 0x00007fff84a43000 	C:\WINDOWS\System32\combase.dll
0x00007fff827f0000 - 0x00007fff8281c000 	C:\WINDOWS\SYSTEM32\Wldp.dll
0x00007fff85c20000 - 0x00007fff85cce000 	C:\WINDOWS\System32\SHCORE.dll
0x00007fff84f30000 - 0x00007fff84f85000 	C:\WINDOWS\System32\shlwapi.dll
0x00007fff833a0000 - 0x00007fff833bf000 	C:\WINDOWS\SYSTEM32\profapi.dll
0x00007fff7e540000 - 0x00007fff7e55a000 	C:\Program Files\JetBrains\IntelliJ IDEA 2020.1.4\bin\breakgen64.dll
0x00007fff7dd70000 - 0x00007fff7dd8c000 	C:\Program Files\Java\jdk1.8.0_261\jre\bin\net.dll
0x00007fff82570000 - 0x00007fff825da000 	C:\WINDOWS\system32\mswsock.dll
0x000002a5f6140000 - 0x000002a5f6143000 	C:\Program Files\Java\jdk1.8.0_261\jre\bin\api-ms-win-core-console-l1-1-0.dll
0x000002a5f6150000 - 0x000002a5f6153000 	C:\Program Files\Java\jdk1.8.0_261\jre\bin\api-ms-win-core-datetime-l1-1-0.dll
0x000002a5f6160000 - 0x000002a5f6163000 	C:\Program Files\Java\jdk1.8.0_261\jre\bin\api-ms-win-core-debug-l1-1-0.dll
0x000002a5f6170000 - 0x000002a5f6173000 	C:\Program Files\Java\jdk1.8.0_261\jre\bin\api-ms-win-core-errorhandling-l1-1-0.dll
0x000002a5f6180000 - 0x000002a5f6184000 	C:\Program Files\Java\jdk1.8.0_261\jre\bin\api-ms-win-core-file-l1-1-0.dll
0x000002a5f6190000 - 0x000002a5f6193000 	C:\Program Files\Java\jdk1.8.0_261\jre\bin\api-ms-win-core-file-l1-2-0.dll
0x000002a5f61a0000 - 0x000002a5f61a3000 	C:\Program Files\Java\jdk1.8.0_261\jre\bin\api-ms-win-core-file-l2-1-0.dll
0x000002a5f61b0000 - 0x000002a5f61b3000 	C:\Program Files\Java\jdk1.8.0_261\jre\bin\api-ms-win-core-handle-l1-1-0.dll
0x000002a5f61c0000 - 0x000002a5f61c3000 	C:\Program Files\Java\jdk1.8.0_261\jre\bin\api-ms-win-core-heap-l1-1-0.dll
0x000002a5f61d0000 - 0x000002a5f61d3000 	C:\Program Files\Java\jdk1.8.0_261\jre\bin\api-ms-win-core-interlocked-l1-1-0.dll
0x000002a5f61e0000 - 0x000002a5f61e3000 	C:\Program Files\Java\jdk1.8.0_261\jre\bin\api-ms-win-core-libraryloader-l1-1-0.dll
0x000002a5f61f0000 - 0x000002a5f61f3000 	C:\Program Files\Java\jdk1.8.0_261\jre\bin\api-ms-win-core-localization-l1-2-0.dll
0x000002a5f6200000 - 0x000002a5f6203000 	C:\Program Files\Java\jdk1.8.0_261\jre\bin\api-ms-win-core-memory-l1-1-0.dll
0x000002a5f6210000 - 0x000002a5f6213000 	C:\Program Files\Java\jdk1.8.0_261\jre\bin\api-ms-win-core-namedpipe-l1-1-0.dll
0x000002a5f6220000 - 0x000002a5f6223000 	C:\Program Files\Java\jdk1.8.0_261\jre\bin\api-ms-win-core-processenvironment-l1-1-0.dll
0x000002a5f6230000 - 0x000002a5f6233000 	C:\Program Files\Java\jdk1.8.0_261\jre\bin\api-ms-win-core-processthreads-l1-1-0.dll
0x000002a5f6240000 - 0x000002a5f6243000 	C:\Program Files\Java\jdk1.8.0_261\jre\bin\api-ms-win-core-processthreads-l1-1-1.dll
0x000002a5f6250000 - 0x000002a5f6253000 	C:\Program Files\Java\jdk1.8.0_261\jre\bin\api-ms-win-core-profile-l1-1-0.dll
0x000002a5f6260000 - 0x000002a5f6263000 	C:\Program Files\Java\jdk1.8.0_261\jre\bin\api-ms-win-core-rtlsupport-l1-1-0.dll
0x000002a5f6270000 - 0x000002a5f6273000 	C:\Program Files\Java\jdk1.8.0_261\jre\bin\api-ms-win-core-string-l1-1-0.dll
0x000002a5f6280000 - 0x000002a5f6283000 	C:\Program Files\Java\jdk1.8.0_261\jre\bin\api-ms-win-core-synch-l1-1-0.dll
0x000002a5f6290000 - 0x000002a5f6293000 	C:\Program Files\Java\jdk1.8.0_261\jre\bin\api-ms-win-core-synch-l1-2-0.dll
0x000002a5f62a0000 - 0x000002a5f62a3000 	C:\Program Files\Java\jdk1.8.0_261\jre\bin\api-ms-win-core-sysinfo-l1-1-0.dll
0x000002a5f62b0000 - 0x000002a5f62b3000 	C:\Program Files\Java\jdk1.8.0_261\jre\bin\api-ms-win-core-timezone-l1-1-0.dll
0x000002a5f62c0000 - 0x000002a5f62c3000 	C:\Program Files\Java\jdk1.8.0_261\jre\bin\api-ms-win-core-util-l1-1-0.dll
0x000002a5f62d0000 - 0x000002a5f62d3000 	C:\Program Files\Java\jdk1.8.0_261\jre\bin\api-ms-win-crt-conio-l1-1-0.dll
0x000002a5f62e0000 - 0x000002a5f62e4000 	C:\Program Files\Java\jdk1.8.0_261\jre\bin\api-ms-win-crt-convert-l1-1-0.dll
0x000002a5f62f0000 - 0x000002a5f62f3000 	C:\Program Files\Java\jdk1.8.0_261\jre\bin\api-ms-win-crt-environment-l1-1-0.dll
0x000002a5f6300000 - 0x000002a5f6303000 	C:\Program Files\Java\jdk1.8.0_261\jre\bin\api-ms-win-crt-filesystem-l1-1-0.dll
0x000002a5f6310000 - 0x000002a5f6313000 	C:\Program Files\Java\jdk1.8.0_261\jre\bin\api-ms-win-crt-heap-l1-1-0.dll
0x000002a5f6320000 - 0x000002a5f6323000 	C:\Program Files\Java\jdk1.8.0_261\jre\bin\api-ms-win-crt-locale-l1-1-0.dll
0x000002a5f6330000 - 0x000002a5f6335000 	C:\Program Files\Java\jdk1.8.0_261\jre\bin\api-ms-win-crt-math-l1-1-0.dll
0x000002a5f6340000 - 0x000002a5f6345000 	C:\Program Files\Java\jdk1.8.0_261\jre\bin\api-ms-win-crt-multibyte-l1-1-0.dll
0x000002a5f6350000 - 0x000002a5f6360000 	C:\Program Files\Java\jdk1.8.0_261\jre\bin\api-ms-win-crt-private-l1-1-0.dll
0x000002a5f6360000 - 0x000002a5f6363000 	C:\Program Files\Java\jdk1.8.0_261\jre\bin\api-ms-win-crt-process-l1-1-0.dll
0x000002a5f6370000 - 0x000002a5f6374000 	C:\Program Files\Java\jdk1.8.0_261\jre\bin\api-ms-win-crt-runtime-l1-1-0.dll
0x000002a5f6380000 - 0x000002a5f6384000 	C:\Program Files\Java\jdk1.8.0_261\jre\bin\api-ms-win-crt-stdio-l1-1-0.dll
0x000002a5f6390000 - 0x000002a5f6394000 	C:\Program Files\Java\jdk1.8.0_261\jre\bin\api-ms-win-crt-string-l1-1-0.dll
0x000002a5f63a0000 - 0x000002a5f63a3000 	C:\Program Files\Java\jdk1.8.0_261\jre\bin\api-ms-win-crt-time-l1-1-0.dll
0x000002a5f63b0000 - 0x000002a5f63b3000 	C:\Program Files\Java\jdk1.8.0_261\jre\bin\api-ms-win-crt-utility-l1-1-0.dll
0x00007fff674e0000 - 0x00007fff675dc000 	C:\Program Files\Java\jdk1.8.0_261\jre\bin\ucrtbase.dll
0x00007fff67ee0000 - 0x00007fff67f31000 	C:\Program Files\Java\jdk1.8.0_261\jre\bin\concrt140.dll
0x00007fff6d900000 - 0x00007fff6d923000 	C:\Program Files\Java\jdk1.8.0_261\jre\bin\prism_d3d.dll
0x00007fff57870000 - 0x00007fff57a3d000 	C:\WINDOWS\system32\d3d9.dll
0x00007fff80310000 - 0x00007fff8033f000 	C:\WINDOWS\SYSTEM32\dwmapi.dll
0x00007fff801e0000 - 0x00007fff8027f000 	C:\WINDOWS\system32\uxtheme.dll
0x00007fff49eb0000 - 0x00007fff4a91d000 	C:\WINDOWS\SYSTEM32\igdumdim64.dll
0x00007fff78170000 - 0x00007fff785d5000 	C:\WINDOWS\SYSTEM32\igdusc64.dll
0x00007fff63830000 - 0x00007fff63875000 	C:\Program Files\Java\jdk1.8.0_261\jre\bin\glass.dll
0x00007fff84b60000 - 0x00007fff84c3a000 	C:\WINDOWS\System32\COMDLG32.dll
0x00007fff84380000 - 0x00007fff844a9000 	C:\WINDOWS\System32\ole32.dll
0x00007fff83d80000 - 0x00007fff83e4d000 	C:\WINDOWS\System32\OLEAUT32.dll
0x00007fff84e10000 - 0x00007fff84f25000 	C:\WINDOWS\System32\MSCTF.dll
0x00007fff836c0000 - 0x00007fff8373f000 	C:\WINDOWS\System32\bcryptPrimitives.dll
0x00007fff83120000 - 0x00007fff83138000 	C:\WINDOWS\SYSTEM32\CRYPTSP.dll
0x00007fff81f20000 - 0x00007fff81f54000 	C:\WINDOWS\system32\rsaenh.dll
0x00007fff83a10000 - 0x00007fff83a37000 	C:\WINDOWS\System32\bcrypt.dll
0x00007fff83320000 - 0x00007fff8334e000 	C:\WINDOWS\SYSTEM32\USERENV.dll
0x00007fff82740000 - 0x00007fff8274c000 	C:\WINDOWS\SYSTEM32\CRYPTBASE.dll
0x00007fff82260000 - 0x00007fff8229b000 	C:\WINDOWS\SYSTEM32\IPHLPAPI.DLL
0x00007fff85bf0000 - 0x00007fff85bf9000 	C:\WINDOWS\System32\NSI.dll
0x00007fff780f0000 - 0x00007fff78107000 	C:\WINDOWS\SYSTEM32\dhcpcsvc6.DLL
0x00007fff780d0000 - 0x00007fff780ed000 	C:\WINDOWS\SYSTEM32\dhcpcsvc.DLL
0x00007fff822a0000 - 0x00007fff8236a000 	C:\WINDOWS\SYSTEM32\DNSAPI.dll
0x00007fff7da80000 - 0x00007fff7da93000 	C:\Program Files\Java\jdk1.8.0_261\jre\bin\nio.dll
0x0000000070400000 - 0x00000000704f7000 	C:\Users\gabri\AppData\Local\Temp\sqlite-3.23.1-c6b8c1ae-c6af-47ec-ba70-9b76322fa8b8-sqlitejdbc.dll
0x00007fff765c0000 - 0x00007fff765d4000 	C:\Program Files\Java\jdk1.8.0_261\jre\bin\javafx_font.dll
0x00007fff6a160000 - 0x00007fff6a3de000 	C:\WINDOWS\SYSTEM32\dwrite.dll
0x00007fff85350000 - 0x00007fff853f8000 	C:\WINDOWS\System32\clbcatq.dll
0x00007fff7c6e0000 - 0x00007fff7c894000 	C:\WINDOWS\SYSTEM32\WindowsCodecs.dll
0x00007fff66cf0000 - 0x00007fff66d2e000 	C:\WINDOWS\system32\dataexchange.dll
0x00007fff7f190000 - 0x00007fff7f3f3000 	C:\WINDOWS\system32\d3d11.dll
0x00007fff7f560000 - 0x00007fff7f745000 	C:\WINDOWS\system32\dcomp.dll
0x00007fff81050000 - 0x00007fff81143000 	C:\WINDOWS\system32\dxgi.dll
0x00007fff7c8a0000 - 0x00007fff7caa7000 	C:\WINDOWS\system32\twinapi.appcore.dll
0x00007fff6bb40000 - 0x00007fff6bb74000 	C:\Program Files\Common Files\Microsoft Shared\Ink\rtscom.dll
0x00007fff6e4e0000 - 0x00007fff6e5dc000 	C:\WINDOWS\SYSTEM32\textinputframework.dll
0x00007fff7fad0000 - 0x00007fff7fbc2000 	C:\WINDOWS\System32\CoreMessaging.dll
0x00007fff7fbd0000 - 0x00007fff7ff2a000 	C:\WINDOWS\System32\CoreUIComponents.dll
0x00007fff82d00000 - 0x00007fff82d33000 	C:\WINDOWS\SYSTEM32\ntmarta.dll
0x00007fff7f400000 - 0x00007fff7f556000 	C:\WINDOWS\SYSTEM32\wintypes.dll
0x00007fff6f3b0000 - 0x00007fff6f3c2000 	C:\Program Files\Java\jdk1.8.0_261\jre\bin\prism_common.dll
0x00007fff7ebd0000 - 0x00007fff7f190000 	C:\WINDOWS\SYSTEM32\d2d1.dll
0x00007fff797a0000 - 0x00007fff79e96000 	C:\WINDOWS\SYSTEM32\D3D10Warp.dll
0x00007fff79680000 - 0x00007fff796bb000 	C:\WINDOWS\SYSTEM32\dxcore.dll
0x00007fff83a40000 - 0x00007fff83a8d000 	C:\WINDOWS\System32\cfgmgr32.dll
0x00007fff4ab40000 - 0x00007fff4acd4000 	C:\Program Files\Java\jdk1.8.0_261\jre\bin\awt.dll
0x00007fff80060000 - 0x00007fff800f0000 	C:\WINDOWS\SYSTEM32\apphelp.dll
0x00007fff637e0000 - 0x00007fff63829000 	C:\Program Files\Java\jdk1.8.0_261\jre\bin\fontmanager.dll

VM Arguments:
jvm_args: -javaagent:C:\Program Files\JetBrains\IntelliJ IDEA 2020.1.4\lib\idea_rt.jar=64109:C:\Program Files\JetBrains\IntelliJ IDEA 2020.1.4\bin -Dfile.encoding=UTF-8 
java_command: Ui.Login.Main
java_class_path (initial): C:\Program Files\Java\jdk1.8.0_261\jre\lib\charsets.jar;C:\Program Files\Java\jdk1.8.0_261\jre\lib\deploy.jar;C:\Program Files\Java\jdk1.8.0_261\jre\lib\ext\access-bridge-64.jar;C:\Program Files\Java\jdk1.8.0_261\jre\lib\ext\cldrdata.jar;C:\Program Files\Java\jdk1.8.0_261\jre\lib\ext\dnsns.jar;C:\Program Files\Java\jdk1.8.0_261\jre\lib\ext\jaccess.jar;C:\Program Files\Java\jdk1.8.0_261\jre\lib\ext\jfxrt.jar;C:\Program Files\Java\jdk1.8.0_261\jre\lib\ext\localedata.jar;C:\Program Files\Java\jdk1.8.0_261\jre\lib\ext\nashorn.jar;C:\Program Files\Java\jdk1.8.0_261\jre\lib\ext\sunec.jar;C:\Program Files\Java\jdk1.8.0_261\jre\lib\ext\sunjce_provider.jar;C:\Program Files\Java\jdk1.8.0_261\jre\lib\ext\sunmscapi.jar;C:\Program Files\Java\jdk1.8.0_261\jre\lib\ext\sunpkcs11.jar;C:\Program Files\Java\jdk1.8.0_261\jre\lib\ext\zipfs.jar;C:\Program Files\Java\jdk1.8.0_261\jre\lib\javaws.jar;C:\Program Files\Java\jdk1.8.0_261\jre\lib\jce.jar;C:\Program Files\Java\jdk1.8.0_261\jre\lib\jfr.jar;C:\Program Files\Java\jdk1.8.0_261\jre\lib\jfxswt.jar;C:\Program Files\Java\jdk1.8.0_261\jre\lib\jsse.jar;C:\Program Files\Java\jdk1.8.0_261\jre\lib\management-agent.jar;C:\Program Files\Java\jdk1.8.0_261\jre\lib\plugin.jar;C:\Program Files\Java\jdk1.8.0_261\jre\lib\resources.jar;C:\Program Files\Java\jdk1.8.0_261\jre\lib\rt.jar;C:\Users\gabri\Documents\student_attendance_system\out\production\student_attendance_system;C:\Users\gabri\Documents\student_attendance_system\lib\annotations-16.0.2.jar;C:\Users\gabri\Documents\student_attendance_system\lib\controlsfx-8.40.13.jar;C:\Users\gabri\Documents\student_attendance_system\lib\fontawesomefx-fontawesome-4.7.0-1.jar;C:\Users\gabri\Documents\student_attendance_system\lib\recurrence-8.5.0.jar;C:\Users\gabri\Documents\student_attendance_system\lib\sqlite-jdbc-3.23.1.jar;C:\Users\gabri\Documents\student_attendance_system\lib\jfoenix-8.0.7.jar;C:\Users\gabri\Documents\student_attendance_system\lib\view-8.5.0.jar;C:\Users\ga
Launcher Type: SUN_STANDARD

Environment Variables:
JAVA_HOME=C:\Program Files\Java\jdk1.8.0_261
PATH=C:\Program Files (x86)\Common Files\Oracle\Java\javapath;C:\WINDOWS\system32;C:\WINDOWS;C:\WINDOWS\System32\Wbem;C:\WINDOWS\System32\WindowsPowerShell\v1.0\;C:\WINDOWS\System32\OpenSSH\;C:\Program Files\Java\jdk1.8.0_261\bin;
USERNAME=gabri
OS=Windows_NT
PROCESSOR_IDENTIFIER=Intel64 Family 6 Model 58 Stepping 9, GenuineIntel



---------------  S Y S T E M  ---------------

OS: Windows 10.0 , 64 bit Build 19041 (10.0.19041.292)

CPU:total 4 (initial active 4) (2 cores per cpu, 2 threads per core) family 6 model 58 stepping 9, cmov, cx8, fxsr, mmx, sse, sse2, sse3, ssse3, sse4.1, sse4.2, popcnt, avx, clmul, erms, ht, tsc, tscinvbit, tscinv

Memory: 4k page, physical 4070960k(561908k free), swap 9575984k(1293024k free)

vm_info: Java HotSpot(TM) 64-Bit Server VM (25.261-b12) for windows-amd64 JRE (1.8.0_261-b12), built on Jun 18 2020 06:56:32 by "" with unknown MS VC++:1916

time: Tue Sep  8 00:52:37 2020
timezone: Morocco Daylight Time
elapsed time: 108 seconds (0d 0h 1m 48s)

