#
# A fatal error has been detected by the Java Runtime Environment:
#
#  EXCEPTION_ACCESS_VIOLATION (0xc0000005) at pc=0x0000000061549a4e, pid=8112, tid=0x0000000000002b9c
#
# JRE version: Java(TM) SE Runtime Environment (8.0_261-b12) (build 1.8.0_261-b12)
# Java VM: Java HotSpot(TM) 64-Bit Server VM (25.261-b12 mixed mode windows-amd64 compressed oops)
# Problematic frame:
# V  [jvm.dll+0x169a4e]
#
# Failed to write core dump. Minidumps are not enabled by default on client versions of Windows
#
# If you would like to submit a bug report, please visit:
#   http://bugreport.java.com/bugreport/crash.jsp
#

---------------  T H R E A D  ---------------

Current thread (0x000002039fe91000):  JavaThread "AWT-EventQueue-0" [_thread_in_vm, id=11164, stack(0x000000a327700000,0x000000a327800000)]

siginfo: ExceptionCode=0xc0000005, reading address 0x0000000000000000

Registers:
RAX=0x0000000000000000, RBX=0x000002039fe91000, RCX=0x0000000000000100, RDX=0x0000000000000000
RSP=0x000000a3277f7c70, RBP=0x000002039fe91000, RSI=0x0000000000000000, RDI=0x000000a3277f7e00
R8 =0x000000a3277f7e68, R9 =0x0000000000000002, R10=0x0000000061b53d40, R11=0x0000000061619e30
R12=0x0000000000000000, R13=0x00000203ab3069f0, R14=0x000000a3277f7e70, R15=0x0000000000000000
RIP=0x0000000061549a4e, EFLAGS=0x0000000000010246

Top of Stack: (sp=0x000000a3277f7c70)
0x000000a3277f7c70:   000002039fd93940 0000005800000003
0x000000a3277f7c80:   000002039fe91000 000002039fe91000
0x000000a3277f7c90:   000000a3277f7e68 00007fff674f208a
0x000000a3277f7ca0:   00000203ab3069f0 000000a3277f7e10
0x000000a3277f7cb0:   000002039fe911f8 000000a3277f7e70
0x000000a3277f7cc0:   000000a3277f7e10 00000000614b28eb
0x000000a3277f7cd0:   000000a3277f7d00 0000000000000085
0x000000a3277f7ce0:   00000203a486cca0 000002039fd93930
0x000000a3277f7cf0:   00000203ab3069f0 000002039fe91000
0x000000a3277f7d00:   00000139ab3069f0 000002039fe91000
0x000000a3277f7d10:   000002038be27dc0 0000000000200020
0x000000a3277f7d20:   000002039fe91000 000000a3277f7e70
0x000000a3277f7d30:   00000203ab3069f0 0000000000000000
0x000000a3277f7d40:   000002038be27dc0 0000000000200020
0x000000a3277f7d50:   00000203ab3069f0 000002038be39f4e
0x000000a3277f7d60:   000002038be27dc0 00000000614af59f 

Instructions: (pc=0x0000000061549a4e)
0x0000000061549a2e:   df 0d 00 c7 83 70 02 00 00 06 00 00 00 40 f6 c6
0x0000000061549a3e:   01 74 0d 48 8b ce e8 07 2f 0b 00 48 8b c8 eb 03
0x0000000061549a4e:   48 8b 0e 80 3d 70 c3 67 00 00 b8 10 00 00 00 ba
0x0000000061549a5e:   0c 00 00 00 0f 45 c2 8b 3c 08 c7 83 70 02 00 00 


Register to memory mapping:

RAX=0x0000000000000000 is an unknown value
RBX=0x000002039fe91000 is a thread
RCX=0x0000000000000100 is an unknown value
RDX=0x0000000000000000 is an unknown value
RSP=0x000000a3277f7c70 is pointing into the stack for thread: 0x000002039fe91000
RBP=0x000002039fe91000 is a thread
RSI=0x0000000000000000 is an unknown value
RDI=0x000000a3277f7e00 is pointing into the stack for thread: 0x000002039fe91000
R8 =0x000000a3277f7e68 is pointing into the stack for thread: 0x000002039fe91000
R9 =0x0000000000000002 is an unknown value
R10=0x0000000061b53d40 is an unknown value
R11=0x0000000061619e30 is an unknown value
R12=0x0000000000000000 is an unknown value
R13={method} {0x00000203ab3069f8} 'DpfjIdentify' '([BII[[BIILcom/digitalpersona/uareu/jni/Dpfj$IntReference;[Lcom/digitalpersona/uareu/Engine$Candidate;)I' in 'com/digitalpersona/uareu/jni/Dpfj'
R14=0x000000a3277f7e70 is pointing into the stack for thread: 0x000002039fe91000
R15=0x0000000000000000 is an unknown value


Stack: [0x000000a327700000,0x000000a327800000],  sp=0x000000a3277f7c70,  free space=991k
Native frames: (J=compiled Java code, j=interpreted, Vv=VM code, C=native code)
V  [jvm.dll+0x169a4e]
C  0x00007fff674f208a
C  0x000002038be39f4e

Java frames: (J=compiled Java code, j=interpreted, Vv=VM code)
j  com.digitalpersona.uareu.jni.Dpfj.DpfjIdentify([BII[[BIILcom/digitalpersona/uareu/jni/Dpfj$IntReference;[Lcom/digitalpersona/uareu/Engine$Candidate;)I+0
j  com.digitalpersona.uareu.jni.Dpfj.identify(Lcom/digitalpersona/uareu/Fmd;I[Lcom/digitalpersona/uareu/Fmd;II)[Lcom/digitalpersona/uareu/Engine$Candidate;+148
j  com.digitalpersona.uareu.dpfj.EngineImpl.Identify(Lcom/digitalpersona/uareu/Fmd;I[Lcom/digitalpersona/uareu/Fmd;II)[Lcom/digitalpersona/uareu/Engine$Candidate;+11
j  Ui.Enrollment.Verification.ProcessCaptureResult(LUi/Enrollment/CaptureThread$CaptureEvent;)Z+288
j  Ui.Enrollment.Verification.actionPerformed(Ljava/awt/event/ActionEvent;)V+227
j  Ui.Enrollment.CaptureThread$1.run()V+11
J 4020 C1 java.awt.event.InvocationEvent.dispatch()V (69 bytes) @ 0x000002038c1dd194 [0x000002038c1dcf80+0x214]
J 3978 C1 java.awt.EventQueue.dispatchEventImpl(Ljava/awt/AWTEvent;Ljava/lang/Object;)V (149 bytes) @ 0x000002038c5b0c84 [0x000002038c5af1c0+0x1ac4]
J 3979 C1 java.awt.EventQueue$3.run()Ljava/lang/Void; (60 bytes) @ 0x000002038c044ccc [0x000002038c044ac0+0x20c]
J 3920 C1 java.awt.EventQueue$3.run()Ljava/lang/Object; (5 bytes) @ 0x000002038bfa5c0c [0x000002038bfa5b80+0x8c]
v  ~StubRoutines::call_stub
J 1528  java.security.AccessController.doPrivileged(Ljava/security/PrivilegedAction;Ljava/security/AccessControlContext;)Ljava/lang/Object; (0 bytes) @ 0x000002038c3393a6 [0x000002038c339340+0x66]
J 3918 C1 java.awt.EventQueue.dispatchEvent(Ljava/awt/AWTEvent;)V (80 bytes) @ 0x000002038bfa6e04 [0x000002038bfa6480+0x984]
J 3983 C1 java.awt.EventDispatchThread.pumpOneEventForFilters(I)V (190 bytes) @ 0x000002038c11514c [0x000002038c114000+0x114c]
j  java.awt.EventDispatchThread.pumpEventsForFilter(ILjava/awt/Conditional;Ljava/awt/EventFilter;)V+35
j  java.awt.EventDispatchThread.pumpEventsForFilter(Ljava/awt/Conditional;Ljava/awt/EventFilter;)V+4
j  java.awt.WaitDispatchSupport$2.run()V+59
j  java.awt.WaitDispatchSupport$4.run()Ljava/lang/Void;+4
j  java.awt.WaitDispatchSupport$4.run()Ljava/lang/Object;+1
v  ~StubRoutines::call_stub
J 570  java.security.AccessController.doPrivileged(Ljava/security/PrivilegedAction;)Ljava/lang/Object; (0 bytes) @ 0x000002038c091152 [0x000002038c091100+0x52]
j  java.awt.WaitDispatchSupport.enter()Z+325
j  java.awt.Dialog.show()V+233
j  java.awt.Component.show(Z)V+5
j  java.awt.Component.setVisible(Z)V+2
j  java.awt.Window.setVisible(Z)V+2
j  java.awt.Dialog.setVisible(Z)V+2
j  Ui.Enrollment.Verification.doModal(Ljavax/swing/JDialog;)V+75
j  Ui.Enrollment.Verification.Run(Lcom/digitalpersona/uareu/Reader;Lcom/digitalpersona/uareu/Fmd;)V+31
j  Ui.Enrollment.UareUSampleJava.actionPerformed(Ljava/awt/event/ActionEvent;)V+242
j  javax.swing.AbstractButton.fireActionPerformed(Ljava/awt/event/ActionEvent;)V+83
j  javax.swing.AbstractButton$Handler.actionPerformed(Ljava/awt/event/ActionEvent;)V+5
j  javax.swing.DefaultButtonModel.fireActionPerformed(Ljava/awt/event/ActionEvent;)V+34
j  javax.swing.DefaultButtonModel.setPressed(Z)V+117
j  javax.swing.plaf.basic.BasicButtonListener.mouseReleased(Ljava/awt/event/MouseEvent;)V+35
j  java.awt.Component.processMouseEvent(Ljava/awt/event/MouseEvent;)V+64
j  javax.swing.JComponent.processMouseEvent(Ljava/awt/event/MouseEvent;)V+23
J 4052 C1 java.awt.Component.processEvent(Ljava/awt/AWTEvent;)V (220 bytes) @ 0x000002038c8a2c24 [0x000002038c8a2700+0x524]
J 4051 C1 java.awt.Container.processEvent(Ljava/awt/AWTEvent;)V (22 bytes) @ 0x000002038c28d04c [0x000002038c28cd20+0x32c]
J 4026 C1 java.awt.Component.dispatchEventImpl(Ljava/awt/AWTEvent;)V (921 bytes) @ 0x000002038c2fecb4 [0x000002038c2f97c0+0x54f4]
J 3937 C1 java.awt.Container.dispatchEventImpl(Ljava/awt/AWTEvent;)V (129 bytes) @ 0x000002038c031004 [0x000002038c030ec0+0x144]
J 4018 C1 java.awt.LightweightDispatcher.retargetMouseEvent(Ljava/awt/Component;ILjava/awt/event/MouseEvent;)V (372 bytes) @ 0x000002038c0b399c [0x000002038c0b1100+0x289c]
J 4100 C1 java.awt.LightweightDispatcher.processMouseEvent(Ljava/awt/event/MouseEvent;)Z (286 bytes) @ 0x000002038c229a8c [0x000002038c228380+0x170c]
J 4032 C1 java.awt.LightweightDispatcher.dispatchEvent(Ljava/awt/AWTEvent;)Z (73 bytes) @ 0x000002038c02b87c [0x000002038c02b440+0x43c]
J 3937 C1 java.awt.Container.dispatchEventImpl(Ljava/awt/AWTEvent;)V (129 bytes) @ 0x000002038c030fa4 [0x000002038c030ec0+0xe4]
J 4013 C1 java.awt.Window.dispatchEventImpl(Ljava/awt/AWTEvent;)V (23 bytes) @ 0x000002038c1e4764 [0x000002038c1e4180+0x5e4]
J 3978 C1 java.awt.EventQueue.dispatchEventImpl(Ljava/awt/AWTEvent;Ljava/lang/Object;)V (149 bytes) @ 0x000002038c5b09fc [0x000002038c5af1c0+0x183c]
J 3979 C1 java.awt.EventQueue$3.run()Ljava/lang/Void; (60 bytes) @ 0x000002038c044ccc [0x000002038c044ac0+0x20c]
J 3920 C1 java.awt.EventQueue$3.run()Ljava/lang/Object; (5 bytes) @ 0x000002038bfa5c0c [0x000002038bfa5b80+0x8c]
v  ~StubRoutines::call_stub
J 1528  java.security.AccessController.doPrivileged(Ljava/security/PrivilegedAction;Ljava/security/AccessControlContext;)Ljava/lang/Object; (0 bytes) @ 0x000002038c3393a6 [0x000002038c339340+0x66]
J 4010 C1 java.awt.EventQueue$4.run()Ljava/lang/Object; (5 bytes) @ 0x000002038c27d26c [0x000002038c27ce40+0x42c]
v  ~StubRoutines::call_stub
J 1528  java.security.AccessController.doPrivileged(Ljava/security/PrivilegedAction;Ljava/security/AccessControlContext;)Ljava/lang/Object; (0 bytes) @ 0x000002038c3393a6 [0x000002038c339340+0x66]
J 3918 C1 java.awt.EventQueue.dispatchEvent(Ljava/awt/AWTEvent;)V (80 bytes) @ 0x000002038bfa72fc [0x000002038bfa6480+0xe7c]
J 3983 C1 java.awt.EventDispatchThread.pumpOneEventForFilters(I)V (190 bytes) @ 0x000002038c11514c [0x000002038c114000+0x114c]
j  java.awt.EventDispatchThread.pumpEventsForFilter(ILjava/awt/Conditional;Ljava/awt/EventFilter;)V+35
j  java.awt.EventDispatchThread.pumpEventsForFilter(Ljava/awt/Conditional;Ljava/awt/EventFilter;)V+4
j  java.awt.WaitDispatchSupport$2.run()V+59
j  java.awt.WaitDispatchSupport$4.run()Ljava/lang/Void;+4
j  java.awt.WaitDispatchSupport$4.run()Ljava/lang/Object;+1
v  ~StubRoutines::call_stub
J 570  java.security.AccessController.doPrivileged(Ljava/security/PrivilegedAction;)Ljava/lang/Object; (0 bytes) @ 0x000002038c091152 [0x000002038c091100+0x52]
j  java.awt.WaitDispatchSupport.enter()Z+325
j  java.awt.Dialog.show()V+233
j  java.awt.Component.show(Z)V+5
j  java.awt.Component.setVisible(Z)V+2
j  java.awt.Window.setVisible(Z)V+2
j  java.awt.Dialog.setVisible(Z)V+2
j  Ui.Enrollment.UareUSampleJava.doModal(Ljavax/swing/JDialog;)V+33
j  Ui.Enrollment.UareUSampleJava.createAndShowGUI()V+43
j  Ui.Enrollment.UareUSampleJava.access$000()V+0
j  Ui.Enrollment.UareUSampleJava$1.run()V+0
j  java.awt.event.InvocationEvent.dispatch()V+47
j  java.awt.EventQueue.dispatchEventImpl(Ljava/awt/AWTEvent;Ljava/lang/Object;)V+21
j  java.awt.EventQueue.access$500(Ljava/awt/EventQueue;Ljava/awt/AWTEvent;Ljava/lang/Object;)V+3
j  java.awt.EventQueue$3.run()Ljava/lang/Void;+32
j  java.awt.EventQueue$3.run()Ljava/lang/Object;+1
v  ~StubRoutines::call_stub
J 1528  java.security.AccessController.doPrivileged(Ljava/security/PrivilegedAction;Ljava/security/AccessControlContext;)Ljava/lang/Object; (0 bytes) @ 0x000002038c3393a6 [0x000002038c339340+0x66]
j  java.security.ProtectionDomain$JavaSecurityAccessImpl.doIntersectionPrivilege(Ljava/security/PrivilegedAction;Ljava/security/AccessControlContext;Ljava/security/AccessControlContext;)Ljava/lang/Object;+18
j  java.awt.EventQueue.dispatchEvent(Ljava/awt/AWTEvent;)V+46
j  java.awt.EventDispatchThread.pumpOneEventForFilters(I)V+140
j  java.awt.EventDispatchThread.pumpEventsForFilter(ILjava/awt/Conditional;Ljava/awt/EventFilter;)V+35
j  java.awt.EventDispatchThread.pumpEventsForHierarchy(ILjava/awt/Conditional;Ljava/awt/Component;)V+11
j  java.awt.EventDispatchThread.pumpEvents(ILjava/awt/Conditional;)V+4
j  java.awt.EventDispatchThread.pumpEvents(Ljava/awt/Conditional;)V+3
j  java.awt.EventDispatchThread.run()V+9
v  ~StubRoutines::call_stub

---------------  P R O C E S S  ---------------

Java Threads: ( => current thread )
  0x000002039fe8b000 JavaThread "TimerQueue" daemon [_thread_blocked, id=8640, stack(0x000000a327a00000,0x000000a327b00000)]
=>0x000002039fe91000 JavaThread "AWT-EventQueue-0" [_thread_in_vm, id=11164, stack(0x000000a327700000,0x000000a327800000)]
  0x000002039fe8c800 JavaThread "AWT-Windows" daemon [_thread_in_native, id=4552, stack(0x000000a327600000,0x000000a327700000)]
  0x00000203a47fe800 JavaThread "AWT-Shutdown" [_thread_blocked, id=1248, stack(0x000000a327500000,0x000000a327600000)]
  0x00000203a47fd800 JavaThread "Java2D Disposer" daemon [_thread_blocked, id=10836, stack(0x000000a327400000,0x000000a327500000)]
  0x000002039fd22000 JavaThread "Prism Font Disposer" daemon [_thread_blocked, id=7888, stack(0x000000a327200000,0x000000a327300000)]
  0x000002039f8b9800 JavaThread "Thread-3" daemon [_thread_in_native, id=5536, stack(0x000000a326e00000,0x000000a326f00000)]
  0x000002039f8b6000 JavaThread "JavaFX-Launcher" [_thread_blocked, id=8836, stack(0x000000a326f00000,0x000000a327000000)]
  0x000002039f73b000 JavaThread "JavaFX Application Thread" [_thread_in_native, id=3932, stack(0x000000a326900000,0x000000a326a00000)]
  0x000002039f739800 JavaThread "Thread-1" daemon [_thread_blocked, id=6632, stack(0x000000a326800000,0x000000a326900000)]
  0x000002039f704800 JavaThread "QuantumRenderer-0" daemon [_thread_blocked, id=5228, stack(0x000000a326600000,0x000000a326700000)]
  0x000002039f325800 JavaThread "Service Thread" daemon [_thread_blocked, id=9388, stack(0x000000a326400000,0x000000a326500000)]
  0x000002039f317000 JavaThread "C1 CompilerThread2" daemon [_thread_blocked, id=9460, stack(0x000000a326300000,0x000000a326400000)]
  0x000002039f2be000 JavaThread "C2 CompilerThread1" daemon [_thread_blocked, id=2208, stack(0x000000a326200000,0x000000a326300000)]
  0x000002039f2bc800 JavaThread "C2 CompilerThread0" daemon [_thread_blocked, id=7236, stack(0x000000a326100000,0x000000a326200000)]
  0x000002039e7aa000 JavaThread "Monitor Ctrl-Break" daemon [_thread_in_native, id=5372, stack(0x000000a326000000,0x000000a326100000)]
  0x000002039e6ac800 JavaThread "Attach Listener" daemon [_thread_blocked, id=4768, stack(0x000000a325f00000,0x000000a326000000)]
  0x000002039e6ab800 JavaThread "Signal Dispatcher" daemon [_thread_blocked, id=4340, stack(0x000000a325e00000,0x000000a325f00000)]
  0x000002039df5b000 JavaThread "Finalizer" daemon [_thread_blocked, id=4020, stack(0x000000a325d00000,0x000000a325e00000)]
  0x000002039e686000 JavaThread "Reference Handler" daemon [_thread_blocked, id=7772, stack(0x000000a325c00000,0x000000a325d00000)]
  0x000002038a57a000 JavaThread "main" [_thread_blocked, id=3040, stack(0x000000a325600000,0x000000a325700000)]

Other Threads:
  0x000002039e661800 VMThread [stack: 0x000000a325b00000,0x000000a325c00000] [id=6872]
  0x000002039f3b8000 WatcherThread [stack: 0x000000a326500000,0x000000a326600000] [id=8792]

VM state:not at safepoint (normal execution)

VM Mutex/Monitor currently owned by a thread: None

heap address: 0x00000000c1e00000, size: 994 MB, Compressed Oops mode: 32-bit
Narrow klass base: 0x0000000000000000, Narrow klass shift: 3
Compressed class space size: 1073741824 Address: 0x0000000100000000

Heap:
 PSYoungGen      total 26112K, used 14343K [0x00000000eb500000, 0x00000000ed900000, 0x0000000100000000)
  eden space 16384K, 45% used [0x00000000eb500000,0x00000000ebc4bc68,0x00000000ec500000)
  from space 9728K, 70% used [0x00000000ec500000,0x00000000ecbb6110,0x00000000ece80000)
  to   space 10240K, 0% used [0x00000000ecf00000,0x00000000ecf00000,0x00000000ed900000)
 ParOldGen       total 36864K, used 13341K [0x00000000c1e00000, 0x00000000c4200000, 0x00000000eb500000)
  object space 36864K, 36% used [0x00000000c1e00000,0x00000000c2b07748,0x00000000c4200000)
 Metaspace       used 30293K, capacity 31692K, committed 32000K, reserved 1077248K
  class space    used 4218K, capacity 4513K, committed 4608K, reserved 1048576K

Card table byte_map: [0x000002039b1e0000,0x000002039b3e0000] byte_map_base: 0x000002039abd1000

Marking Bits: (ParMarkBitMap*) 0x0000000061bd4fb0
 Begin Bits: [0x000002039b530000, 0x000002039c4b8000)
 End Bits:   [0x000002039c4b8000, 0x000002039d440000)

Polling page: 0x000002038a7d0000

CodeCache: size=245760Kb used=11797Kb max_used=11956Kb free=233962Kb
 bounds [0x000002038be20000, 0x000002038c9f0000, 0x000002039ae20000]
 total_blobs=4590 nmethods=3746 adapters=756
 compilation: enabled

Compilation events (10 events):
Event: 29.214 Thread 0x000002039f2be000 4141       4       sun.awt.AWTAutoShutdown::isReadyToShutdown (37 bytes)
Event: 29.216 Thread 0x000002039f2be000 nmethod 4141 0x000002038c56d4d0 code [0x000002038c56d620, 0x000002038c56d6d8]
Event: 30.715 Thread 0x000002039f317000 4142       3       java.util.jar.JarFile::maybeInstantiateVerifier (96 bytes)
Event: 30.716 Thread 0x000002039f317000 nmethod 4142 0x000002038c4e1510 code [0x000002038c4e1740, 0x000002038c4e23f0]
Event: 30.722 Thread 0x000002039f317000 4143       3       java.security.CodeSource::matchCerts (254 bytes)
Event: 30.725 Thread 0x000002039f317000 nmethod 4143 0x000002038c662490 code [0x000002038c6626a0, 0x000002038c663200]
Event: 30.740 Thread 0x000002039f317000 4144       3       java.lang.Class::getConstructor (16 bytes)
Event: 30.741 Thread 0x000002039f317000 nmethod 4144 0x000002038c65e650 code [0x000002038c65e7e0, 0x000002038c65e9f0]
Event: 30.743 Thread 0x000002039f317000 4145       1       java.security.Provider$Service::getProvider (5 bytes)
Event: 30.743 Thread 0x000002039f317000 nmethod 4145 0x000002038c74abd0 code [0x000002038c74ad20, 0x000002038c74ae38]

GC Heap History (10 events):
Event: 9.666 GC heap before
{Heap before GC invocations=4 (full 0):
 PSYoungGen      total 18944K, used 18928K [0x00000000eb500000, 0x00000000eca00000, 0x0000000100000000)
  eden space 16384K, 100% used [0x00000000eb500000,0x00000000ec500000,0x00000000ec500000)
  from space 2560K, 99% used [0x00000000ec500000,0x00000000ec77c050,0x00000000ec780000)
  to   space 2560K, 0% used [0x00000000ec780000,0x00000000ec780000,0x00000000eca00000)
 ParOldGen       total 44032K, used 7407K [0x00000000c1e00000, 0x00000000c4900000, 0x00000000eb500000)
  object space 44032K, 16% used [0x00000000c1e00000,0x00000000c253be68,0x00000000c4900000)
 Metaspace       used 19738K, capacity 20522K, committed 20736K, reserved 1067008K
  class space    used 2825K, capacity 3036K, committed 3072K, reserved 1048576K
Event: 9.674 GC heap after
Heap after GC invocations=4 (full 0):
 PSYoungGen      total 18944K, used 2544K [0x00000000eb500000, 0x00000000eca00000, 0x0000000100000000)
  eden space 16384K, 0% used [0x00000000eb500000,0x00000000eb500000,0x00000000ec500000)
  from space 2560K, 99% used [0x00000000ec780000,0x00000000ec9fc030,0x00000000eca00000)
  to   space 2560K, 0% used [0x00000000ec500000,0x00000000ec500000,0x00000000ec780000)
 ParOldGen       total 44032K, used 11904K [0x00000000c1e00000, 0x00000000c4900000, 0x00000000eb500000)
  object space 44032K, 27% used [0x00000000c1e00000,0x00000000c29a00b0,0x00000000c4900000)
 Metaspace       used 19738K, capacity 20522K, committed 20736K, reserved 1067008K
  class space    used 2825K, capacity 3036K, committed 3072K, reserved 1048576K
}
Event: 11.043 GC heap before
{Heap before GC invocations=5 (full 0):
 PSYoungGen      total 18944K, used 6588K [0x00000000eb500000, 0x00000000eca00000, 0x0000000100000000)
  eden space 16384K, 24% used [0x00000000eb500000,0x00000000eb8f3158,0x00000000ec500000)
  from space 2560K, 99% used [0x00000000ec780000,0x00000000ec9fc030,0x00000000eca00000)
  to   space 2560K, 0% used [0x00000000ec500000,0x00000000ec500000,0x00000000ec780000)
 ParOldGen       total 44032K, used 11904K [0x00000000c1e00000, 0x00000000c4900000, 0x00000000eb500000)
  object space 44032K, 27% used [0x00000000c1e00000,0x00000000c29a00b0,0x00000000c4900000)
 Metaspace       used 20371K, capacity 21134K, committed 21296K, reserved 1067008K
  class space    used 2868K, capacity 3080K, committed 3200K, reserved 1048576K
Event: 11.051 GC heap after
Heap after GC invocations=5 (full 0):
 PSYoungGen      total 18944K, used 2528K [0x00000000eb500000, 0x00000000ed800000, 0x0000000100000000)
  eden space 16384K, 0% used [0x00000000eb500000,0x00000000eb500000,0x00000000ec500000)
  from space 2560K, 98% used [0x00000000ec500000,0x00000000ec778020,0x00000000ec780000)
  to   space 9728K, 0% used [0x00000000ece80000,0x00000000ece80000,0x00000000ed800000)
 ParOldGen       total 44032K, used 12637K [0x00000000c1e00000, 0x00000000c4900000, 0x00000000eb500000)
  object space 44032K, 28% used [0x00000000c1e00000,0x00000000c2a575d0,0x00000000c4900000)
 Metaspace       used 20371K, capacity 21134K, committed 21296K, reserved 1067008K
  class space    used 2868K, capacity 3080K, committed 3200K, reserved 1048576K
}
Event: 11.051 GC heap before
{Heap before GC invocations=6 (full 1):
 PSYoungGen      total 18944K, used 2528K [0x00000000eb500000, 0x00000000ed800000, 0x0000000100000000)
  eden space 16384K, 0% used [0x00000000eb500000,0x00000000eb500000,0x00000000ec500000)
  from space 2560K, 98% used [0x00000000ec500000,0x00000000ec778020,0x00000000ec780000)
  to   space 9728K, 0% used [0x00000000ece80000,0x00000000ece80000,0x00000000ed800000)
 ParOldGen       total 44032K, used 12637K [0x00000000c1e00000, 0x00000000c4900000, 0x00000000eb500000)
  object space 44032K, 28% used [0x00000000c1e00000,0x00000000c2a575d0,0x00000000c4900000)
 Metaspace       used 20371K, capacity 21134K, committed 21296K, reserved 1067008K
  class space    used 2868K, capacity 3080K, committed 3200K, reserved 1048576K
Event: 11.094 GC heap after
Heap after GC invocations=6 (full 1):
 PSYoungGen      total 18944K, used 0K [0x00000000eb500000, 0x00000000ed800000, 0x0000000100000000)
  eden space 16384K, 0% used [0x00000000eb500000,0x00000000eb500000,0x00000000ec500000)
  from space 2560K, 0% used [0x00000000ec500000,0x00000000ec500000,0x00000000ec780000)
  to   space 9728K, 0% used [0x00000000ece80000,0x00000000ece80000,0x00000000ed800000)
 ParOldGen       total 36864K, used 13325K [0x00000000c1e00000, 0x00000000c4200000, 0x00000000eb500000)
  object space 36864K, 36% used [0x00000000c1e00000,0x00000000c2b03748,0x00000000c4200000)
 Metaspace       used 20371K, capacity 21134K, committed 21296K, reserved 1067008K
  class space    used 2868K, capacity 3080K, committed 3200K, reserved 1048576K
}
Event: 11.600 GC heap before
{Heap before GC invocations=7 (full 1):
 PSYoungGen      total 18944K, used 13623K [0x00000000eb500000, 0x00000000ed800000, 0x0000000100000000)
  eden space 16384K, 83% used [0x00000000eb500000,0x00000000ec24dcf8,0x00000000ec500000)
  from space 2560K, 0% used [0x00000000ec500000,0x00000000ec500000,0x00000000ec780000)
  to   space 9728K, 0% used [0x00000000ece80000,0x00000000ece80000,0x00000000ed800000)
 ParOldGen       total 36864K, used 13325K [0x00000000c1e00000, 0x00000000c4200000, 0x00000000eb500000)
  object space 36864K, 36% used [0x00000000c1e00000,0x00000000c2b03748,0x00000000c4200000)
 Metaspace       used 22506K, capacity 23882K, committed 24064K, reserved 1069056K
  class space    used 3243K, capacity 3524K, committed 3584K, reserved 1048576K
Event: 11.605 GC heap after
Heap after GC invocations=7 (full 1):
 PSYoungGen      total 26112K, used 2141K [0x00000000eb500000, 0x00000000ee200000, 0x0000000100000000)
  eden space 16384K, 0% used [0x00000000eb500000,0x00000000eb500000,0x00000000ec500000)
  from space 9728K, 22% used [0x00000000ece80000,0x00000000ed0975f8,0x00000000ed800000)
  to   space 9728K, 0% used [0x00000000ec500000,0x00000000ec500000,0x00000000ece80000)
 ParOldGen       total 36864K, used 13333K [0x00000000c1e00000, 0x00000000c4200000, 0x00000000eb500000)
  object space 36864K, 36% used [0x00000000c1e00000,0x00000000c2b05748,0x00000000c4200000)
 Metaspace       used 22506K, capacity 23882K, committed 24064K, reserved 1069056K
  class space    used 3243K, capacity 3524K, committed 3584K, reserved 1048576K
}
Event: 16.987 GC heap before
{Heap before GC invocations=8 (full 1):
 PSYoungGen      total 26112K, used 18525K [0x00000000eb500000, 0x00000000ee200000, 0x0000000100000000)
  eden space 16384K, 100% used [0x00000000eb500000,0x00000000ec500000,0x00000000ec500000)
  from space 9728K, 22% used [0x00000000ece80000,0x00000000ed0975f8,0x00000000ed800000)
  to   space 9728K, 0% used [0x00000000ec500000,0x00000000ec500000,0x00000000ece80000)
 ParOldGen       total 36864K, used 13333K [0x00000000c1e00000, 0x00000000c4200000, 0x00000000eb500000)
  object space 36864K, 36% used [0x00000000c1e00000,0x00000000c2b05748,0x00000000c4200000)
 Metaspace       used 27476K, capacity 28812K, committed 29184K, reserved 1075200K
  class space    used 3819K, capacity 4091K, committed 4096K, reserved 1048576K
Event: 16.993 GC heap after
Heap after GC invocations=8 (full 1):
 PSYoungGen      total 26112K, used 6872K [0x00000000eb500000, 0x00000000ed900000, 0x0000000100000000)
  eden space 16384K, 0% used [0x00000000eb500000,0x00000000eb500000,0x00000000ec500000)
  from space 9728K, 70% used [0x00000000ec500000,0x00000000ecbb6110,0x00000000ece80000)
  to   space 10240K, 0% used [0x00000000ecf00000,0x00000000ecf00000,0x00000000ed900000)
 ParOldGen       total 36864K, used 13341K [0x00000000c1e00000, 0x00000000c4200000, 0x00000000eb500000)
  object space 36864K, 36% used [0x00000000c1e00000,0x00000000c2b07748,0x00000000c4200000)
 Metaspace       used 27476K, capacity 28812K, committed 29184K, reserved 1075200K
  class space    used 3819K, capacity 4091K, committed 4096K, reserved 1048576K
}

Deoptimization events (10 events):
Event: 16.905 Thread 0x000002039f73b000 Uncommon trap: reason=unstable_if action=reinterpret pc=0x000002038c523a74 method=java.lang.ref.SoftReference.get()Ljava/lang/Object; @ 6
Event: 16.912 Thread 0x000002039f73b000 Uncommon trap: reason=predicate action=maybe_recompile pc=0x000002038c3eee2c method=java.lang.String.regionMatches(ZILjava/lang/String;II)Z @ 63
Event: 16.974 Thread 0x000002039f73b000 Uncommon trap: reason=class_check action=maybe_recompile pc=0x000002038c756654 method=java.util.WeakHashMap.eq(Ljava/lang/Object;Ljava/lang/Object;)Z @ 7
Event: 16.986 Thread 0x000002039f73b000 Uncommon trap: reason=class_check action=maybe_recompile pc=0x000002038c756654 method=java.util.WeakHashMap.eq(Ljava/lang/Object;Ljava/lang/Object;)Z @ 7
Event: 16.986 Thread 0x000002039f73b000 Uncommon trap: reason=class_check action=maybe_recompile pc=0x000002038c756654 method=java.util.WeakHashMap.eq(Ljava/lang/Object;Ljava/lang/Object;)Z @ 7
Event: 17.036 Thread 0x000002039fe91000 Uncommon trap: reason=class_check action=maybe_recompile pc=0x000002038c756654 method=java.util.WeakHashMap.eq(Ljava/lang/Object;Ljava/lang/Object;)Z @ 7
Event: 17.038 Thread 0x000002039f704800 Uncommon trap: reason=unstable_if action=reinterpret pc=0x000002038c94ac70 method=com.sun.prism.impl.ManagedResource._isgone(Lcom/sun/prism/impl/ManagedResource;)Z @ 1
Event: 17.100 Thread 0x000002039fe8c800 Uncommon trap: reason=bimorphic action=maybe_recompile pc=0x000002038c29bc04 method=java.util.HashMap.putVal(ILjava/lang/Object;Ljava/lang/Object;ZZ)Ljava/lang/Object; @ 203
Event: 17.100 Thread 0x000002039fe8c800 Uncommon trap: reason=bimorphic action=maybe_recompile pc=0x000002038c29bc04 method=java.util.HashMap.putVal(ILjava/lang/Object;Ljava/lang/Object;ZZ)Ljava/lang/Object; @ 203
Event: 17.100 Thread 0x000002039fe8c800 Uncommon trap: reason=bimorphic action=maybe_recompile pc=0x000002038c29bc04 method=java.util.HashMap.putVal(ILjava/lang/Object;Ljava/lang/Object;ZZ)Ljava/lang/Object; @ 203

Classes redefined (0 events):
No events

Internal exceptions (10 events):
Event: 2.441 Thread 0x000002039f73b000 Exception <a 'java/lang/ArrayIndexOutOfBoundsException'> (0x00000000ebe7c160) thrown at [C:\jenkins\workspace\8-2-build-windows-amd64-cygwin\jdk8u261\295\hotspot\src\share\vm\runtime\sharedRuntime.cpp, line 605]
Event: 2.967 Thread 0x000002039f73b000 Implicit null exception at 0x000002038c196035 to 0x000002038c196245
Event: 9.501 Thread 0x000002039f73b000 Exception <a 'java/lang/ArrayIndexOutOfBoundsException'> (0x00000000ec24bfa8) thrown at [C:\jenkins\workspace\8-2-build-windows-amd64-cygwin\jdk8u261\295\hotspot\src\share\vm\runtime\sharedRuntime.cpp, line 605]
Event: 9.501 Thread 0x000002039f73b000 Exception <a 'java/lang/ArrayIndexOutOfBoundsException'> (0x00000000ec24d608) thrown at [C:\jenkins\workspace\8-2-build-windows-amd64-cygwin\jdk8u261\295\hotspot\src\share\vm\runtime\sharedRuntime.cpp, line 605]
Event: 9.698 Thread 0x000002039f73b000 Exception <a 'java/io/FileNotFoundException'> (0x00000000eb5a2c68) thrown at [C:\jenkins\workspace\8-2-build-windows-amd64-cygwin\jdk8u261\295\hotspot\src\share\vm\prims\jni.cpp, line 710]
Event: 11.163 Thread 0x000002039f73b000 Exception <a 'java/lang/ArrayIndexOutOfBoundsException': 78> (0x00000000eb764620) thrown at [C:\jenkins\workspace\8-2-build-windows-amd64-cygwin\jdk8u261\295\hotspot\src\share\vm\interpreter\interpreterRuntime.cpp, line 368]
Event: 11.166 Thread 0x000002039f73b000 Exception <a 'java/lang/ArrayIndexOutOfBoundsException': 75> (0x00000000eb777e38) thrown at [C:\jenkins\workspace\8-2-build-windows-amd64-cygwin\jdk8u261\295\hotspot\src\share\vm\interpreter\interpreterRuntime.cpp, line 368]
Event: 16.734 Thread 0x000002039f73b000 Exception <a 'java/io/FileNotFoundException'> (0x00000000ec21c248) thrown at [C:\jenkins\workspace\8-2-build-windows-amd64-cygwin\jdk8u261\295\hotspot\src\share\vm\prims\jni.cpp, line 710]
Event: 16.843 Thread 0x000002039f73b000 Exception <a 'java/io/FileNotFoundException'> (0x00000000ec3844e0) thrown at [C:\jenkins\workspace\8-2-build-windows-amd64-cygwin\jdk8u261\295\hotspot\src\share\vm\prims\jni.cpp, line 710]
Event: 17.038 Thread 0x000002039f704800 Implicit null exception at 0x000002038c94abec to 0x000002038c94ac61

Events (10 events):
Event: 30.741 loading class com/digitalpersona/uareu/dpfj/FmdImpl
Event: 30.741 loading class com/digitalpersona/uareu/dpfj/FmdImpl done
Event: 30.742 loading class com/digitalpersona/uareu/Fmd$Fmv
Event: 30.742 loading class com/digitalpersona/uareu/Fmd$Fmv done
Event: 30.743 loading class com/digitalpersona/uareu/dpfj/FmdImpl$FmvImpl
Event: 30.743 loading class com/digitalpersona/uareu/dpfj/FmdImpl$FmvImpl done
Event: 30.759 loading class com/digitalpersona/uareu/Engine$Candidate
Event: 30.760 loading class com/digitalpersona/uareu/Engine$Candidate done
Event: 30.760 loading class com/digitalpersona/uareu/jni/Dpfj$IntReference
Event: 30.760 loading class com/digitalpersona/uareu/jni/Dpfj$IntReference done


Dynamic libraries:
0x00007ff7e7300000 - 0x00007ff7e7347000 	C:\Program Files\Java\jdk1.8.0_261\bin\java.exe
0x00007fff85d10000 - 0x00007fff85f05000 	C:\WINDOWS\SYSTEM32\ntdll.dll
0x00007fff83e50000 - 0x00007fff83f0d000 	C:\WINDOWS\System32\KERNEL32.DLL
0x00007fff83740000 - 0x00007fff83a07000 	C:\WINDOWS\System32\KERNELBASE.dll
0x00007fff85400000 - 0x00007fff854aa000 	C:\WINDOWS\System32\ADVAPI32.dll
0x00007fff84650000 - 0x00007fff846ee000 	C:\WINDOWS\System32\msvcrt.dll
0x00007fff852a0000 - 0x00007fff8533b000 	C:\WINDOWS\System32\sechost.dll
0x00007fff84fc0000 - 0x00007fff850e3000 	C:\WINDOWS\System32\RPCRT4.dll
0x00007fff84c40000 - 0x00007fff84de0000 	C:\WINDOWS\System32\USER32.dll
0x00007fff83a90000 - 0x00007fff83ab2000 	C:\WINDOWS\System32\win32u.dll
0x00007fff84f90000 - 0x00007fff84fba000 	C:\WINDOWS\System32\GDI32.dll
0x00007fff83460000 - 0x00007fff8356a000 	C:\WINDOWS\System32\gdi32full.dll
0x00007fff83570000 - 0x00007fff8360d000 	C:\WINDOWS\System32\msvcp_win.dll
0x00007fff83c80000 - 0x00007fff83d80000 	C:\WINDOWS\System32\ucrtbase.dll
0x00007fff82860000 - 0x00007fff82afa000 	C:\WINDOWS\WinSxS\amd64_microsoft.windows.common-controls_6595b64144ccf1df_6.0.19041.1_none_b555e41d4684ddec\COMCTL32.dll
0x00007fff84de0000 - 0x00007fff84e10000 	C:\WINDOWS\System32\IMM32.DLL
0x00007fff819c0000 - 0x00007fff819d5000 	C:\Program Files\Java\jdk1.8.0_261\jre\bin\vcruntime140.dll
0x00007fff7e5e0000 - 0x00007fff7e67b000 	C:\Program Files\Java\jdk1.8.0_261\jre\bin\msvcp140.dll
0x00000000613e0000 - 0x0000000061c4c000 	C:\Program Files\Java\jdk1.8.0_261\jre\bin\server\jvm.dll
0x00007fff84570000 - 0x00007fff84578000 	C:\WINDOWS\System32\PSAPI.DLL
0x00007fff64370000 - 0x00007fff64379000 	C:\WINDOWS\SYSTEM32\WSOCK32.dll
0x00007fff845e0000 - 0x00007fff8464b000 	C:\WINDOWS\System32\WS2_32.dll
0x00007fff76b90000 - 0x00007fff76bb7000 	C:\WINDOWS\SYSTEM32\WINMM.dll
0x00007fff76e90000 - 0x00007fff76e9a000 	C:\WINDOWS\SYSTEM32\VERSION.dll
0x00007fff80610000 - 0x00007fff80623000 	C:\WINDOWS\SYSTEM32\kernel.appcore.dll
0x00007fff81990000 - 0x00007fff819a0000 	C:\Program Files\Java\jdk1.8.0_261\jre\bin\verify.dll
0x00007fff817b0000 - 0x00007fff817db000 	C:\Program Files\Java\jdk1.8.0_261\jre\bin\java.dll
0x00007fff680f0000 - 0x00007fff68122000 	C:\Program Files\Java\jdk1.8.0_261\jre\bin\instrument.dll
0x00007fff81790000 - 0x00007fff817a8000 	C:\Program Files\Java\jdk1.8.0_261\jre\bin\zip.dll
0x00007fff854b0000 - 0x00007fff85bf0000 	C:\WINDOWS\System32\SHELL32.dll
0x00007fff80810000 - 0x00007fff80fa1000 	C:\WINDOWS\SYSTEM32\windows.storage.dll
0x00007fff846f0000 - 0x00007fff84a43000 	C:\WINDOWS\System32\combase.dll
0x00007fff827f0000 - 0x00007fff8281c000 	C:\WINDOWS\SYSTEM32\Wldp.dll
0x00007fff85c20000 - 0x00007fff85cce000 	C:\WINDOWS\System32\SHCORE.dll
0x00007fff84f30000 - 0x00007fff84f85000 	C:\WINDOWS\System32\shlwapi.dll
0x00007fff833a0000 - 0x00007fff833bf000 	C:\WINDOWS\SYSTEM32\profapi.dll
0x00007fff7dd70000 - 0x00007fff7dd8a000 	C:\Program Files\JetBrains\IntelliJ IDEA 2020.1.4\bin\breakgen64.dll
0x00007fff7da80000 - 0x00007fff7da9c000 	C:\Program Files\Java\jdk1.8.0_261\jre\bin\net.dll
0x00007fff82570000 - 0x00007fff825da000 	C:\WINDOWS\system32\mswsock.dll
0x000002039f680000 - 0x000002039f683000 	C:\Program Files\Java\jdk1.8.0_261\jre\bin\api-ms-win-core-console-l1-1-0.dll
0x000002039f690000 - 0x000002039f693000 	C:\Program Files\Java\jdk1.8.0_261\jre\bin\api-ms-win-core-datetime-l1-1-0.dll
0x000002039f6a0000 - 0x000002039f6a3000 	C:\Program Files\Java\jdk1.8.0_261\jre\bin\api-ms-win-core-debug-l1-1-0.dll
0x000002039f6b0000 - 0x000002039f6b3000 	C:\Program Files\Java\jdk1.8.0_261\jre\bin\api-ms-win-core-errorhandling-l1-1-0.dll
0x000002039f6c0000 - 0x000002039f6c4000 	C:\Program Files\Java\jdk1.8.0_261\jre\bin\api-ms-win-core-file-l1-1-0.dll
0x000002039fed0000 - 0x000002039fed3000 	C:\Program Files\Java\jdk1.8.0_261\jre\bin\api-ms-win-core-file-l1-2-0.dll
0x000002039fee0000 - 0x000002039fee3000 	C:\Program Files\Java\jdk1.8.0_261\jre\bin\api-ms-win-core-file-l2-1-0.dll
0x000002039fef0000 - 0x000002039fef3000 	C:\Program Files\Java\jdk1.8.0_261\jre\bin\api-ms-win-core-handle-l1-1-0.dll
0x000002039ff00000 - 0x000002039ff03000 	C:\Program Files\Java\jdk1.8.0_261\jre\bin\api-ms-win-core-heap-l1-1-0.dll
0x000002039ff10000 - 0x000002039ff13000 	C:\Program Files\Java\jdk1.8.0_261\jre\bin\api-ms-win-core-interlocked-l1-1-0.dll
0x000002039ff20000 - 0x000002039ff23000 	C:\Program Files\Java\jdk1.8.0_261\jre\bin\api-ms-win-core-libraryloader-l1-1-0.dll
0x000002039ff30000 - 0x000002039ff33000 	C:\Program Files\Java\jdk1.8.0_261\jre\bin\api-ms-win-core-localization-l1-2-0.dll
0x000002039ff40000 - 0x000002039ff43000 	C:\Program Files\Java\jdk1.8.0_261\jre\bin\api-ms-win-core-memory-l1-1-0.dll
0x000002039ff50000 - 0x000002039ff53000 	C:\Program Files\Java\jdk1.8.0_261\jre\bin\api-ms-win-core-namedpipe-l1-1-0.dll
0x000002039ff60000 - 0x000002039ff63000 	C:\Program Files\Java\jdk1.8.0_261\jre\bin\api-ms-win-core-processenvironment-l1-1-0.dll
0x000002039ff70000 - 0x000002039ff73000 	C:\Program Files\Java\jdk1.8.0_261\jre\bin\api-ms-win-core-processthreads-l1-1-0.dll
0x000002039ff80000 - 0x000002039ff83000 	C:\Program Files\Java\jdk1.8.0_261\jre\bin\api-ms-win-core-processthreads-l1-1-1.dll
0x000002039ff90000 - 0x000002039ff93000 	C:\Program Files\Java\jdk1.8.0_261\jre\bin\api-ms-win-core-profile-l1-1-0.dll
0x000002039ffa0000 - 0x000002039ffa3000 	C:\Program Files\Java\jdk1.8.0_261\jre\bin\api-ms-win-core-rtlsupport-l1-1-0.dll
0x000002039ffb0000 - 0x000002039ffb3000 	C:\Program Files\Java\jdk1.8.0_261\jre\bin\api-ms-win-core-string-l1-1-0.dll
0x000002039ffc0000 - 0x000002039ffc3000 	C:\Program Files\Java\jdk1.8.0_261\jre\bin\api-ms-win-core-synch-l1-1-0.dll
0x000002039ffd0000 - 0x000002039ffd3000 	C:\Program Files\Java\jdk1.8.0_261\jre\bin\api-ms-win-core-synch-l1-2-0.dll
0x000002039ffe0000 - 0x000002039ffe3000 	C:\Program Files\Java\jdk1.8.0_261\jre\bin\api-ms-win-core-sysinfo-l1-1-0.dll
0x000002039fff0000 - 0x000002039fff3000 	C:\Program Files\Java\jdk1.8.0_261\jre\bin\api-ms-win-core-timezone-l1-1-0.dll
0x00000203a0000000 - 0x00000203a0003000 	C:\Program Files\Java\jdk1.8.0_261\jre\bin\api-ms-win-core-util-l1-1-0.dll
0x00000203a0010000 - 0x00000203a0013000 	C:\Program Files\Java\jdk1.8.0_261\jre\bin\api-ms-win-crt-conio-l1-1-0.dll
0x00000203a0020000 - 0x00000203a0024000 	C:\Program Files\Java\jdk1.8.0_261\jre\bin\api-ms-win-crt-convert-l1-1-0.dll
0x00000203a0030000 - 0x00000203a0033000 	C:\Program Files\Java\jdk1.8.0_261\jre\bin\api-ms-win-crt-environment-l1-1-0.dll
0x00000203a0040000 - 0x00000203a0043000 	C:\Program Files\Java\jdk1.8.0_261\jre\bin\api-ms-win-crt-filesystem-l1-1-0.dll
0x00000203a0050000 - 0x00000203a0053000 	C:\Program Files\Java\jdk1.8.0_261\jre\bin\api-ms-win-crt-heap-l1-1-0.dll
0x00000203a0060000 - 0x00000203a0063000 	C:\Program Files\Java\jdk1.8.0_261\jre\bin\api-ms-win-crt-locale-l1-1-0.dll
0x00000203a0070000 - 0x00000203a0075000 	C:\Program Files\Java\jdk1.8.0_261\jre\bin\api-ms-win-crt-math-l1-1-0.dll
0x00000203a0080000 - 0x00000203a0085000 	C:\Program Files\Java\jdk1.8.0_261\jre\bin\api-ms-win-crt-multibyte-l1-1-0.dll
0x00000203a0090000 - 0x00000203a00a0000 	C:\Program Files\Java\jdk1.8.0_261\jre\bin\api-ms-win-crt-private-l1-1-0.dll
0x00000203a00a0000 - 0x00000203a00a3000 	C:\Program Files\Java\jdk1.8.0_261\jre\bin\api-ms-win-crt-process-l1-1-0.dll
0x00000203a00b0000 - 0x00000203a00b4000 	C:\Program Files\Java\jdk1.8.0_261\jre\bin\api-ms-win-crt-runtime-l1-1-0.dll
0x00000203a00c0000 - 0x00000203a00c4000 	C:\Program Files\Java\jdk1.8.0_261\jre\bin\api-ms-win-crt-stdio-l1-1-0.dll
0x00000203a00d0000 - 0x00000203a00d4000 	C:\Program Files\Java\jdk1.8.0_261\jre\bin\api-ms-win-crt-string-l1-1-0.dll
0x00000203a00e0000 - 0x00000203a00e3000 	C:\Program Files\Java\jdk1.8.0_261\jre\bin\api-ms-win-crt-time-l1-1-0.dll
0x00000203a00f0000 - 0x00000203a00f3000 	C:\Program Files\Java\jdk1.8.0_261\jre\bin\api-ms-win-crt-utility-l1-1-0.dll
0x00007fff63780000 - 0x00007fff6387c000 	C:\Program Files\Java\jdk1.8.0_261\jre\bin\ucrtbase.dll
0x00007fff5c140000 - 0x00007fff5c191000 	C:\Program Files\Java\jdk1.8.0_261\jre\bin\concrt140.dll
0x00007fff6cd20000 - 0x00007fff6cd43000 	C:\Program Files\Java\jdk1.8.0_261\jre\bin\prism_d3d.dll
0x00007fff57870000 - 0x00007fff57a3d000 	C:\WINDOWS\system32\d3d9.dll
0x00007fff80310000 - 0x00007fff8033f000 	C:\WINDOWS\SYSTEM32\dwmapi.dll
0x00007fff801e0000 - 0x00007fff8027f000 	C:\WINDOWS\system32\uxtheme.dll
0x00007fff49eb0000 - 0x00007fff4a91d000 	C:\WINDOWS\SYSTEM32\igdumdim64.dll
0x00007fff78170000 - 0x00007fff785d5000 	C:\WINDOWS\SYSTEM32\igdusc64.dll
0x00007fff5ad60000 - 0x00007fff5ada5000 	C:\Program Files\Java\jdk1.8.0_261\jre\bin\glass.dll
0x00007fff84b60000 - 0x00007fff84c3a000 	C:\WINDOWS\System32\COMDLG32.dll
0x00007fff84380000 - 0x00007fff844a9000 	C:\WINDOWS\System32\ole32.dll
0x00007fff83d80000 - 0x00007fff83e4d000 	C:\WINDOWS\System32\OLEAUT32.dll
0x00007fff84e10000 - 0x00007fff84f25000 	C:\WINDOWS\System32\MSCTF.dll
0x00007fff836c0000 - 0x00007fff8373f000 	C:\WINDOWS\System32\bcryptPrimitives.dll
0x00007fff83120000 - 0x00007fff83138000 	C:\WINDOWS\SYSTEM32\CRYPTSP.dll
0x00007fff81f20000 - 0x00007fff81f54000 	C:\WINDOWS\system32\rsaenh.dll
0x00007fff83a10000 - 0x00007fff83a37000 	C:\WINDOWS\System32\bcrypt.dll
0x00007fff83320000 - 0x00007fff8334e000 	C:\WINDOWS\SYSTEM32\USERENV.dll
0x00007fff82740000 - 0x00007fff8274c000 	C:\WINDOWS\SYSTEM32\CRYPTBASE.dll
0x00007fff82260000 - 0x00007fff8229b000 	C:\WINDOWS\SYSTEM32\IPHLPAPI.DLL
0x00007fff85bf0000 - 0x00007fff85bf9000 	C:\WINDOWS\System32\NSI.dll
0x00007fff780f0000 - 0x00007fff78107000 	C:\WINDOWS\SYSTEM32\dhcpcsvc6.DLL
0x00007fff780d0000 - 0x00007fff780ed000 	C:\WINDOWS\SYSTEM32\dhcpcsvc.DLL
0x00007fff822a0000 - 0x00007fff8236a000 	C:\WINDOWS\SYSTEM32\DNSAPI.dll
0x00007fff6d910000 - 0x00007fff6d923000 	C:\Program Files\Java\jdk1.8.0_261\jre\bin\nio.dll
0x0000000070400000 - 0x00000000704f7000 	C:\Users\gabri\AppData\Local\Temp\sqlite-3.23.1-ef97fa18-c76b-427c-bf0e-d04f63af79a9-sqlitejdbc.dll
0x00007fff67fa0000 - 0x00007fff67fb4000 	C:\Program Files\Java\jdk1.8.0_261\jre\bin\javafx_font.dll
0x00007fff6a160000 - 0x00007fff6a3de000 	C:\WINDOWS\SYSTEM32\dwrite.dll
0x00007fff85350000 - 0x00007fff853f8000 	C:\WINDOWS\System32\clbcatq.dll
0x00007fff7c6e0000 - 0x00007fff7c894000 	C:\WINDOWS\SYSTEM32\WindowsCodecs.dll
0x00007fff66cf0000 - 0x00007fff66d2e000 	C:\WINDOWS\system32\dataexchange.dll
0x00007fff7f560000 - 0x00007fff7f745000 	C:\WINDOWS\system32\dcomp.dll
0x00007fff7f190000 - 0x00007fff7f3f3000 	C:\WINDOWS\system32\d3d11.dll
0x00007fff81050000 - 0x00007fff81143000 	C:\WINDOWS\system32\dxgi.dll
0x00007fff7c8a0000 - 0x00007fff7caa7000 	C:\WINDOWS\system32\twinapi.appcore.dll
0x00007fff6bb40000 - 0x00007fff6bb74000 	C:\Program Files\Common Files\Microsoft Shared\Ink\rtscom.dll
0x00007fff6e4e0000 - 0x00007fff6e5dc000 	C:\WINDOWS\SYSTEM32\textinputframework.dll
0x00007fff7fad0000 - 0x00007fff7fbc2000 	C:\WINDOWS\System32\CoreMessaging.dll
0x00007fff7fbd0000 - 0x00007fff7ff2a000 	C:\WINDOWS\System32\CoreUIComponents.dll
0x00007fff82d00000 - 0x00007fff82d33000 	C:\WINDOWS\SYSTEM32\ntmarta.dll
0x00007fff7f400000 - 0x00007fff7f556000 	C:\WINDOWS\SYSTEM32\wintypes.dll
0x00007fff67ec0000 - 0x00007fff67ed2000 	C:\Program Files\Java\jdk1.8.0_261\jre\bin\prism_common.dll
0x00007fff7ebd0000 - 0x00007fff7f190000 	C:\WINDOWS\SYSTEM32\d2d1.dll
0x00007fff797a0000 - 0x00007fff79e96000 	C:\WINDOWS\SYSTEM32\D3D10Warp.dll
0x00007fff79680000 - 0x00007fff796bb000 	C:\WINDOWS\SYSTEM32\dxcore.dll
0x00007fff83a40000 - 0x00007fff83a8d000 	C:\WINDOWS\System32\cfgmgr32.dll
0x00007fff51fd0000 - 0x00007fff52164000 	C:\Program Files\Java\jdk1.8.0_261\jre\bin\awt.dll
0x00007fff80060000 - 0x00007fff800f0000 	C:\WINDOWS\SYSTEM32\apphelp.dll
0x00007fff5a620000 - 0x00007fff5a669000 	C:\Program Files\Java\jdk1.8.0_261\jre\bin\fontmanager.dll

VM Arguments:
jvm_args: -javaagent:C:\Program Files\JetBrains\IntelliJ IDEA 2020.1.4\lib\idea_rt.jar=53033:C:\Program Files\JetBrains\IntelliJ IDEA 2020.1.4\bin -Dfile.encoding=UTF-8 
java_command: Ui.Login.Main
java_class_path (initial): C:\Program Files\Java\jdk1.8.0_261\jre\lib\charsets.jar;C:\Program Files\Java\jdk1.8.0_261\jre\lib\deploy.jar;C:\Program Files\Java\jdk1.8.0_261\jre\lib\ext\access-bridge-64.jar;C:\Program Files\Java\jdk1.8.0_261\jre\lib\ext\cldrdata.jar;C:\Program Files\Java\jdk1.8.0_261\jre\lib\ext\dnsns.jar;C:\Program Files\Java\jdk1.8.0_261\jre\lib\ext\jaccess.jar;C:\Program Files\Java\jdk1.8.0_261\jre\lib\ext\jfxrt.jar;C:\Program Files\Java\jdk1.8.0_261\jre\lib\ext\localedata.jar;C:\Program Files\Java\jdk1.8.0_261\jre\lib\ext\nashorn.jar;C:\Program Files\Java\jdk1.8.0_261\jre\lib\ext\sunec.jar;C:\Program Files\Java\jdk1.8.0_261\jre\lib\ext\sunjce_provider.jar;C:\Program Files\Java\jdk1.8.0_261\jre\lib\ext\sunmscapi.jar;C:\Program Files\Java\jdk1.8.0_261\jre\lib\ext\sunpkcs11.jar;C:\Program Files\Java\jdk1.8.0_261\jre\lib\ext\zipfs.jar;C:\Program Files\Java\jdk1.8.0_261\jre\lib\javaws.jar;C:\Program Files\Java\jdk1.8.0_261\jre\lib\jce.jar;C:\Program Files\Java\jdk1.8.0_261\jre\lib\jfr.jar;C:\Program Files\Java\jdk1.8.0_261\jre\lib\jfxswt.jar;C:\Program Files\Java\jdk1.8.0_261\jre\lib\jsse.jar;C:\Program Files\Java\jdk1.8.0_261\jre\lib\management-agent.jar;C:\Program Files\Java\jdk1.8.0_261\jre\lib\plugin.jar;C:\Program Files\Java\jdk1.8.0_261\jre\lib\resources.jar;C:\Program Files\Java\jdk1.8.0_261\jre\lib\rt.jar;C:\Users\gabri\Documents\student_attendance_system\out\production\student_attendance_system;C:\Users\gabri\Documents\student_attendance_system\lib\annotations-16.0.2.jar;C:\Users\gabri\Documents\student_attendance_system\lib\controlsfx-8.40.13.jar;C:\Users\gabri\Documents\student_attendance_system\lib\fontawesomefx-fontawesome-4.7.0-1.jar;C:\Users\gabri\Documents\student_attendance_system\lib\recurrence-8.5.0.jar;C:\Users\gabri\Documents\student_attendance_system\lib\sqlite-jdbc-3.23.1.jar;C:\Users\gabri\Documents\student_attendance_system\lib\jfoenix-8.0.7.jar;C:\Users\gabri\Documents\student_attendance_system\lib\view-8.5.0.jar;C:\Users\ga
Launcher Type: SUN_STANDARD

Environment Variables:
JAVA_HOME=C:\Program Files\Java\jdk1.8.0_261
PATH=C:\Program Files (x86)\Common Files\Oracle\Java\javapath;C:\WINDOWS\system32;C:\WINDOWS;C:\WINDOWS\System32\Wbem;C:\WINDOWS\System32\WindowsPowerShell\v1.0\;C:\WINDOWS\System32\OpenSSH\;C:\Program Files\Java\jdk1.8.0_261\bin;
USERNAME=gabri
OS=Windows_NT
PROCESSOR_IDENTIFIER=Intel64 Family 6 Model 58 Stepping 9, GenuineIntel



---------------  S Y S T E M  ---------------

OS: Windows 10.0 , 64 bit Build 19041 (10.0.19041.292)

CPU:total 4 (initial active 4) (2 cores per cpu, 2 threads per core) family 6 model 58 stepping 9, cmov, cx8, fxsr, mmx, sse, sse2, sse3, ssse3, sse4.1, sse4.2, popcnt, avx, clmul, erms, ht, tsc, tscinvbit, tscinv

Memory: 4k page, physical 4070960k(501480k free), swap 9575984k(2076424k free)

vm_info: Java HotSpot(TM) 64-Bit Server VM (25.261-b12) for windows-amd64 JRE (1.8.0_261-b12), built on Jun 18 2020 06:56:32 by "" with unknown MS VC++:1916

time: Mon Sep  7 21:04:50 2020
timezone: Morocco Daylight Time
elapsed time: 30 seconds (0d 0h 0m 30s)

